----------------------------------------------------------------------
/home/jshen/program/DF/forest ../x_scaled_DF.txt 5 1 2 3 0.005 10 
----------------------------------------------------------------------
Seed = 1, MT = 2, MIN_CUT = 3, MIN_REDUCTION = 0.005, MaxT = 10.
Input file, ../x_scaled_DF.txt, has been opened.
Finished reading in data: MCV = 7, MC = 125, MD = 511.
Finished sorting.
In a descriptor, the number of same values > MC - MIN_CUT.
Sparse descriptor list (removed):
Removed 0 sparse descriptor column(s): MD = 511.

5-fold cross validation.
Finished generate a random sequence.

Model data set: active = 44, inactive = 56.
Finished the first tree, MIS = 1.
Current MIS = 2.
Current MIS = 3.
Finished all trees: NT = 4, MIS = 3.
Mnode	19	19	19	23
Node	Parent	Breakvalue	Variable	Range_low	Range_high	Variance	Num_active	Num_inactive	Deviance
0	-1	0.441181	D432	0.000775	1.000000	0.039243	44	56	59.579105
1	0	0.516787	D458	0.000000	0.998801	0.059680	44	37	48.503810
2	0	0.000000	EndOfTrD248	0.000000	0.000000	0.000000	0	19	0.000000
3	1	0.532000	D248	0.000000	1.000000	0.055678	12	27	20.909046
4	1	0.289152	D443	0.004683	1.000000	0.048221	32	10	20.023342
5	3	0.000000	EndOfTrD223	0.000000	0.000000	0.000000	0	16	0.000000
6	3	0.134146	D223	0.024390	1.000000	0.073433	12	11	13.828491
7	4	1.000000	EndOfTrD428	0.000000	0.000000	0.000000	16	0	0.000000
8	4	0.295424	D428	0.000000	1.000000	0.042486	16	10	15.046775
9	6	0.291847	D500	0.000000	1.000000	0.016855	5	11	8.631500
10	6	1.000000	EndOfTrEndOfTrD470	0.000000	0.000000	0.000000	7	0	0.000000
11	8	0.000000	EndOfTrD470	0.000000	0.000000	0.000000	0	6	0.000000
12	8	0.268434	D470	0.000000	0.605521	0.035472	16	4	8.692880
13	9	0.000000	EndOfTrEndOfTrEndOfTrD304	0.000000	0.000000	0.000000	0	9	0.000000
14	9	0.714286	EndOfTrEndOfTrD304	0.000000	0.000000	0.000000	5	2	3.637553
15	12	1.000000	EndOfTrD304	0.000000	0.000000	0.000000	13	0	0.000000
16	12	0.201834	D304	0.000000	1.000000	0.029840	3	4	4.152165
17	16	0.000000	EndOfTrEndOfTrD415	0.000000	0.000000	0.000000	0	4	0.000000
18	16	1.000000	EndOfTrD415	0.000000	0.000000	0.000000	3	0	0.000000
0	-1	0.378642	D415	0.000000	1.000000	0.030299	44	56	59.579105
1	0	0.253683	D282	0.000000	1.000000	0.035039	44	38	49.178083
2	0	0.000000	EndOfTrEndOfTrD450	0.000000	0.000000	0.000000	0	18	0.000000
3	1	0.000000	EndOfTrD450	0.000000	0.000000	0.000000	0	9	0.000000
4	1	0.774252	D450	0.000000	1.000000	0.046931	44	29	42.602218
5	4	0.451083	D462	0.000000	0.847355	0.025756	42	17	30.772334
6	4	0.793928	D467	0.000000	1.000000	0.041065	2	12	4.987115
7	5	0.110465	D467	0.000000	1.000000	0.041065	42	12	24.845236
8	5	0.000000	EndOfTrEndOfTrEndOfTrEndOfTrD592	0.000000	0.000000	0.000000	0	5	0.000000
9	6	0.000000	EndOfTrEndOfTrEndOfTrD592	0.000000	0.000000	0.000000	0	11	0.000000
10	6	0.666667	EndOfTrEndOfTrD592	0.000000	0.000000	0.000000	2	1	1.658608
11	7	0.000000	EndOfTrD592	0.000000	0.000000	0.000000	0	4	0.000000
12	7	0.709226	D592	0.016071	1.000000	0.019939	42	8	19.094620
13	12	0.970588	EndOfTrD513	0.000000	0.000000	0.000000	33	1	3.918646
14	12	0.373112	D513	0.000000	1.000000	0.036840	9	7	9.524102
15	14	0.000000	EndOfTrD492	0.000000	0.000000	0.000000	0	5	0.000000
16	14	0.229996	D492	0.000000	1.000000	0.012910	9	2	4.530154
17	16	1.000000	EndOfTrEndOfTrD231	0.000000	0.000000	0.000000	8	0	0.000000
18	16	0.333333	EndOfTrD231	0.000000	0.000000	0.000000	1	2	1.658608
0	-1	0.374371	D231	0.000000	1.000000	0.031374	44	56	59.579105
1	0	0.257059	D491	0.000000	0.980000	0.032138	44	38	49.178083
2	0	0.000000	EndOfTrEndOfTrD281	0.000000	0.000000	0.000000	0	18	0.000000
3	1	0.000000	EndOfTrD281	0.000000	0.000000	0.000000	0	7	0.000000
4	1	0.779352	D281	0.000000	1.000000	0.028862	44	31	44.170929
5	4	0.208333	D127	0.000000	1.000000	0.031297	44	24	38.347237
6	4	0.000000	EndOfTrEndOfTrD274	0.000000	0.000000	0.000000	0	7	0.000000
7	5	1.000000	EndOfTrD274	0.000000	0.000000	0.000000	13	0	0.000000
8	5	0.674915	D274	0.000000	1.000000	0.031770	31	24	32.725331
9	8	0.224616	D242	0.000000	1.000000	0.038276	6	17	11.466402
10	8	0.107050	D162	0.000000	1.000000	0.023074	25	7	14.601226
11	9	0.436098	D459	0.000000	1.000000	0.039282	6	4	5.845705
12	9	0.000000	EndOfTrEndOfTrD594	0.000000	0.000000	0.000000	0	13	0.000000
13	10	1.000000	EndOfTrD594	0.000000	0.000000	0.000000	18	0	0.000000
14	10	0.844588	D594	0.000000	1.000000	0.048801	7	7	8.428840
15	11	0.000000	EndOfTrEndOfTrEndOfTrEndOfTrD419	0.000000	0.000000	0.000000	0	4	0.000000
16	11	1.000000	EndOfTrEndOfTrEndOfTrD419	0.000000	0.000000	0.000000	6	0	0.000000
17	14	0.142857	EndOfTrEndOfTrD419	0.000000	0.000000	0.000000	1	6	2.493558
18	14	0.857143	EndOfTrD419	0.000000	0.000000	0.000000	6	1	2.493558
0	-1	0.451686	D419	0.012140	1.000000	0.041475	44	56	59.579105
1	0	0.288251	D288	0.000000	1.000000	0.055540	44	38	49.178083
2	0	0.000000	EndOfTrEndOfTrD283	0.000000	0.000000	0.000000	0	18	0.000000
3	1	0.000000	EndOfTrD283	0.000000	0.000000	0.000000	0	8	0.000000
4	1	0.820542	D283	0.000000	1.000000	0.029096	44	30	43.395184
5	4	0.128599	D518	0.000000	1.000000	0.019897	44	23	37.430708
6	4	0.000000	EndOfTrD238	0.000000	0.000000	0.000000	0	7	0.000000
7	5	0.079967	D238	0.000000	1.000000	0.039211	30	5	12.467788
8	5	0.639771	D279	0.000000	1.000000	0.034167	14	18	19.048203
9	7	0.250000	D729	0.000000	1.000000	0.090177	2	4	3.317215
10	7	0.965517	EndOfTrEndOfTrD574	0.000000	0.000000	0.000000	28	1	3.778234
11	8	0.000000	EndOfTrD574	0.000000	0.000000	0.000000	0	8	0.000000
12	8	0.515370	D574	0.000000	1.000000	0.040278	14	10	14.158555
13	9	0.666667	EndOfTrEndOfTrD261	0.000000	0.000000	0.000000	2	1	1.658608
14	9	0.000000	EndOfTrD261	0.000000	0.000000	0.000000	0	3	0.000000
15	12	0.874700	D261	0.000000	1.000000	0.026369	7	10	10.003891
16	12	1.000000	EndOfTrEndOfTrD582	0.000000	0.000000	0.000000	7	0	0.000000
17	15	0.000000	EndOfTrD582	0.000000	0.000000	0.000000	0	6	0.000000
18	15	0.490113	D582	0.012241	1.000000	0.041242	7	4	6.262787
19	18	1.000000	EndOfTrD507	0.000000	0.000000	0.000000	5	0	0.000000
20	18	0.396787	D507	0.000000	1.000000	0.027128	2	4	3.317215
21	20	0.000000	EndOfTrEndOfTree	0.000000	0.000000	0.000000	0	3	0.000000
22	20	0.666667	EndOfTree	0.000000	0.000000	0.000000	2	1	1.658608
Finished fold 1: ncu = 100.

Model data set: active = 51, inactive = 49.
Finished the first tree, MIS = 2.
Current MIS = 3.
Finished all trees: NT = 4, MIS = 3.
Mnode	21	19	23	21
Node	Parent	Breakvalue	Variable	Range_low	Range_high	Variance	Num_active	Num_inactive	Deviance
0	-1	0.441181	D432	0.000000	0.989184	0.033132	51	49	60.188626
1	0	0.612221	D361	0.000000	1.000000	0.044994	51	33	48.884842
2	0	0.000000	EndOfTrD293	0.000000	0.000000	0.000000	0	16	0.000000
3	1	0.222678	D293	0.000000	1.000000	0.061380	51	24	40.836892
4	1	0.000000	EndOfTrEndOfTrD238	0.000000	0.000000	0.000000	0	9	0.000000
5	3	0.000000	EndOfTrD238	0.000000	0.000000	0.000000	0	5	0.000000
6	3	0.079967	D238	0.000000	1.000000	0.025451	51	19	35.548931
7	6	0.125000	EndOfTrD486	0.000000	0.000000	0.000000	1	7	2.618067
8	6	0.146655	D486	0.000000	1.000000	0.022182	50	12	26.459219
9	8	0.319378	D149	0.000000	1.000000	0.029537	40	4	11.642556
10	8	0.602227	D281	0.176113	1.000000	0.035994	10	8	10.740370
11	9	1.000000	EndOfTrD501	0.000000	0.000000	0.000000	30	0	0.000000
12	9	0.396850	D501	0.000000	0.914714	0.025288	10	4	7.275105
13	10	0.000000	EndOfTrD250	0.000000	0.000000	0.000000	0	5	0.000000
14	10	0.590909	D250	0.000000	1.000000	0.038310	10	3	6.099800
15	12	0.909091	EndOfTrEndOfTrEndOfTrD487	0.000000	0.000000	0.000000	10	1	2.910639
16	12	0.000000	EndOfTrEndOfTrD487	0.000000	0.000000	0.000000	0	3	0.000000
17	14	1.000000	EndOfTrD487	0.000000	0.000000	0.000000	7	0	0.000000
18	14	0.326722	D487	0.000000	1.000000	0.037052	3	3	3.612360
19	18	1.000000	EndOfTrEndOfTrD213	0.000000	0.000000	0.000000	3	0	0.000000
20	18	0.000000	EndOfTrD213	0.000000	0.000000	0.000000	0	3	0.000000
0	-1	0.413453	D213	0.000000	0.926521	0.027173	51	49	60.188626
1	0	0.177649	D467	0.000000	1.000000	0.043260	51	33	48.884842
2	0	0.000000	EndOfTrEndOfTrD355	0.000000	0.000000	0.000000	0	16	0.000000
3	1	0.000000	EndOfTrD355	0.000000	0.000000	0.000000	0	8	0.000000
4	1	0.191153	D355	0.000000	1.000000	0.048759	51	25	41.814508
5	4	0.950000	EndOfTrD524	0.000000	0.000000	0.000000	19	1	3.448563
6	4	0.331633	D524	0.000000	0.918367	0.055949	32	24	33.217321
7	6	0.000000	EndOfTrD507	0.000000	0.000000	0.000000	0	8	0.000000
8	6	0.537975	D507	0.090068	0.829601	0.043426	32	16	26.537721
9	8	0.674915	D274	0.117288	1.000000	0.033701	32	12	22.393887
10	8	0.000000	EndOfTrD242	0.000000	0.000000	0.000000	0	4	0.000000
11	9	0.224616	D242	0.000000	1.000000	0.028968	10	11	12.622571
12	9	0.956522	EndOfTrD455	0.000000	0.000000	0.000000	22	1	3.572883
13	11	0.474614	D455	0.000000	1.000000	0.046570	10	5	8.293038
14	11	0.000000	EndOfTrEndOfTrD491	0.000000	0.000000	0.000000	0	6	0.000000
15	13	1.000000	EndOfTrD491	0.000000	0.000000	0.000000	6	0	0.000000
16	13	0.381176	D491	0.000000	1.000000	0.033061	4	5	5.370185
17	16	0.000000	EndOfTrEndOfTrD431	0.000000	0.000000	0.000000	0	4	0.000000
18	16	0.800000	EndOfTrD431	0.000000	0.000000	0.000000	4	1	2.173220
0	-1	0.430982	D431	0.000000	1.000000	0.031922	51	49	60.188626
1	0	0.253683	D282	0.000000	0.920287	0.034957	51	34	49.688493
2	0	0.000000	EndOfTrEndOfTrD572	0.000000	0.000000	0.000000	0	15	0.000000
3	1	0.000000	EndOfTrD572	0.000000	0.000000	0.000000	0	7	0.000000
4	1	0.065659	D572	0.000000	0.309713	0.026772	51	27	43.700957
5	4	1.000000	EndOfTrD249	0.000000	0.000000	0.000000	16	0	0.000000
6	4	0.406977	D249	0.000000	0.965116	0.048980	35	27	36.878163
7	6	0.000000	EndOfTrD468	0.000000	0.000000	0.000000	0	7	0.000000
8	6	0.632721	D468	0.000000	1.000000	0.019198	35	20	31.313933
9	8	0.969201	D473	0.000000	1.000000	0.028761	30	10	19.537524
10	8	0.494286	D456	0.000000	0.977143	0.044969	5	10	8.293038
11	9	0.290691	D515	0.000000	1.000000	0.031744	30	7	15.588280
12	9	0.000000	EndOfTrEndOfTrEndOfTrEndOfTrD513	0.000000	0.000000	0.000000	0	3	0.000000
13	10	1.000000	EndOfTrEndOfTrEndOfTrD513	0.000000	0.000000	0.000000	4	0	0.000000
14	10	0.090909	EndOfTrEndOfTrD513	0.000000	0.000000	0.000000	1	10	2.910639
15	11	1.000000	EndOfTrD513	0.000000	0.000000	0.000000	14	0	0.000000
16	11	0.330854	D513	0.000000	1.000000	0.033912	16	7	12.276268
17	16	0.000000	EndOfTrD298	0.000000	0.000000	0.000000	0	4	0.000000
18	16	0.887240	D298	0.000000	1.000000	0.074666	16	3	7.198070
19	18	1.000000	EndOfTrD502	0.000000	0.000000	0.000000	12	0	0.000000
20	18	0.343046	D502	0.000000	0.798368	0.059787	4	3	4.152165
21	20	0.000000	EndOfTrEndOfTrD124	0.000000	0.000000	0.000000	0	3	0.000000
22	20	1.000000	EndOfTrD124	0.000000	0.000000	0.000000	4	0	0.000000
0	-1	0.420000	D124	0.000000	1.000000	0.028757	51	49	60.188626
1	0	0.033010	D484	0.011003	1.000000	0.041226	51	34	49.688493
2	0	0.000000	EndOfTrEndOfTrD290	0.000000	0.000000	0.000000	0	15	0.000000
3	1	1.000000	EndOfTrD290	0.000000	0.000000	0.000000	11	0	0.000000
4	1	0.053516	D290	0.000000	1.000000	0.029355	40	34	44.340929
5	4	0.000000	EndOfTrD731	0.000000	0.000000	0.000000	0	7	0.000000
6	4	0.500000	D731	0.000000	1.000000	0.065758	40	27	39.235581
7	6	0.703160	D283	0.180587	1.000000	0.035042	40	21	34.112230
8	6	0.000000	EndOfTrD531	0.000000	0.000000	0.000000	0	6	0.000000
9	7	0.618594	D531	0.000000	0.964861	0.048962	21	19	24.038952
10	7	0.509030	D189	0.031870	1.000000	0.032084	19	2	5.736454
11	9	0.549087	D584	0.000000	1.000000	0.027655	21	11	17.885749
12	9	0.000000	EndOfTrEndOfTrEndOfTrD528	0.000000	0.000000	0.000000	0	8	0.000000
13	10	0.333333	EndOfTrEndOfTrD528	0.000000	0.000000	0.000000	1	2	1.658608
14	10	1.000000	EndOfTrD528	0.000000	0.000000	0.000000	18	0	0.000000
15	11	0.300000	D528	0.000000	1.000000	0.029885	18	4	9.060308
16	11	0.443262	D523	0.000000	0.914894	0.053266	3	7	5.305900
17	15	0.947368	EndOfTrEndOfTrEndOfTrEndOfTree	0.000000	0.000000	0.000000	18	1	3.402827
18	15	0.000000	EndOfTrEndOfTrEndOfTree	0.000000	0.000000	0.000000	0	3	0.000000
19	16	0.000000	EndOfTrEndOfTree	0.000000	0.000000	0.000000	0	7	0.000000
20	16	1.000000	EndOfTree	0.000000	0.000000	0.000000	3	0	0.000000
Finished fold 2: ncu = 100.

Model data set: active = 46, inactive = 54.
Finished the first tree, MIS = 2.
Finished all trees: NT = 2, MIS = 2.
Mnode	17	17
Node	Parent	Breakvalue	Variable	Range_low	Range_high	Variance	Num_active	Num_inactive	Deviance
0	-1	0.202206	D246	0.003676	1.000000	0.028166	46	54	59.927753
1	0	0.738866	D281	0.000000	0.981781	0.029321	46	35	48.116089
2	0	0.000000	EndOfTrD207	0.000000	0.000000	0.000000	0	19	0.000000
3	1	0.587838	D207	0.000000	1.000000	0.064107	46	24	39.089865
4	1	0.000000	EndOfTrD274	0.000000	0.000000	0.000000	0	11	0.000000
5	3	0.622034	D274	0.000000	1.000000	0.028553	30	24	32.221111
6	3	1.000000	EndOfTrD166	0.000000	0.000000	0.000000	16	0	0.000000
7	5	0.154391	D166	0.000000	1.000000	0.026423	5	19	10.667803
8	5	0.354536	D490	0.000000	1.000000	0.034653	25	5	11.740575
9	7	0.447740	D582	0.000000	1.000000	0.039731	5	3	4.597012
10	7	0.000000	EndOfTrEndOfTrD570	0.000000	0.000000	0.000000	0	16	0.000000
11	8	1.000000	EndOfTrD570	0.000000	0.000000	0.000000	21	0	0.000000
12	8	0.669800	D570	0.000000	1.000000	0.020812	4	5	5.370185
13	9	1.000000	EndOfTrEndOfTrEndOfTrEndOfTrD416	0.000000	0.000000	0.000000	4	0	0.000000
14	9	0.250000	EndOfTrEndOfTrEndOfTrD416	0.000000	0.000000	0.000000	1	3	1.953752
15	12	0.000000	EndOfTrEndOfTrD416	0.000000	0.000000	0.000000	0	4	0.000000
16	12	0.800000	EndOfTrD416	0.000000	0.000000	0.000000	4	1	2.173220
0	-1	0.390338	D416	0.000000	1.000000	0.027977	46	54	59.927753
1	0	0.273706	D282	0.017378	1.000000	0.036070	46	35	48.116089
2	0	0.000000	EndOfTrEndOfTrD286	0.000000	0.000000	0.000000	0	19	0.000000
3	1	0.000000	EndOfTrD286	0.000000	0.000000	0.000000	0	13	0.000000
4	1	0.244472	D286	0.000000	1.000000	0.049665	46	22	37.180894
5	4	0.000000	EndOfTrD259	0.000000	0.000000	0.000000	0	6	0.000000
6	4	0.554391	D259	0.000000	1.000000	0.034214	46	16	30.751010
7	6	0.220739	D230	0.000000	1.000000	0.065714	41	6	15.591107
8	6	0.690745	D283	0.000000	0.990971	0.028827	5	10	8.293038
9	7	0.140959	D517	0.000000	1.000000	0.018169	8	6	8.304330
10	7	1.000000	EndOfTrEndOfTrD210	0.000000	0.000000	0.000000	33	0	0.000000
11	8	0.000000	EndOfTrD210	0.000000	0.000000	0.000000	0	8	0.000000
12	8	0.268519	D210	0.000000	1.000000	0.054849	5	2	3.637553
13	9	0.142857	EndOfTrEndOfTrEndOfTrEndOfTree	0.000000	0.000000	0.000000	1	6	2.493558
14	9	1.000000	EndOfTrEndOfTrEndOfTree	0.000000	0.000000	0.000000	7	0	0.000000
15	12	1.000000	EndOfTrEndOfTree	0.000000	0.000000	0.000000	4	0	0.000000
16	12	0.333333	EndOfTree	0.000000	0.000000	0.000000	1	2	1.658608
Finished fold 3: ncu = 100.

Model data set: active = 44, inactive = 56.
Finished the first tree, MIS = 3.
Current MIS = 4.
Current MIS = 5.
Finished all trees: NT = 10, MIS = 5.
Mnode	21	15	21	17	19	19	21	21	23	21
Node	Parent	Breakvalue	Variable	Range_low	Range_high	Variance	Num_active	Num_inactive	Deviance
0	-1	0.441181	D432	0.000000	1.000000	0.037163	44	56	59.579105
1	0	0.253683	D282	0.000000	1.000000	0.034529	44	38	49.178083
2	0	0.000000	EndOfTrEndOfTrD572	0.000000	0.000000	0.000000	0	18	0.000000
3	1	0.000000	EndOfTrD572	0.000000	0.000000	0.000000	0	9	0.000000
4	1	0.065659	D572	0.000000	1.000000	0.010529	44	29	42.602218
5	4	1.000000	EndOfTrD247	0.000000	0.000000	0.000000	14	0	0.000000
6	4	0.826733	D247	0.000000	1.000000	0.057529	30	29	35.514178
7	6	0.219027	D173	0.002130	1.000000	0.028105	20	29	28.778932
8	6	1.000000	EndOfTrD499	0.000000	0.000000	0.000000	10	0	0.000000
9	7	0.574664	D499	0.000000	1.000000	0.035386	20	20	24.082400
10	7	0.000000	EndOfTrD249	0.000000	0.000000	0.000000	0	9	0.000000
11	9	0.529070	D249	0.011628	1.000000	0.055119	3	13	6.706585
12	9	0.836179	D559	0.000000	0.995731	0.041458	17	7	12.583504
13	11	0.600000	EndOfTrEndOfTrD279	0.000000	0.000000	0.000000	3	2	2.922853
14	11	0.000000	EndOfTrD279	0.000000	0.000000	0.000000	0	11	0.000000
15	12	0.676620	D279	0.000000	0.990258	0.027672	17	4	8.881467
16	12	0.000000	EndOfTrEndOfTrD496	0.000000	0.000000	0.000000	0	3	0.000000
17	15	1.000000	EndOfTrD496	0.000000	0.000000	0.000000	13	0	0.000000
18	15	0.518930	D496	0.022193	1.000000	0.052690	4	4	4.816480
19	18	0.200000	EndOfTrEndOfTrD213	0.000000	0.000000	0.000000	1	4	2.173220
20	18	1.000000	EndOfTrD213	0.000000	0.000000	0.000000	3	0	0.000000
0	-1	0.413453	D213	0.000000	1.000000	0.027410	44	56	59.579105
1	0	0.516787	D458	0.000000	1.000000	0.061413	44	39	49.840088
2	0	0.000000	EndOfTrD210	0.000000	0.000000	0.000000	0	17	0.000000
3	1	0.268519	D210	0.000000	0.981481	0.061875	12	26	20.584589
4	1	0.774705	D450	0.000000	1.000000	0.054045	32	13	23.497000
5	3	1.000000	EndOfTrD246	0.000000	0.000000	0.000000	5	0	0.000000
6	3	0.128676	D246	0.000000	1.000000	0.027789	7	26	14.811933
7	4	0.139676	D446	0.000000	0.887735	0.036668	31	6	14.244688
8	4	0.125000	EndOfTrD419	0.000000	0.000000	0.000000	1	7	2.618067
9	6	0.152306	D419	0.000000	0.929430	0.038971	7	9	9.524102
10	6	0.000000	EndOfTrEndOfTrEndOfTrEndOfTrEndOfTrD277	0.000000	0.000000	0.000000	0	17	0.000000
11	7	0.000000	EndOfTrEndOfTrEndOfTrEndOfTrD277	0.000000	0.000000	0.000000	0	3	0.000000
12	7	0.911765	EndOfTrEndOfTrEndOfTrD277	0.000000	0.000000	0.000000	31	3	8.813414
13	9	0.000000	EndOfTrEndOfTrD277	0.000000	0.000000	0.000000	0	8	0.000000
14	9	0.875000	EndOfTrD277	0.000000	0.000000	0.000000	7	1	2.618067
0	-1	0.600796	D277	0.000000	1.000000	0.039380	44	56	59.579105
1	0	0.820542	D283	0.000000	1.000000	0.025592	44	40	50.490285
2	0	0.000000	EndOfTrD534	0.000000	0.000000	0.000000	0	16	0.000000
3	1	0.167839	D534	0.000000	1.000000	0.028708	44	31	44.170929
4	1	0.000000	EndOfTrD288	0.000000	0.000000	0.000000	0	9	0.000000
5	3	0.841530	D288	0.000000	1.000000	0.050262	44	25	39.240339
6	3	0.000000	EndOfTrD524	0.000000	0.000000	0.000000	0	6	0.000000
7	5	0.147959	D524	0.000000	1.000000	0.051961	34	25	34.922971
8	5	1.000000	EndOfTrEndOfTrD242	0.000000	0.000000	0.000000	10	0	0.000000
9	7	1.000000	EndOfTrD242	0.000000	0.000000	0.000000	9	0	0.000000
10	7	0.260879	D242	0.004693	1.000000	0.032346	25	25	30.103000
11	10	0.091482	D565	0.011275	0.999442	0.041396	25	18	25.391477
12	10	0.000000	EndOfTrD290	0.000000	0.000000	0.000000	0	7	0.000000
13	11	0.141258	D290	0.000000	1.000000	0.032471	16	18	20.418917
14	11	1.000000	EndOfTrEndOfTrD441	0.000000	0.000000	0.000000	9	0	0.000000
15	13	0.000000	EndOfTrD441	0.000000	0.000000	0.000000	0	10	0.000000
16	13	0.300433	D441	0.000000	1.000000	0.034306	16	8	13.268860
17	16	1.000000	EndOfTrD680	0.000000	0.000000	0.000000	8	0	0.000000
18	16	0.250000	D680	0.000000	1.000000	0.108561	8	8	9.632960
19	18	0.666667	EndOfTrEndOfTrD431	0.000000	0.000000	0.000000	8	4	6.634430
20	18	0.000000	EndOfTrD431	0.000000	0.000000	0.000000	0	4	0.000000
0	-1	0.430982	D431	0.000000	1.000000	0.034048	44	56	59.579105
1	0	0.821086	D278	0.000000	1.000000	0.033224	44	40	50.490285
2	0	0.000000	EndOfTrD348	0.000000	0.000000	0.000000	0	16	0.000000
3	1	0.097656	D348	0.000000	0.957031	0.051616	44	33	45.673816
4	1	0.000000	EndOfTrEndOfTrD274	0.000000	0.000000	0.000000	0	7	0.000000
5	3	1.000000	EndOfTrD274	0.000000	0.000000	0.000000	11	0	0.000000
6	3	0.674915	D274	0.000000	0.983051	0.028672	33	33	39.735959
7	6	0.383899	D254	0.019715	1.000000	0.032760	8	25	15.875480
8	6	0.650400	D584	0.292237	0.933219	0.052131	25	8	15.875480
9	7	0.201882	D501	0.000000	1.000000	0.028049	8	11	11.232558
10	7	0.000000	EndOfTrEndOfTrD489	0.000000	0.000000	0.000000	0	14	0.000000
11	8	1.000000	EndOfTrD489	0.000000	0.000000	0.000000	18	0	0.000000
12	8	0.388462	D489	0.000000	1.000000	0.027212	7	8	9.001925
13	9	0.000000	EndOfTrEndOfTrEndOfTrEndOfTrD124	0.000000	0.000000	0.000000	0	9	0.000000
14	9	0.800000	EndOfTrEndOfTrEndOfTrD124	0.000000	0.000000	0.000000	8	2	4.346440
15	12	0.125000	EndOfTrEndOfTrD124	0.000000	0.000000	0.000000	1	7	2.618067
16	12	0.857143	EndOfTrD124	0.000000	0.000000	0.000000	6	1	2.493558
0	-1	0.420000	D124	0.000000	1.000000	0.032875	44	56	59.579105
1	0	0.794985	D276	0.000000	1.000000	0.037211	44	40	50.490285
2	0	0.000000	EndOfTrD361	0.000000	0.000000	0.000000	0	16	0.000000
3	1	0.612221	D361	0.000000	0.790344	0.074587	44	33	45.673816
4	1	0.000000	EndOfTrD775	0.000000	0.000000	0.000000	0	7	0.000000
5	3	0.076609	D775	0.000000	0.767315	0.032917	43	23	37.062032
6	3	0.090909	EndOfTrD510	0.000000	0.000000	0.000000	1	10	2.910639
7	5	0.179995	D510	0.000000	1.000000	0.015674	6	13	10.292295
8	5	0.632353	D454	0.000000	1.000000	0.018844	37	10	21.130271
9	7	0.440991	D477	0.003153	0.947748	0.011310	6	3	4.975823
10	7	0.000000	EndOfTrD488	0.000000	0.000000	0.000000	0	10	0.000000
11	8	0.736111	D488	0.022727	1.000000	0.054647	18	10	15.851040
12	8	1.000000	EndOfTrEndOfTrEndOfTrD466	0.000000	0.000000	0.000000	19	0	0.000000
13	9	0.000000	EndOfTrEndOfTrD466	0.000000	0.000000	0.000000	0	3	0.000000
14	9	1.000000	EndOfTrD466	0.000000	0.000000	0.000000	6	0	0.000000
15	11	0.353129	D466	0.000000	1.000000	0.065285	18	5	10.459970
16	11	0.000000	EndOfTrEndOfTrEndOfTrD131	0.000000	0.000000	0.000000	0	5	0.000000
17	15	0.200000	EndOfTrEndOfTrD131	0.000000	0.000000	0.000000	1	4	2.173220
18	15	0.944444	EndOfTrD131	0.000000	0.000000	0.000000	17	1	3.354547
0	-1	0.381926	D131	0.000000	1.000000	0.031691	44	56	59.579105
1	0	0.779352	D281	0.000000	1.000000	0.026503	44	40	50.490285
2	0	0.000000	EndOfTrD506	0.000000	0.000000	0.000000	0	16	0.000000
3	1	0.208591	D506	0.000000	1.000000	0.049927	44	33	45.673816
4	1	0.000000	EndOfTrEndOfTrD170	0.000000	0.000000	0.000000	0	7	0.000000
5	3	0.111111	EndOfTrD170	0.000000	0.000000	0.000000	1	8	2.726925
6	3	0.126678	D170	0.000000	1.000000	0.023875	43	25	38.845925
7	6	0.241135	D523	0.000000	1.000000	0.049271	31	25	33.435634
8	6	1.000000	EndOfTrEndOfTrD467	0.000000	0.000000	0.000000	12	0	0.000000
9	7	1.000000	EndOfTrD467	0.000000	0.000000	0.000000	10	0	0.000000
10	7	0.315891	D467	0.000000	1.000000	0.039306	21	25	27.543510
11	10	0.000000	EndOfTrD465	0.000000	0.000000	0.000000	0	11	0.000000
12	10	0.779359	D465	0.000000	1.000000	0.037888	21	14	20.459968
13	12	0.030559	D197	0.000000	1.000000	0.026880	21	9	15.917700
14	12	0.000000	EndOfTrEndOfTrD461	0.000000	0.000000	0.000000	0	5	0.000000
15	13	0.000000	EndOfTrD461	0.000000	0.000000	0.000000	0	3	0.000000
16	13	0.101031	D461	0.000000	1.000000	0.011222	21	6	12.422618
17	16	0.200000	EndOfTrEndOfTrD126	0.000000	0.000000	0.000000	1	4	2.173220
18	16	0.909091	EndOfTrD126	0.000000	0.000000	0.000000	20	2	5.821278
0	-1	0.435065	D126	0.000000	1.000000	0.032921	44	56	59.579105
1	0	0.171319	D535	0.002580	0.999908	0.023049	44	40	50.490285
2	0	0.000000	EndOfTrD578	0.000000	0.000000	0.000000	0	16	0.000000
3	1	0.243730	D578	0.000000	1.000000	0.038083	44	33	45.673816
4	1	0.000000	EndOfTrEndOfTrD286	0.000000	0.000000	0.000000	0	7	0.000000
5	3	0.000000	EndOfTrD286	0.000000	0.000000	0.000000	0	6	0.000000
6	3	0.230958	D286	0.000000	1.000000	0.050247	44	27	40.961207
7	6	0.000000	EndOfTrD518	0.000000	0.000000	0.000000	0	5	0.000000
8	6	0.128599	D518	0.000000	0.788868	0.019778	44	22	36.489366
9	8	0.103793	D304	0.018991	0.917883	0.027158	29	6	13.927864
10	8	0.874700	D261	0.000000	1.000000	0.025138	15	16	18.649848
11	9	0.064691	D360	0.000588	0.492444	0.032875	10	6	9.194024
12	9	1.000000	EndOfTrD504	0.000000	0.000000	0.000000	19	0	0.000000
13	10	0.798834	D504	0.000000	1.000000	0.043144	2	11	4.847768
14	10	0.473060	D284	0.036590	1.000000	0.044510	13	5	9.237583
15	11	0.833333	EndOfTrEndOfTrEndOfTrEndOfTrEndOfTrEndOfTrD295	0.000000	0.000000	0.000000	10	2	4.696230
16	11	0.000000	EndOfTrEndOfTrEndOfTrEndOfTrEndOfTrD295	0.000000	0.000000	0.000000	0	4	0.000000
17	13	0.000000	EndOfTrEndOfTrEndOfTrEndOfTrD295	0.000000	0.000000	0.000000	0	10	0.000000
18	13	0.666667	EndOfTrEndOfTrEndOfTrD295	0.000000	0.000000	0.000000	2	1	1.658608
19	14	0.000000	EndOfTrEndOfTrD295	0.000000	0.000000	0.000000	0	3	0.000000
20	14	0.866667	EndOfTrD295	0.000000	0.000000	0.000000	13	2	5.116091
0	-1	0.403362	D295	0.000000	1.000000	0.031644	44	56	59.579105
1	0	0.187905	D546	0.000000	1.000000	0.028885	44	40	50.490285
2	0	0.000000	EndOfTrEndOfTrD514	0.000000	0.000000	0.000000	0	16	0.000000
3	1	0.000000	EndOfTrD514	0.000000	0.000000	0.000000	0	6	0.000000
4	1	0.084009	D514	0.000000	0.842788	0.035727	44	34	46.402356
5	4	1.000000	EndOfTrD291	0.000000	0.000000	0.000000	9	0	0.000000
6	4	0.805623	D291	0.000000	1.000000	0.053922	35	34	41.535845
7	6	0.267887	D500	0.000000	1.000000	0.017420	16	28	25.051146
8	6	0.303441	D490	0.000000	0.940563	0.036333	19	6	11.966549
9	7	0.062500	EndOfTrD148	0.000000	0.000000	0.000000	1	15	3.249102
10	7	0.399194	D148	0.016129	1.000000	0.064660	15	13	16.795585
11	8	1.000000	EndOfTrD267	0.000000	0.000000	0.000000	15	0	0.000000
12	8	0.306142	D267	0.000000	1.000000	0.034292	4	6	5.845705
13	10	0.100000	D675	0.000000	1.000000	0.049855	9	13	12.927706
14	10	1.000000	EndOfTrEndOfTrEndOfTrEndOfTrD142	0.000000	0.000000	0.000000	6	0	0.000000
15	12	1.000000	EndOfTrEndOfTrEndOfTrD142	0.000000	0.000000	0.000000	3	0	0.000000
16	12	0.142857	EndOfTrEndOfTrD142	0.000000	0.000000	0.000000	1	6	2.493558
17	13	0.000000	EndOfTrD142	0.000000	0.000000	0.000000	0	7	0.000000
18	13	0.278090	D142	0.005618	0.977528	0.041145	9	6	8.768558
19	18	0.818182	EndOfTrEndOfTrD149	0.000000	0.000000	0.000000	9	2	4.530154
20	18	0.000000	EndOfTrD149	0.000000	0.000000	0.000000	0	4	0.000000
0	-1	0.423512	D149	0.000000	1.000000	0.033146	44	56	59.579105
1	0	0.154412	D593	0.022624	0.970588	0.037930	44	40	50.490285
2	0	0.000000	EndOfTrEndOfTrD229	0.000000	0.000000	0.000000	0	16	0.000000
3	1	0.000000	EndOfTrD229	0.000000	0.000000	0.000000	0	6	0.000000
4	1	0.163311	D229	0.000000	0.962797	0.031549	44	34	46.402356
5	4	1.000000	EndOfTrD674	0.000000	0.000000	0.000000	9	0	0.000000
6	4	0.050000	D674	0.000000	0.800000	0.032670	35	34	41.535845
7	6	0.000000	EndOfTrD543	0.000000	0.000000	0.000000	0	9	0.000000
8	6	0.085163	D543	0.000000	0.996786	0.016924	35	25	35.396387
9	8	0.503645	D294	0.009372	0.971191	0.047113	4	13	8.056256
10	8	0.521298	D259	0.039318	0.972149	0.038210	31	12	22.113512
11	9	0.000000	EndOfTrD576	0.000000	0.000000	0.000000	0	9	0.000000
12	9	0.586173	D576	0.000000	0.954568	0.028120	4	4	4.816480
13	10	0.909091	EndOfTrD226	0.000000	0.000000	0.000000	20	2	5.821278
14	10	0.297498	D226	0.006173	0.928482	0.027634	11	10	12.622571
15	12	1.000000	EndOfTrEndOfTrEndOfTrD582	0.000000	0.000000	0.000000	4	0	0.000000
16	12	0.000000	EndOfTrEndOfTrD582	0.000000	0.000000	0.000000	0	4	0.000000
17	14	0.000000	EndOfTrD582	0.000000	0.000000	0.000000	0	5	0.000000
18	14	0.492467	D582	0.000000	0.942561	0.039232	11	5	8.631500
19	18	1.000000	EndOfTrD526	0.000000	0.000000	0.000000	6	0	0.000000
20	18	0.705128	D526	0.000000	0.897436	0.066966	5	5	6.020600
21	20	0.285714	EndOfTrEndOfTrD147	0.000000	0.000000	0.000000	2	5	3.637553
22	20	1.000000	EndOfTrD147	0.000000	0.000000	0.000000	3	0	0.000000
0	-1	0.425381	D147	0.000000	1.000000	0.033779	44	56	59.579105
1	0	0.250930	D595	0.119535	0.985116	0.052486	44	40	50.490285
2	0	0.000000	EndOfTrEndOfTrD359	0.000000	0.000000	0.000000	0	16	0.000000
3	1	0.000000	EndOfTrD359	0.000000	0.000000	0.000000	0	6	0.000000
4	1	0.038062	D359	0.000000	0.926143	0.031335	44	34	46.402356
5	4	1.000000	EndOfTrD712	0.000000	0.000000	0.000000	9	0	0.000000
6	4	0.050000	D712	0.000000	0.800000	0.032670	35	34	41.535845
7	6	0.000000	EndOfTrD731	0.000000	0.000000	0.000000	0	9	0.000000
8	6	0.500000	D731	0.000000	1.000000	0.056970	35	25	35.396387
9	8	0.901245	D451	0.000000	1.000000	0.045902	35	20	31.313933
10	8	0.000000	EndOfTrD549	0.000000	0.000000	0.000000	0	5	0.000000
11	9	0.611254	D549	0.000000	1.000000	0.027124	35	15	26.529500
12	9	0.000000	EndOfTrD235	0.000000	0.000000	0.000000	0	5	0.000000
13	11	0.149015	D235	0.000000	1.000000	0.030826	34	10	20.483269
14	11	0.166667	EndOfTrEndOfTrD422	0.000000	0.000000	0.000000	1	5	2.348115
15	13	0.000000	EndOfTrD422	0.000000	0.000000	0.000000	0	3	0.000000
16	13	0.097934	D422	0.000000	0.845725	0.019014	34	7	16.276337
17	16	1.000000	EndOfTrD014	0.000000	0.000000	0.000000	16	0	0.000000
18	16	0.113636	D014	0.000000	1.000000	0.042478	18	7	12.875818
19	18	0.000000	EndOfTrEndOfTree	0.000000	0.000000	0.000000	0	3	0.000000
20	18	0.818182	EndOfTree	0.000000	0.000000	0.000000	18	4	9.060308
Finished fold 4: ncu = 100.

Model data set: active = 43, inactive = 57.
Finished the first tree, MIS = 5.
Finished all trees: NT = 10, MIS = 5.
Mnode	17	17	19	19	17	19	19	19	19	21
Node	Parent	Breakvalue	Variable	Range_low	Range_high	Variance	Num_active	Num_inactive	Deviance
0	-1	0.441181	D432	0.000000	1.000000	0.035726	43	57	59.351979
1	0	0.253683	D282	0.000000	1.000000	0.035257	43	39	49.284145
2	0	0.000000	EndOfTrEndOfTrD588	0.000000	0.000000	0.000000	0	18	0.000000
3	1	0.000000	EndOfTrD588	0.000000	0.000000	0.000000	0	12	0.000000
4	1	0.358175	D588	0.000000	1.000000	0.011375	43	27	40.541795
5	4	0.913043	EndOfTrD775	0.000000	0.000000	0.000000	21	2	5.902150
6	4	0.032930	D775	0.000000	1.000000	0.028223	22	25	28.213600
7	6	0.000000	EndOfTrD564	0.000000	0.000000	0.000000	0	8	0.000000
8	6	0.060711	D564	0.000000	1.000000	0.072076	22	17	23.201178
9	8	0.522627	D455	0.000000	1.000000	0.051547	7	14	11.610253
10	8	0.131131	D160	0.000000	1.000000	0.025970	15	3	7.044345
11	9	0.706070	D278	0.000000	1.000000	0.032889	3	14	6.880951
12	9	1.000000	EndOfTrEndOfTrEndOfTrEndOfTrEndOfTrD231	0.000000	0.000000	0.000000	4	0	0.000000
13	10	1.000000	EndOfTrEndOfTrEndOfTrEndOfTrD231	0.000000	0.000000	0.000000	13	0	0.000000
14	10	0.400000	EndOfTrEndOfTrEndOfTrD231	0.000000	0.000000	0.000000	2	3	2.922853
15	11	0.000000	EndOfTrEndOfTrD231	0.000000	0.000000	0.000000	0	13	0.000000
16	11	0.750000	EndOfTrD231	0.000000	0.000000	0.000000	3	1	1.953752
0	-1	0.377673	D231	0.000000	1.000000	0.030601	43	57	59.351979
1	0	0.748988	D281	0.000000	1.000000	0.028337	43	40	49.923877
2	0	0.000000	EndOfTrD450	0.000000	0.000000	0.000000	0	17	0.000000
3	1	0.790118	D450	0.000000	1.000000	0.049088	42	27	40.114591
4	1	0.071429	EndOfTrD447	0.000000	0.000000	0.000000	1	13	3.129058
5	3	0.879695	D447	0.091371	1.000000	0.039872	42	19	32.864663
6	3	0.000000	EndOfTrD343	0.000000	0.000000	0.000000	0	8	0.000000
7	5	0.140244	D343	0.000000	1.000000	0.033839	26	19	26.617875
8	5	1.000000	EndOfTrEndOfTrD362	0.000000	0.000000	0.000000	16	0	0.000000
9	7	1.000000	EndOfTrD362	0.000000	0.000000	0.000000	8	0	0.000000
10	7	0.040891	D362	0.000000	1.000000	0.019544	18	19	22.264481
11	10	0.000000	EndOfTrD467	0.000000	0.000000	0.000000	0	8	0.000000
12	10	0.329457	D467	0.000000	0.956072	0.047630	18	11	16.718635
13	12	0.125000	EndOfTrD259	0.000000	0.000000	0.000000	1	7	2.618067
14	12	0.548493	D259	0.000000	1.000000	0.036869	17	4	8.881467
15	14	1.000000	EndOfTrEndOfTrD213	0.000000	0.000000	0.000000	14	0	0.000000
16	14	0.428571	EndOfTrD213	0.000000	0.000000	0.000000	3	4	4.152165
0	-1	0.413453	D213	0.000000	1.000000	0.027587	43	57	59.351979
1	0	0.820542	D283	0.000000	1.000000	0.027754	43	40	49.923877
2	0	0.000000	EndOfTrD478	0.000000	0.000000	0.000000	0	17	0.000000
3	1	0.720553	D478	0.000000	1.000000	0.037890	43	31	43.703582
4	1	0.000000	EndOfTrD361	0.000000	0.000000	0.000000	0	9	0.000000
5	3	0.612810	D361	0.000000	1.000000	0.047032	43	24	37.965597
6	3	0.000000	EndOfTrD276	0.000000	0.000000	0.000000	0	7	0.000000
7	5	0.407080	D276	0.000000	1.000000	0.036739	42	15	28.534055
8	5	0.100000	EndOfTrD476	0.000000	0.000000	0.000000	1	9	2.823635
9	7	0.597851	D476	0.000000	1.000000	0.019129	3	7	5.305900
10	7	0.119048	D481	0.000000	0.978620	0.042178	39	8	18.624720
11	9	0.000000	EndOfTrEndOfTrEndOfTrD572	0.000000	0.000000	0.000000	0	7	0.000000
12	9	1.000000	EndOfTrEndOfTrD572	0.000000	0.000000	0.000000	3	0	0.000000
13	10	1.000000	EndOfTrD572	0.000000	0.000000	0.000000	23	0	0.000000
14	10	0.084985	D572	0.000000	1.000000	0.010762	16	8	13.268860
15	14	0.164141	D502	0.000000	1.000000	0.048581	4	7	6.262787
16	14	0.923077	EndOfTrEndOfTrEndOfTrD019	0.000000	0.000000	0.000000	12	1	3.062177
17	15	0.800000	EndOfTrEndOfTrD019	0.000000	0.000000	0.000000	4	1	2.173220
18	15	0.000000	EndOfTrD019	0.000000	0.000000	0.000000	0	6	0.000000
0	-1	0.428571	D019	0.000000	0.836735	0.046251	43	57	59.351979
1	0	0.130849	D152	0.000000	1.000000	0.031339	43	41	50.552357
2	0	0.000000	EndOfTrEndOfTrD474	0.000000	0.000000	0.000000	0	16	0.000000
3	1	1.000000	EndOfTrD474	0.000000	0.000000	0.000000	10	0	0.000000
4	1	0.925523	D474	0.101916	1.000000	0.029026	33	41	44.176098
5	4	0.136124	D515	0.000000	1.000000	0.033695	27	41	39.679293
6	4	1.000000	EndOfTrEndOfTrD424	0.000000	0.000000	0.000000	6	0	0.000000
7	5	0.000000	EndOfTrD424	0.000000	0.000000	0.000000	0	12	0.000000
8	5	0.182749	D424	0.000000	1.000000	0.032419	27	29	33.684332
9	8	1.000000	EndOfTrD503	0.000000	0.000000	0.000000	8	0	0.000000
10	8	0.147451	D503	0.000000	1.000000	0.015653	19	29	27.987438
11	10	1.000000	EndOfTrD223	0.000000	0.000000	0.000000	6	0	0.000000
12	10	0.060976	D223	0.000000	1.000000	0.061895	13	29	22.571329
13	12	0.857143	EndOfTrD486	0.000000	0.000000	0.000000	6	1	2.493558
14	12	0.096341	D486	0.000000	1.000000	0.027652	7	28	15.212541
15	14	0.498009	D277	0.000000	0.904090	0.048781	7	8	9.001925
16	14	0.000000	EndOfTrEndOfTrEndOfTrD149	0.000000	0.000000	0.000000	0	20	0.000000
17	15	0.875000	EndOfTrEndOfTrD149	0.000000	0.000000	0.000000	7	1	2.618067
18	15	0.000000	EndOfTrD149	0.000000	0.000000	0.000000	0	7	0.000000
0	-1	0.441044	D149	0.000000	0.932167	0.038367	43	57	59.351979
1	0	0.516787	D458	0.000000	1.000000	0.062033	43	41	50.552357
2	0	0.000000	EndOfTrD452	0.000000	0.000000	0.000000	0	16	0.000000
3	1	0.717042	D452	0.000000	0.959807	0.025442	15	30	24.879113
4	1	0.529580	D463	0.000000	1.000000	0.046139	28	11	20.151551
5	3	0.473710	D507	0.000000	1.000000	0.027185	14	13	16.239531
6	3	0.055556	EndOfTrEndOfTrD490	0.000000	0.000000	0.000000	1	17	3.354547
7	4	0.000000	EndOfTrD490	0.000000	0.000000	0.000000	0	5	0.000000
8	4	0.191345	D490	0.000000	1.000000	0.034654	28	6	13.761902
9	5	1.000000	EndOfTrD732	0.000000	0.000000	0.000000	9	0	0.000000
10	5	0.750000	D732	0.000000	1.000000	0.138662	5	13	9.237583
11	8	0.156303	D532	0.000000	0.999812	0.057860	8	6	8.304330
12	8	1.000000	EndOfTrEndOfTrEndOfTrEndOfTrEndOfTrD431	0.000000	0.000000	0.000000	20	0	0.000000
13	10	0.000000	EndOfTrEndOfTrEndOfTrEndOfTrD431	0.000000	0.000000	0.000000	0	12	0.000000
14	10	0.833333	EndOfTrEndOfTrEndOfTrD431	0.000000	0.000000	0.000000	5	1	2.348115
15	11	1.000000	EndOfTrEndOfTrD431	0.000000	0.000000	0.000000	7	0	0.000000
16	11	0.142857	EndOfTrD431	0.000000	0.000000	0.000000	1	6	2.493558
0	-1	0.441890	D431	0.000000	0.975244	0.037532	43	57	59.351979
1	0	0.500000	D221	0.000000	1.000000	0.058179	43	41	50.552357
2	0	0.000000	EndOfTrD595	0.000000	0.000000	0.000000	0	16	0.000000
3	1	0.364186	D595	0.000000	1.000000	0.048892	25	37	36.312641
4	1	0.100000	D675	0.000000	1.000000	0.058388	18	4	9.060308
5	3	0.000000	EndOfTrD242	0.000000	0.000000	0.000000	0	9	0.000000
6	3	0.261092	D242	0.000000	1.000000	0.036978	25	28	31.835392
7	4	0.200000	EndOfTrEndOfTrD468	0.000000	0.000000	0.000000	1	4	2.173220
8	4	1.000000	EndOfTrD468	0.000000	0.000000	0.000000	17	0	0.000000
9	6	0.606010	D468	0.000000	1.000000	0.022460	24	16	23.382820
10	6	0.076923	EndOfTrD436	0.000000	0.000000	0.000000	1	12	3.062177
11	9	0.175039	D436	0.000000	0.963461	0.039398	19	5	10.667803
12	9	0.572993	D506	0.000000	1.000000	0.045139	5	11	8.631500
13	11	1.000000	EndOfTrD456	0.000000	0.000000	0.000000	16	0	0.000000
14	11	0.348571	D456	0.000000	1.000000	0.045809	3	5	4.597012
15	12	0.000000	EndOfTrEndOfTrEndOfTrEndOfTrD145	0.000000	0.000000	0.000000	0	10	0.000000
16	12	0.833333	EndOfTrEndOfTrEndOfTrD145	0.000000	0.000000	0.000000	5	1	2.348115
17	14	0.750000	EndOfTrEndOfTrD145	0.000000	0.000000	0.000000	3	1	1.953752
18	14	0.000000	EndOfTrD145	0.000000	0.000000	0.000000	0	4	0.000000
0	-1	0.440348	D145	0.000000	0.977005	0.035791	43	57	59.351979
1	0	0.339698	D123	0.000000	1.000000	0.030702	43	41	50.552357
2	0	0.000000	EndOfTrD292	0.000000	0.000000	0.000000	0	16	0.000000
3	1	0.229259	D292	0.000000	1.000000	0.064754	31	15	25.226558
4	1	0.230932	D509	0.000000	1.000000	0.025056	12	26	20.584589
5	3	1.000000	EndOfTrD238	0.000000	0.000000	0.000000	13	0	0.000000
6	3	0.138457	D238	0.000000	1.000000	0.037380	18	15	19.749372
7	4	0.000000	EndOfTrD483	0.000000	0.000000	0.000000	0	15	0.000000
8	4	0.092439	D483	0.000000	1.000000	0.039872	12	11	13.828491
9	6	0.000000	EndOfTrD222	0.000000	0.000000	0.000000	0	7	0.000000
10	6	0.469231	D222	0.000000	1.000000	0.059351	18	8	13.939364
11	8	0.000000	EndOfTrD265	0.000000	0.000000	0.000000	0	8	0.000000
12	8	0.194356	D265	0.000000	1.000000	0.030810	12	3	6.519660
13	10	0.292000	D220	0.000000	1.000000	0.066542	9	8	10.209458
14	10	1.000000	EndOfTrEndOfTrEndOfTrEndOfTrEndOfTrD295	0.000000	0.000000	0.000000	9	0	0.000000
15	12	1.000000	EndOfTrEndOfTrEndOfTrEndOfTrD295	0.000000	0.000000	0.000000	10	0	0.000000
16	12	0.400000	EndOfTrEndOfTrEndOfTrD295	0.000000	0.000000	0.000000	2	3	2.922853
17	13	1.000000	EndOfTrEndOfTrD295	0.000000	0.000000	0.000000	6	0	0.000000
18	13	0.272727	EndOfTrD295	0.000000	0.000000	0.000000	3	8	5.598472
0	-1	0.413439	D295	0.000000	0.949325	0.034162	43	57	59.351979
1	0	0.143972	D479	0.000000	0.964539	0.038193	43	41	50.552357
2	0	0.000000	EndOfTrD296	0.000000	0.000000	0.000000	0	16	0.000000
3	1	0.789694	D296	0.002786	1.000000	0.075574	30	14	23.904975
4	1	0.091432	D485	0.000000	1.000000	0.026423	13	27	21.908629
5	3	0.245405	D510	0.000000	1.000000	0.022028	18	14	19.048203
6	3	1.000000	EndOfTrEndOfTrD459	0.000000	0.000000	0.000000	12	0	0.000000
7	4	0.000000	EndOfTrD459	0.000000	0.000000	0.000000	0	13	0.000000
8	4	0.561951	D459	0.029268	1.000000	0.042329	13	14	16.239531
9	5	0.032473	D175	0.000000	1.000000	0.018939	18	9	14.927468
10	5	0.000000	EndOfTrD520	0.000000	0.000000	0.000000	0	5	0.000000
11	8	0.096104	D520	0.000000	1.000000	0.029125	13	8	12.121243
12	8	0.000000	EndOfTrEndOfTrD581	0.000000	0.000000	0.000000	0	6	0.000000
13	9	0.933333	EndOfTrD581	0.000000	0.000000	0.000000	14	1	3.191153
14	9	0.839537	D581	0.000000	1.000000	0.020341	4	8	6.634430
15	11	0.923077	EndOfTrEndOfTrEndOfTrEndOfTrD147	0.000000	0.000000	0.000000	12	1	3.062177
16	11	0.125000	EndOfTrEndOfTrEndOfTrD147	0.000000	0.000000	0.000000	1	7	2.618067
17	14	0.111111	EndOfTrEndOfTrD147	0.000000	0.000000	0.000000	1	8	2.726925
18	14	1.000000	EndOfTrD147	0.000000	0.000000	0.000000	3	0	0.000000
0	-1	0.438937	D147	0.000000	0.984243	0.035649	43	57	59.351979
1	0	0.500000	D731	0.000000	1.000000	0.074343	43	41	50.552357
2	0	0.000000	EndOfTrD546	0.000000	0.000000	0.000000	0	16	0.000000
3	1	0.063715	D546	0.000000	0.773218	0.055910	43	34	45.900718
4	1	0.000000	EndOfTrEndOfTrD348	0.000000	0.000000	0.000000	0	7	0.000000
5	3	0.000000	EndOfTrD348	0.000000	0.000000	0.000000	0	7	0.000000
6	3	0.093750	D348	0.000000	1.000000	0.049370	43	27	40.541795
7	6	1.000000	EndOfTrD524	0.000000	0.000000	0.000000	10	0	0.000000
8	6	0.321429	D524	0.000000	1.000000	0.048063	33	27	35.862587
9	8	0.000000	EndOfTrD489	0.000000	0.000000	0.000000	0	10	0.000000
10	8	0.423718	D489	0.000000	1.000000	0.027070	33	17	27.839817
11	10	0.364706	D491	0.036471	1.000000	0.037906	26	6	13.413170
12	10	0.207703	D434	0.000000	0.967283	0.041239	7	11	10.447799
13	11	0.333333	EndOfTrEndOfTrD729	0.000000	0.000000	0.000000	2	4	3.317215
14	11	0.923077	EndOfTrD729	0.000000	0.000000	0.000000	24	2	6.124355
15	12	0.250000	D729	0.000000	1.000000	0.076364	7	4	6.262787
16	12	0.000000	EndOfTrEndOfTrEndOfTrD131	0.000000	0.000000	0.000000	0	7	0.000000
17	15	1.000000	EndOfTrEndOfTrD131	0.000000	0.000000	0.000000	7	0	0.000000
18	15	0.000000	EndOfTrD131	0.000000	0.000000	0.000000	0	4	0.000000
0	-1	0.388586	D131	0.000000	0.925505	0.035824	43	57	59.351979
1	0	0.070228	D427	0.000000	0.968912	0.041012	43	41	50.552357
2	0	0.000000	EndOfTrEndOfTrD582	0.000000	0.000000	0.000000	0	16	0.000000
3	1	0.000000	EndOfTrD582	0.000000	0.000000	0.000000	0	7	0.000000
4	1	0.511770	D582	0.000000	1.000000	0.041678	43	34	45.900718
5	4	0.606589	D495	0.000000	1.000000	0.061210	26	7	14.811933
6	4	0.536729	D497	0.000000	1.000000	0.032861	17	27	25.494929
7	5	1.000000	EndOfTrD286	0.000000	0.000000	0.000000	16	0	0.000000
8	5	0.771499	D286	0.000000	1.000000	0.053005	10	7	10.003891
9	6	0.076923	EndOfTrD433	0.000000	0.000000	0.000000	1	12	3.062177
10	6	0.219577	D433	0.000000	1.000000	0.034587	16	15	18.649848
11	8	0.514671	D561	0.000000	1.000000	0.036281	2	7	4.140873
12	8	1.000000	EndOfTrD496	0.000000	0.000000	0.000000	8	0	0.000000
13	10	0.481723	D496	0.000000	0.979112	0.048460	15	6	10.912658
14	10	0.100000	EndOfTrEndOfTrEndOfTrD528	0.000000	0.000000	0.000000	1	9	2.823635
15	11	0.666667	EndOfTrEndOfTrD528	0.000000	0.000000	0.000000	2	1	1.658608
16	11	0.000000	EndOfTrD528	0.000000	0.000000	0.000000	0	6	0.000000
17	13	0.260000	D528	0.000000	1.000000	0.032559	5	6	6.583124
18	13	1.000000	EndOfTrEndOfTrEndOfTree	0.000000	0.000000	0.000000	10	0	0.000000
19	17	0.833333	EndOfTrEndOfTree	0.000000	0.000000	0.000000	5	1	2.348115
20	17	0.000000	EndOfTree	0.000000	0.000000	0.000000	0	5	0.000000
Finished fold 5: ncu = 100.

ID	chemid	Y	Prob1	F.Prob	Tree1	Forest	Conf1	F.Conf
1	1	1	0.913043	0.693090	1	1	0.826087	0.386180
2	2	1	0.909091	0.966403	1	1	0.818182	0.932806
3	3	1	0.909091	0.966403	1	1	0.818182	0.932806
4	4	1	0.913043	0.794723	1	1	0.826087	0.589446
5	5	1	1.000000	0.742647	1	1	1.000000	0.485294
6	6	1	1.000000	1.000000	1	1	1.000000	1.000000
7	7	1	1.000000	0.963197	1	1	1.000000	0.926393
8	8	0	1.000000	0.500000	1	1	1.000000	0.000000
9	9	0	0.913043	0.744638	1	1	0.826087	0.489275
10	10	1	1.000000	0.500000	1	1	1.000000	0.000000
11	11	1	0.000000	0.000000	0	0	1.000000	1.000000
12	12	0	0.000000	0.302308	0	0	1.000000	0.395385
13	13	0	0.000000	0.000000	0	0	1.000000	1.000000
14	14	0	0.000000	0.000000	0	0	1.000000	1.000000
15	15	0	0.000000	0.126593	0	0	1.000000	0.746813
16	16	0	0.000000	0.242647	0	0	1.000000	0.514706
17	17	0	0.000000	0.487500	0	0	1.000000	0.025000
18	18	0	0.000000	0.000000	0	0	1.000000	1.000000
19	19	0	0.000000	0.000000	0	0	1.000000	1.000000
20	20	0	0.000000	0.000000	0	0	1.000000	1.000000
21	21	0	1.000000	0.500000	1	1	1.000000	0.000000
22	22	0	0.125000	0.503977	0	1	0.750000	0.007955
23	23	1	1.000000	0.792063	1	1	1.000000	0.584127
24	24	1	0.000000	0.521299	0	1	1.000000	0.042597
25	25	1	1.000000	0.776923	1	1	1.000000	0.553846
26	26	1	0.714286	0.678571	1	1	0.428571	0.357143
27	27	1	1.000000	0.896520	1	1	1.000000	0.793040
28	28	1	0.000000	0.250000	0	0	1.000000	0.500000
29	29	1	1.000000	0.491379	1	0	1.000000	0.017241
30	30	1	0.000000	0.000000	0	0	1.000000	1.000000
31	31	0	0.000000	0.000000	0	0	1.000000	1.000000
32	32	0	0.000000	0.472854	0	0	1.000000	0.054293
33	33	0	0.000000	0.480000	0	0	1.000000	0.040000
34	34	0	0.000000	0.250000	0	0	1.000000	0.500000
35	35	0	1.000000	1.000000	1	1	1.000000	1.000000
36	36	0	1.000000	1.000000	1	1	1.000000	1.000000
37	37	1	1.000000	0.197159	1	0	1.000000	0.605682
38	38	1	0.000000	0.598189	0	1	1.000000	0.196379
39	39	1	1.000000	0.800748	1	1	1.000000	0.601496
40	40	1	1.000000	0.787692	1	1	1.000000	0.575385
41	41	1	1.000000	1.000000	1	1	1.000000	1.000000
42	42	1	0.750000	0.452473	1	0	0.500000	0.095055
43	43	1	1.000000	0.984026	1	1	1.000000	0.968053
44	44	0	1.000000	0.572464	1	1	1.000000	0.144928
45	45	0	0.000000	0.773586	0	1	1.000000	0.547173
46	46	0	0.000000	0.000000	0	0	1.000000	1.000000
47	47	0	0.000000	0.500000	0	1	1.000000	0.000000
48	48	0	0.000000	0.242647	0	0	1.000000	0.514706
49	49	0	0.000000	0.242647	0	0	1.000000	0.514706
50	50	0	0.000000	0.000000	0	0	1.000000	1.000000
51	51	0	0.000000	0.027841	0	0	1.000000	0.944318
52	52	0	0.000000	0.329091	0	0	1.000000	0.341818
53	53	0	0.000000	0.239130	0	0	1.000000	0.521739
54	54	0	0.000000	0.000000	0	0	1.000000	1.000000
55	55	1	0.913043	0.750279	1	1	0.826087	0.500557
56	56	1	0.913043	0.698923	1	1	0.826087	0.397847
57	57	1	1.000000	0.535714	1	1	1.000000	0.071429
58	58	1	0.913043	0.706616	1	1	0.826087	0.413231
59	59	1	1.000000	0.984026	1	1	1.000000	0.968053
60	60	0	1.000000	0.492647	1	0	1.000000	0.014706
61	61	1	0.000000	0.500000	0	1	1.000000	0.000000
62	62	1	0.000000	0.000000	0	0	1.000000	1.000000
63	63	0	0.000000	0.000000	0	0	1.000000	1.000000
64	64	0	0.000000	0.000000	0	0	1.000000	1.000000
65	65	0	0.000000	0.000000	0	0	1.000000	1.000000
66	66	0	0.125000	0.268750	0	0	0.750000	0.462500
67	67	1	0.000000	0.491379	0	0	1.000000	0.017241
68	68	1	1.000000	0.571429	1	1	1.000000	0.142857
69	69	0	0.000000	0.000000	0	0	1.000000	1.000000
70	70	0	0.909091	0.227273	1	0	0.818182	0.545455
71	71	0	0.000000	0.500000	0	1	1.000000	0.000000
72	72	0	0.000000	0.000000	0	0	1.000000	1.000000
73	73	0	1.000000	0.500000	1	1	1.000000	0.000000
74	74	0	0.000000	0.000000	0	0	1.000000	1.000000
75	75	1	1.000000	0.987500	1	1	1.000000	0.975000
76	76	1	1.000000	0.987500	1	1	1.000000	0.975000
77	77	1	1.000000	0.984026	1	1	1.000000	0.968053
78	78	0	1.000000	0.666667	1	1	1.000000	0.333333
79	79	0	1.000000	0.737500	1	1	1.000000	0.475000
80	80	0	1.000000	0.487500	1	0	1.000000	0.025000
81	81	1	0.000000	0.500000	0	1	1.000000	0.000000
82	82	1	0.000000	0.674242	0	1	1.000000	0.348485
83	83	1	0.000000	0.189583	0	0	1.000000	0.620833
84	84	0	0.000000	0.484026	0	0	1.000000	0.031947
85	85	0	0.600000	0.508687	1	1	0.200000	0.017374
86	86	0	0.000000	0.238889	0	0	1.000000	0.522222
87	87	1	0.000000	0.000000	0	0	1.000000	1.000000
88	88	0	0.000000	0.000000	0	0	1.000000	1.000000
89	89	0	0.000000	0.293750	0	0	1.000000	0.412500
90	90	0	0.000000	0.000000	0	0	1.000000	1.000000
91	91	0	0.000000	0.250000	0	0	1.000000	0.500000
92	92	0	1.000000	1.000000	1	1	1.000000	1.000000
93	93	0	0.000000	0.739130	0	1	1.000000	0.478261
94	94	0	0.000000	0.259569	0	0	1.000000	0.480861
95	95	0	1.000000	0.453333	1	0	1.000000	0.093333
96	96	0	0.000000	0.720088	0	1	1.000000	0.440177
97	97	1	1.000000	0.984026	1	1	1.000000	0.968053
98	98	1	1.000000	0.877742	1	1	1.000000	0.755484
99	99	1	0.000000	0.400000	0	0	1.000000	0.200000
100	100	1	0.000000	0.734026	0	1	1.000000	0.468053
101	101	0	0.913043	0.794723	1	1	0.826087	0.589446
102	102	1	0.000000	0.493333	0	0	1.000000	0.013333
103	103	0	0.800000	0.900000	1	1	0.600000	0.800000
104	104	1	1.000000	0.528359	1	1	1.000000	0.056717
105	105	0	0.000000	0.000000	0	0	1.000000	1.000000
106	106	0	0.000000	0.402273	0	0	1.000000	0.195455
107	107	0	0.000000	0.500000	0	1	1.000000	0.000000
108	108	0	0.000000	0.000000	0	0	1.000000	1.000000
109	109	0	0.000000	0.000000	0	0	1.000000	1.000000
110	110	0	0.000000	0.000000	0	0	1.000000	1.000000
111	111	0	0.000000	0.000000	0	0	1.000000	1.000000
112	112	0	0.000000	0.272727	0	0	1.000000	0.454545
113	113	1	0.000000	0.000000	0	0	1.000000	1.000000
114	114	1	0.000000	0.000000	0	0	1.000000	1.000000
115	115	1	0.000000	0.083333	0	0	1.000000	0.833333
116	116	0	1.000000	0.833271	1	1	1.000000	0.666542
117	117	0	0.909091	0.964773	1	1	0.818182	0.929545
118	118	1	0.000000	0.563763	0	1	1.000000	0.127525
119	119	1	0.000000	0.241379	0	0	1.000000	0.517241
120	120	1	1.000000	0.891176	1	1	1.000000	0.782353
121	121	1	0.913043	0.984638	1	1	0.826087	0.969275
122	122	1	1.000000	0.563904	1	1	1.000000	0.127807
123	123	1	1.000000	1.000000	1	1	1.000000	1.000000
124	124	1	1.000000	0.394444	1	0	1.000000	0.211111
125	125	1	0.913043	0.584638	1	1	0.826087	0.169275
Total data set: active = 57, inactive = 68.
First tree: MIS, FP, FN, TP, TN	39	19	20	37	49
First tree: accuracy (concordance), prevalence	68.80%	45.60%
First tree: sensitivity, specificity	64.91%	72.06%
First tree: positive predictivity, negative predictivity	66.07%	71.01%
First tree: false positive rate, false negative rate	27.94%	35.09%
Forest: MIS, FP, FN, TP, TN	39	22	17	40	46
Forest: accuracy (concordance), prevalence	68.80%	45.60%
Forest: sensitivity, specificity	70.18%	67.65%
Forest: positive predictivity, negative predictivity	64.52%	73.02%
Forest: false positive rate, false negative rate	32.35%	29.82%
----------------------------------------------------------------------
Program finished normally.
