----------------------------------------------------------------------
/home/jshen/program/DF/forest ../x_scaled_DF.txt 5 2 2 3 0.005 10 
----------------------------------------------------------------------
Seed = 2, MT = 2, MIN_CUT = 3, MIN_REDUCTION = 0.005, MaxT = 10.
Input file, ../x_scaled_DF.txt, has been opened.
Finished reading in data: MCV = 7, MC = 125, MD = 511.
Finished sorting.
In a descriptor, the number of same values > MC - MIN_CUT.
Sparse descriptor list (removed):
Removed 0 sparse descriptor column(s): MD = 511.

5-fold cross validation.
Finished generate a random sequence.

Model data set: active = 46, inactive = 54.
Finished the first tree, MIS = 4.
Finished all trees: NT = 7, MIS = 4.
Mnode	17	15	19	21	19	19	19
Node	Parent	Breakvalue	Variable	Range_low	Range_high	Variance	Num_active	Num_inactive	Deviance
0	-1	0.442521	D432	0.000000	1.000000	0.039395	46	54	59.927753
1	0	0.395038	D463	0.169847	1.000000	0.054888	46	35	48.116089
2	0	0.000000	EndOfTrEndOfTrD478	0.000000	0.000000	0.000000	0	19	0.000000
3	1	0.000000	EndOfTrD478	0.000000	0.000000	0.000000	0	9	0.000000
4	1	0.720553	D478	0.000000	0.879207	0.036006	46	26	40.903545
5	4	0.172170	D199	0.000000	1.000000	0.060543	46	19	34.112379
6	4	0.000000	EndOfTrEndOfTrD467	0.000000	0.000000	0.000000	0	7	0.000000
7	5	0.000000	EndOfTrD467	0.000000	0.000000	0.000000	0	5	0.000000
8	5	0.329457	D467	0.000000	1.000000	0.035483	46	14	28.312845
9	8	0.512590	D458	0.000000	1.000000	0.058891	5	9	7.925520
10	8	0.738866	D281	0.000000	1.000000	0.029289	41	5	13.735744
11	9	0.750000	D756	0.000000	1.000000	0.117652	2	9	4.530154
12	9	1.000000	EndOfTrEndOfTrEndOfTrEndOfTrEndOfTrD213	0.000000	0.000000	0.000000	3	0	0.000000
13	10	0.952381	EndOfTrEndOfTrEndOfTrEndOfTrD213	0.000000	0.000000	0.000000	40	2	6.984021
14	10	0.250000	EndOfTrEndOfTrEndOfTrD213	0.000000	0.000000	0.000000	1	3	1.953752
15	11	0.000000	EndOfTrEndOfTrD213	0.000000	0.000000	0.000000	0	8	0.000000
16	11	0.666667	EndOfTrD213	0.000000	0.000000	0.000000	2	1	1.658608
0	-1	0.413453	D213	0.000000	1.000000	0.029372	46	54	59.927753
1	0	0.253683	D282	0.000000	1.000000	0.035735	46	36	48.837971
2	0	0.000000	EndOfTrEndOfTrD572	0.000000	0.000000	0.000000	0	18	0.000000
3	1	0.000000	EndOfTrD572	0.000000	0.000000	0.000000	0	9	0.000000
4	1	0.065659	D572	0.000000	1.000000	0.010949	46	27	41.777774
5	4	1.000000	EndOfTrD274	0.000000	0.000000	0.000000	15	0	0.000000
6	4	0.674915	D274	0.000000	1.000000	0.030610	31	27	34.799579
7	6	0.208452	D232	0.011412	1.000000	0.032607	10	22	17.263001
8	6	0.364706	D491	0.000000	0.980000	0.028951	21	5	11.055704
9	7	1.000000	EndOfTrD437	0.000000	0.000000	0.000000	5	0	0.000000
10	7	0.349442	D437	0.000000	1.000000	0.038797	5	22	11.237345
11	8	0.000000	EndOfTrEndOfTrEndOfTrEndOfTrD595	0.000000	0.000000	0.000000	0	3	0.000000
12	8	0.913043	EndOfTrEndOfTrEndOfTrD595	0.000000	0.000000	0.000000	21	2	5.902150
13	10	0.045455	EndOfTrEndOfTrD595	0.000000	0.000000	0.000000	1	21	3.533388
14	10	0.800000	EndOfTrD595	0.000000	0.000000	0.000000	4	1	2.173220
0	-1	0.759070	D595	0.119535	1.000000	0.053998	46	54	59.927753
1	0	0.851293	D521	0.000000	1.000000	0.051713	45	32	45.400847
2	0	0.043478	EndOfTrD283	0.000000	0.000000	0.000000	1	22	3.572883
3	1	0.805869	D283	0.000000	1.000000	0.029071	45	23	37.792605
4	1	0.000000	EndOfTrD582	0.000000	0.000000	0.000000	0	9	0.000000
5	3	0.511770	D582	0.000000	1.000000	0.038882	45	17	31.632180
6	3	0.000000	EndOfTrD259	0.000000	0.000000	0.000000	0	6	0.000000
7	5	0.570118	D259	0.000000	1.000000	0.037017	27	3	8.470904
8	5	0.736018	D580	0.000000	1.000000	0.051282	18	14	19.048203
9	7	1.000000	EndOfTrD427	0.000000	0.000000	0.000000	23	0	0.000000
10	7	0.440741	D427	0.000000	1.000000	0.042364	4	3	4.152165
11	8	0.451465	D352	0.000000	1.000000	0.048152	8	14	12.525573
12	8	1.000000	EndOfTrEndOfTrEndOfTrD262	0.000000	0.000000	0.000000	10	0	0.000000
13	10	0.250000	EndOfTrEndOfTrD262	0.000000	0.000000	0.000000	1	3	1.953752
14	10	1.000000	EndOfTrD262	0.000000	0.000000	0.000000	3	0	0.000000
15	11	0.538894	D262	0.078257	1.000000	0.042786	8	4	6.634430
16	11	0.000000	EndOfTrEndOfTrEndOfTrD431	0.000000	0.000000	0.000000	0	10	0.000000
17	15	0.200000	EndOfTrEndOfTrD431	0.000000	0.000000	0.000000	1	4	2.173220
18	15	1.000000	EndOfTrD431	0.000000	0.000000	0.000000	7	0	0.000000
0	-1	0.430982	D431	0.000000	1.000000	0.038369	46	54	59.927753
1	0	0.789665	D450	0.049864	1.000000	0.052271	46	37	49.546315
2	0	0.000000	EndOfTrD564	0.000000	0.000000	0.000000	0	17	0.000000
3	1	0.050622	D564	0.000000	1.000000	0.072638	46	29	43.466385
4	1	0.000000	EndOfTrD422	0.000000	0.000000	0.000000	0	8	0.000000
5	3	0.068695	D422	0.000000	1.000000	0.021589	27	3	8.470904
6	3	0.221398	D509	0.000000	0.844633	0.026727	19	26	26.617875
7	5	0.117809	D510	0.000000	1.000000	0.022187	3	3	3.612360
8	5	1.000000	EndOfTrD457	0.000000	0.000000	0.000000	24	0	0.000000
9	6	0.579463	D457	0.000000	0.897833	0.057946	2	16	5.453851
10	6	0.174632	D246	0.000000	1.000000	0.034623	17	10	15.458380
11	7	1.000000	EndOfTrEndOfTrEndOfTrEndOfTrD453	0.000000	0.000000	0.000000	3	0	0.000000
12	7	0.000000	EndOfTrEndOfTrEndOfTrD453	0.000000	0.000000	0.000000	0	3	0.000000
13	9	0.000000	EndOfTrEndOfTrD453	0.000000	0.000000	0.000000	0	15	0.000000
14	9	0.666667	EndOfTrD453	0.000000	0.000000	0.000000	2	1	1.658608
15	10	0.536777	D453	0.130882	1.000000	0.031651	17	6	11.466402
16	10	0.000000	EndOfTrEndOfTrD476	0.000000	0.000000	0.000000	0	4	0.000000
17	15	1.000000	EndOfTrD476	0.000000	0.000000	0.000000	12	0	0.000000
18	15	0.570267	D476	0.000000	1.000000	0.019450	5	6	6.583124
19	18	0.000000	EndOfTrEndOfTrD415	0.000000	0.000000	0.000000	0	4	0.000000
20	18	0.714286	EndOfTrD415	0.000000	0.000000	0.000000	5	2	3.637553
0	-1	0.378642	D415	0.010950	1.000000	0.030573	46	54	59.927753
1	0	0.021838	D482	0.000000	1.000000	0.044479	46	37	49.546315
2	0	0.000000	EndOfTrEndOfTrD746	0.000000	0.000000	0.000000	0	17	0.000000
3	1	0.000000	EndOfTrD746	0.000000	0.000000	0.000000	0	8	0.000000
4	1	0.225000	D746	0.000000	1.000000	0.050801	46	29	43.466385
5	4	0.059274	D295	0.000000	1.000000	0.034970	28	29	34.309800
6	4	1.000000	EndOfTrEndOfTrD424	0.000000	0.000000	0.000000	18	0	0.000000
7	5	0.000000	EndOfTrD424	0.000000	0.000000	0.000000	0	8	0.000000
8	5	0.182749	D424	0.000000	1.000000	0.035555	28	21	29.065156
9	8	1.000000	EndOfTrD195	0.000000	0.000000	0.000000	9	0	0.000000
10	8	0.750629	D195	0.000000	1.000000	0.035398	19	21	24.038952
11	10	0.834673	D452	0.000000	1.000000	0.024258	2	13	5.116091
12	10	0.339416	D490	0.000000	1.000000	0.029494	17	8	13.612297
13	11	0.000000	EndOfTrEndOfTrEndOfTrD461	0.000000	0.000000	0.000000	0	12	0.000000
14	11	0.666667	EndOfTrEndOfTrD461	0.000000	0.000000	0.000000	2	1	1.658608
15	12	1.000000	EndOfTrD461	0.000000	0.000000	0.000000	13	0	0.000000
16	12	0.141639	D461	0.000000	0.547183	0.013757	4	8	6.634430
17	16	0.111111	EndOfTrEndOfTrD124	0.000000	0.000000	0.000000	1	8	2.726925
18	16	1.000000	EndOfTrD124	0.000000	0.000000	0.000000	3	0	0.000000
0	-1	0.420000	D124	0.000000	1.000000	0.035223	46	54	59.927753
1	0	0.282787	D288	0.000000	1.000000	0.053877	46	37	49.546315
2	0	0.000000	EndOfTrEndOfTrD462	0.000000	0.000000	0.000000	0	17	0.000000
3	1	0.000000	EndOfTrD462	0.000000	0.000000	0.000000	0	7	0.000000
4	1	0.132409	D462	0.000000	1.000000	0.022037	46	30	44.282670
5	4	0.744000	D248	0.000000	1.000000	0.053160	3	13	6.706585
6	4	0.193276	D462	0.000000	1.000000	0.022037	43	17	31.064600
7	5	0.000000	EndOfTrEndOfTrEndOfTrD439	0.000000	0.000000	0.000000	0	11	0.000000
8	5	0.600000	EndOfTrEndOfTrD439	0.000000	0.000000	0.000000	3	2	2.922853
9	6	1.000000	EndOfTrD439	0.000000	0.000000	0.000000	16	0	0.000000
10	6	0.324476	D439	0.000000	1.000000	0.035344	27	17	25.494929
11	10	0.933333	EndOfTrD497	0.000000	0.000000	0.000000	14	1	3.191153
12	10	0.591087	D497	0.193928	1.000000	0.047077	13	16	17.324717
13	12	0.000000	EndOfTrD488	0.000000	0.000000	0.000000	0	10	0.000000
14	12	0.736111	D488	0.000000	1.000000	0.057610	13	6	10.292295
15	14	0.670091	D584	0.232877	1.000000	0.044085	13	2	5.116091
16	14	0.000000	EndOfTrEndOfTrEndOfTrD131	0.000000	0.000000	0.000000	0	4	0.000000
17	15	1.000000	EndOfTrEndOfTrD131	0.000000	0.000000	0.000000	12	0	0.000000
18	15	0.333333	EndOfTrD131	0.000000	0.000000	0.000000	1	2	1.658608
0	-1	0.381926	D131	0.000000	1.000000	0.033991	46	54	59.927753
1	0	0.821086	D278	0.000000	1.000000	0.033569	46	37	49.546315
2	0	0.000000	EndOfTrD579	0.000000	0.000000	0.000000	0	17	0.000000
3	1	0.917415	D579	0.000000	1.000000	0.038718	46	30	44.282670
4	1	0.000000	EndOfTrD157	0.000000	0.000000	0.000000	0	7	0.000000
5	3	0.145013	D157	0.000000	1.000000	0.025512	46	23	38.147974
6	3	0.000000	EndOfTrEndOfTrD276	0.000000	0.000000	0.000000	0	7	0.000000
7	5	1.000000	EndOfTrD276	0.000000	0.000000	0.000000	12	0	0.000000
8	5	0.421829	D276	0.000000	1.000000	0.037489	34	23	33.389687
9	8	0.000000	EndOfTrD217	0.000000	0.000000	0.000000	0	6	0.000000
10	8	0.150666	D217	0.000000	1.000000	0.044991	34	17	28.196328
11	10	0.255460	D194	0.000000	1.000000	0.013594	12	14	15.586679
12	10	0.880000	EndOfTrEndOfTrD496	0.000000	0.000000	0.000000	22	3	7.967675
13	11	0.000000	EndOfTrD496	0.000000	0.000000	0.000000	0	10	0.000000
14	11	0.469974	D496	0.000000	1.000000	0.051830	12	4	7.815010
15	14	0.131478	D518	0.000000	1.000000	0.020624	3	4	4.152165
16	14	1.000000	EndOfTrEndOfTrEndOfTree	0.000000	0.000000	0.000000	9	0	0.000000
17	15	1.000000	EndOfTrEndOfTree	0.000000	0.000000	0.000000	3	0	0.000000
18	15	0.000000	EndOfTree	0.000000	0.000000	0.000000	0	4	0.000000
Finished fold 1: ncu = 100.

Model data set: active = 45, inactive = 55.
Finished the first tree, MIS = 2.
Current MIS = 3.
Current MIS = 4.
Finished all trees: NT = 7, MIS = 4.
Mnode	19	19	21	17	19	19	23
Node	Parent	Breakvalue	Variable	Range_low	Range_high	Variance	Num_active	Num_inactive	Deviance
0	-1	0.441181	D432	0.000775	0.791111	0.043728	45	55	59.770978
1	0	0.934071	D473	0.000000	0.992300	0.037864	45	38	49.714284
2	0	0.000000	EndOfTrD467	0.000000	0.000000	0.000000	0	17	0.000000
3	1	0.315891	D467	0.000000	1.000000	0.044968	29	38	39.811386
4	1	1.000000	EndOfTrEndOfTrD249	0.000000	0.000000	0.000000	16	0	0.000000
5	3	0.058824	EndOfTrD249	0.000000	0.000000	0.000000	1	16	3.303424
6	3	0.389535	D249	0.011628	1.000000	0.049898	28	22	29.789553
7	6	0.000000	EndOfTrD521	0.000000	0.000000	0.000000	0	7	0.000000
8	6	0.758621	D521	0.000000	1.000000	0.046683	28	15	24.154700
9	8	0.573107	D496	0.027415	1.000000	0.045419	28	11	20.151551
10	8	0.000000	EndOfTrD478	0.000000	0.000000	0.000000	0	4	0.000000
11	9	0.710938	D478	0.000000	1.000000	0.032001	15	11	15.385237
12	9	1.000000	EndOfTrD452	0.000000	0.000000	0.000000	13	0	0.000000
13	11	0.715434	D452	0.000000	1.000000	0.020388	15	7	11.952488
14	11	0.000000	EndOfTrEndOfTrD582	0.000000	0.000000	0.000000	0	4	0.000000
15	13	1.000000	EndOfTrD582	0.000000	0.000000	0.000000	10	0	0.000000
16	13	0.487288	D582	0.012241	0.942561	0.038640	5	7	7.079277
17	16	0.833333	EndOfTrEndOfTrD213	0.000000	0.000000	0.000000	5	1	2.348115
18	16	0.000000	EndOfTrD213	0.000000	0.000000	0.000000	0	6	0.000000
0	-1	0.413453	D213	0.026707	0.704799	0.042353	45	55	59.770978
1	0	0.253683	D282	0.000000	0.920287	0.035650	45	39	50.386754
2	0	0.000000	EndOfTrEndOfTrD572	0.000000	0.000000	0.000000	0	16	0.000000
3	1	0.000000	EndOfTrD572	0.000000	0.000000	0.000000	0	9	0.000000
4	1	0.065659	D572	0.000000	0.309713	0.031883	45	30	43.842788
5	4	1.000000	EndOfTrD248	0.000000	0.000000	0.000000	15	0	0.000000
6	4	0.556000	D248	0.016000	1.000000	0.046565	30	30	36.123599
7	6	0.419281	D590	0.000000	1.000000	0.041907	6	20	12.199599
8	6	0.649829	D584	0.000000	0.933219	0.029511	24	10	17.890427
9	7	1.000000	EndOfTrD509	0.000000	0.000000	0.000000	4	0	0.000000
10	7	0.642832	D509	0.000000	1.000000	0.024549	2	20	5.821278
11	8	0.332896	D510	0.000000	1.000000	0.021954	22	4	9.695536
12	8	0.627551	D524	0.000000	1.000000	0.050027	2	6	3.907505
13	10	0.000000	EndOfTrEndOfTrEndOfTrEndOfTrEndOfTrEndOfTrD431	0.000000	0.000000	0.000000	0	19	0.000000
14	10	0.666667	EndOfTrEndOfTrEndOfTrEndOfTrEndOfTrD431	0.000000	0.000000	0.000000	2	1	1.658608
15	11	0.954545	EndOfTrEndOfTrEndOfTrEndOfTrD431	0.000000	0.000000	0.000000	21	1	3.533388
16	11	0.250000	EndOfTrEndOfTrEndOfTrD431	0.000000	0.000000	0.000000	1	3	1.953752
17	12	0.000000	EndOfTrEndOfTrD431	0.000000	0.000000	0.000000	0	5	0.000000
18	12	0.666667	EndOfTrD431	0.000000	0.000000	0.000000	2	1	1.658608
0	-1	0.433909	D431	0.001732	0.873711	0.034704	45	55	59.770978
1	0	0.516787	D458	0.000000	1.000000	0.058856	45	40	51.047292
2	0	0.000000	EndOfTrD448	0.000000	0.000000	0.000000	0	15	0.000000
3	1	0.365521	D448	0.000000	0.997630	0.044676	15	29	24.522014
4	1	0.000033	D164	0.000002	0.289906	0.009993	30	11	20.710362
5	3	0.818195	D570	0.000000	0.955742	0.018615	8	2	4.346440
6	3	0.219286	D456	0.000000	1.000000	0.043226	7	27	15.015551
7	4	1.000000	EndOfTrD462	0.000000	0.000000	0.000000	16	0	0.000000
8	4	0.144200	D462	0.000000	1.000000	0.025778	14	11	14.894776
9	5	1.000000	EndOfTrEndOfTrEndOfTrD279	0.000000	0.000000	0.000000	7	0	0.000000
10	5	0.333333	EndOfTrEndOfTrD279	0.000000	0.000000	0.000000	1	2	1.658608
11	6	1.000000	EndOfTrD279	0.000000	0.000000	0.000000	4	0	0.000000
12	6	0.385006	D279	0.091910	0.990258	0.033955	3	27	8.470904
13	8	0.000000	EndOfTrD776	0.000000	0.000000	0.000000	0	6	0.000000
14	8	0.715770	D776	0.000000	0.916870	0.064064	14	5	9.511352
15	12	0.147444	D259	0.000000	0.928244	0.037761	3	3	3.612360
16	12	0.000000	EndOfTrEndOfTrEndOfTrEndOfTrEndOfTrD295	0.000000	0.000000	0.000000	0	24	0.000000
17	14	0.875000	EndOfTrEndOfTrEndOfTrEndOfTrD295	0.000000	0.000000	0.000000	14	2	5.236134
18	14	0.000000	EndOfTrEndOfTrEndOfTrD295	0.000000	0.000000	0.000000	0	3	0.000000
19	15	0.000000	EndOfTrEndOfTrD295	0.000000	0.000000	0.000000	0	3	0.000000
20	15	1.000000	EndOfTrD295	0.000000	0.000000	0.000000	3	0	0.000000
0	-1	0.407266	D295	0.015180	0.784632	0.037214	45	55	59.770978
1	0	0.779352	D281	0.176113	1.000000	0.036467	45	40	51.047292
2	0	0.000000	EndOfTrD348	0.000000	0.000000	0.000000	0	15	0.000000
3	1	0.097656	D348	0.007812	0.957031	0.045411	45	32	45.400847
4	1	0.000000	EndOfTrEndOfTrD360	0.000000	0.000000	0.000000	0	8	0.000000
5	3	1.000000	EndOfTrD360	0.000000	0.000000	0.000000	12	0	0.000000
6	3	0.037991	D360	0.000000	1.000000	0.016130	33	32	39.127218
7	6	0.000000	EndOfTrD361	0.000000	0.000000	0.000000	0	8	0.000000
8	6	0.573055	D361	0.000000	1.000000	0.046177	33	24	33.697674
9	8	0.301685	D231	0.000000	0.940872	0.022438	28	10	19.022704
10	8	0.060711	D564	0.000000	1.000000	0.073765	5	14	9.511352
11	9	1.000000	EndOfTrD469	0.000000	0.000000	0.000000	21	0	0.000000
12	9	0.197511	D469	0.000000	1.000000	0.009906	7	10	10.003891
13	10	0.000000	EndOfTrEndOfTrEndOfTrEndOfTrD131	0.000000	0.000000	0.000000	0	13	0.000000
14	10	0.833333	EndOfTrEndOfTrEndOfTrD131	0.000000	0.000000	0.000000	5	1	2.348115
15	12	0.166667	EndOfTrEndOfTrD131	0.000000	0.000000	0.000000	2	10	4.696230
16	12	1.000000	EndOfTrD131	0.000000	0.000000	0.000000	5	0	0.000000
0	-1	0.381926	D131	0.000000	0.706828	0.046608	45	55	59.770978
1	0	0.820542	D283	0.180587	1.000000	0.036424	45	40	51.047292
2	0	0.000000	EndOfTrD229	0.000000	0.000000	0.000000	0	15	0.000000
3	1	0.163858	D229	0.000109	0.962797	0.029682	45	32	45.400847
4	1	0.000000	EndOfTrEndOfTrD491	0.000000	0.000000	0.000000	0	8	0.000000
5	3	1.000000	EndOfTrD491	0.000000	0.000000	0.000000	11	0	0.000000
6	3	0.371176	D491	0.000000	1.000000	0.036357	34	32	39.709635
7	6	0.083333	EndOfTrD491	0.000000	0.000000	0.000000	1	11	2.989711
8	6	0.560000	D491	0.000000	1.000000	0.036357	33	21	31.343396
9	8	0.657627	D274	0.117288	0.983051	0.033610	27	5	12.046255
10	8	0.696610	D274	0.117288	0.983051	0.033610	6	16	11.196944
11	9	0.300000	D528	0.000000	0.840000	0.031098	11	5	8.631500
12	9	1.000000	EndOfTrEndOfTrD459	0.000000	0.000000	0.000000	16	0	0.000000
13	10	0.000000	EndOfTrD459	0.000000	0.000000	0.000000	0	12	0.000000
14	10	0.330732	D459	0.029268	1.000000	0.040905	6	4	5.845705
15	11	0.846154	EndOfTrEndOfTrEndOfTrEndOfTrD124	0.000000	0.000000	0.000000	11	2	4.847768
16	11	0.000000	EndOfTrEndOfTrEndOfTrD124	0.000000	0.000000	0.000000	0	3	0.000000
17	14	0.200000	EndOfTrEndOfTrD124	0.000000	0.000000	0.000000	1	4	2.173220
18	14	1.000000	EndOfTrD124	0.000000	0.000000	0.000000	5	0	0.000000
0	-1	0.420000	D124	0.000000	0.733333	0.046936	45	55	59.770978
1	0	0.141078	D503	0.058517	0.470452	0.057698	45	40	51.047292
2	0	0.000000	EndOfTrEndOfTrD450	0.000000	0.000000	0.000000	0	15	0.000000
3	1	1.000000	EndOfTrD450	0.000000	0.000000	0.000000	9	0	0.000000
4	1	0.772892	D450	0.000000	0.980961	0.048034	36	40	45.665087
5	4	0.339698	D123	0.001142	1.000000	0.033229	36	32	40.837833
6	4	0.000000	EndOfTrD494	0.000000	0.000000	0.000000	0	8	0.000000
7	5	0.272942	D494	0.000000	1.000000	0.040631	23	7	14.156422
8	5	0.302570	D277	0.025335	0.904090	0.043379	13	25	21.204026
9	7	1.000000	EndOfTrD489	0.000000	0.000000	0.000000	18	0	0.000000
10	7	0.526923	D489	0.000000	0.989744	0.023492	5	7	7.079277
11	8	0.198601	D480	0.021529	1.000000	0.027164	13	12	15.034123
12	8	0.000000	EndOfTrEndOfTrEndOfTrD474	0.000000	0.000000	0.000000	0	13	0.000000
13	10	0.833333	EndOfTrEndOfTrD474	0.000000	0.000000	0.000000	5	1	2.348115
14	10	0.000000	EndOfTrD474	0.000000	0.000000	0.000000	0	6	0.000000
15	11	0.917683	D474	0.000000	1.000000	0.029877	3	11	6.318218
16	11	0.909091	EndOfTrEndOfTrEndOfTrD126	0.000000	0.000000	0.000000	10	1	2.910639
17	15	0.000000	EndOfTrEndOfTrD126	0.000000	0.000000	0.000000	0	10	0.000000
18	15	0.750000	EndOfTrD126	0.000000	0.000000	0.000000	3	1	1.953752
0	-1	0.435065	D126	0.000000	0.753247	0.044518	45	55	59.770978
1	0	0.662926	D454	0.000000	1.000000	0.024012	45	40	51.047292
2	0	0.000000	EndOfTrD500	0.000000	0.000000	0.000000	0	15	0.000000
3	1	0.265724	D500	0.000000	1.000000	0.016979	25	35	35.396387
4	1	0.100000	D675	0.000000	0.800000	0.080372	20	5	10.866101
5	3	0.818306	D293	0.000000	1.000000	0.061473	4	20	9.392460
6	3	0.824742	D594	0.000000	1.000000	0.044487	21	15	21.237832
7	4	0.904297	D471	0.000000	0.967773	0.042722	3	5	4.597012
8	4	1.000000	EndOfTrEndOfTrD485	0.000000	0.000000	0.000000	17	0	0.000000
9	5	0.000000	EndOfTrD485	0.000000	0.000000	0.000000	0	14	0.000000
10	5	0.119896	D485	0.000000	1.000000	0.027630	4	6	5.845705
11	6	0.500000	D223	0.024390	0.975610	0.060700	9	14	13.371530
12	6	0.923077	EndOfTrEndOfTrEndOfTrEndOfTrEndOfTrD268	0.000000	0.000000	0.000000	12	1	3.062177
13	7	0.000000	EndOfTrEndOfTrEndOfTrEndOfTrD268	0.000000	0.000000	0.000000	0	5	0.000000
14	7	1.000000	EndOfTrEndOfTrEndOfTrD268	0.000000	0.000000	0.000000	3	0	0.000000
15	10	0.142857	EndOfTrEndOfTrD268	0.000000	0.000000	0.000000	1	6	2.493558
16	10	1.000000	EndOfTrD268	0.000000	0.000000	0.000000	3	0	0.000000
17	11	0.729393	D268	0.065319	1.000000	0.029269	2	12	4.987115
18	11	0.300104	D297	0.000000	1.000000	0.075359	7	2	4.140873
19	17	0.000000	EndOfTrEndOfTrEndOfTrEndOfTree	0.000000	0.000000	0.000000	0	11	0.000000
20	17	0.666667	EndOfTrEndOfTrEndOfTree	0.000000	0.000000	0.000000	2	1	1.658608
21	18	1.000000	EndOfTrEndOfTree	0.000000	0.000000	0.000000	6	0	0.000000
22	18	0.333333	EndOfTree	0.000000	0.000000	0.000000	1	2	1.658608
Finished fold 2: ncu = 100.

Model data set: active = 44, inactive = 56.
Finished the first tree, MIS = 1.
Current MIS = 2.
Current MIS = 3.
Finished all trees: NT = 2, MIS = 3.
Mnode	21	19
Node	Parent	Breakvalue	Variable	Range_low	Range_high	Variance	Num_active	Num_inactive	Deviance
0	-1	0.441181	D432	0.000000	1.000000	0.037715	44	56	59.579105
1	0	0.253683	D282	0.000000	1.000000	0.036301	44	39	49.840088
2	0	0.000000	EndOfTrEndOfTrD572	0.000000	0.000000	0.000000	0	17	0.000000
3	1	0.000000	EndOfTrD572	0.000000	0.000000	0.000000	0	10	0.000000
4	1	0.065411	D572	0.020813	1.000000	0.011063	44	29	42.602218
5	4	1.000000	EndOfTrD173	0.000000	0.000000	0.000000	12	0	0.000000
6	4	0.219027	D173	0.002130	1.000000	0.025680	32	29	36.661557
7	6	0.923939	D261	0.000000	1.000000	0.025290	32	20	30.093549
8	6	0.000000	EndOfTrD675	0.000000	0.000000	0.000000	0	9	0.000000
9	7	0.100000	D675	0.000000	1.000000	0.054287	19	20	23.469203
10	7	1.000000	EndOfTrEndOfTrD195	0.000000	0.000000	0.000000	13	0	0.000000
11	9	0.000000	EndOfTrD195	0.000000	0.000000	0.000000	0	7	0.000000
12	9	0.791221	D195	0.000000	1.000000	0.032668	19	13	18.774435
13	12	0.746212	D488	0.000000	1.000000	0.055461	19	8	14.251567
14	12	0.000000	EndOfTrD499	0.000000	0.000000	0.000000	0	5	0.000000
15	13	0.567534	D499	0.000000	1.000000	0.040927	19	5	10.667803
16	13	0.000000	EndOfTrD219	0.000000	0.000000	0.000000	0	3	0.000000
17	15	0.222222	D219	0.000000	1.000000	0.066354	5	5	6.020600
18	15	1.000000	EndOfTrEndOfTrEndOfTrD213	0.000000	0.000000	0.000000	14	0	0.000000
19	17	0.166667	EndOfTrEndOfTrD213	0.000000	0.000000	0.000000	1	5	2.348115
20	17	1.000000	EndOfTrD213	0.000000	0.000000	0.000000	4	0	0.000000
0	-1	0.413453	D213	0.000000	1.000000	0.028409	44	56	59.579105
1	0	0.417780	D468	0.126878	1.000000	0.024256	44	39	49.840088
2	0	0.000000	EndOfTrEndOfTrD361	0.000000	0.000000	0.000000	0	17	0.000000
3	1	0.000000	EndOfTrD361	0.000000	0.000000	0.000000	0	9	0.000000
4	1	0.612221	D361	0.000000	0.790344	0.071641	44	30	43.395184
5	4	0.699219	D478	0.000000	1.000000	0.035409	43	20	34.197422
6	4	0.090909	EndOfTrD469	0.000000	0.000000	0.000000	1	10	2.910639
7	5	0.244570	D469	0.000000	1.000000	0.009866	42	12	24.845236
8	5	0.111111	EndOfTrD450	0.000000	0.000000	0.000000	1	8	2.726925
9	7	0.774705	D450	0.000000	1.000000	0.054170	40	6	15.471106
10	7	0.732550	D460	0.138889	0.957265	0.043685	2	6	3.907505
11	9	0.171105	D318	0.000000	1.000000	0.026962	40	3	9.450760
12	9	0.000000	EndOfTrEndOfTrEndOfTrEndOfTrD489	0.000000	0.000000	0.000000	0	3	0.000000
13	10	0.000000	EndOfTrEndOfTrEndOfTrD489	0.000000	0.000000	0.000000	0	5	0.000000
14	10	0.666667	EndOfTrEndOfTrD489	0.000000	0.000000	0.000000	2	1	1.658608
15	11	1.000000	EndOfTrD489	0.000000	0.000000	0.000000	35	0	0.000000
16	11	0.416667	D489	0.000000	1.000000	0.027923	5	3	4.597012
17	16	1.000000	EndOfTrEndOfTree	0.000000	0.000000	0.000000	5	0	0.000000
18	16	0.000000	EndOfTree	0.000000	0.000000	0.000000	0	3	0.000000
Finished fold 3: ncu = 100.

Model data set: active = 47, inactive = 53.
Finished the first tree, MIS = 2.
Current MIS = 3.
Finished all trees: NT = 3, MIS = 3.
Mnode	19	19	19
Node	Parent	Breakvalue	Variable	Range_low	Range_high	Variance	Num_active	Num_inactive	Deviance
0	-1	0.420337	D432	0.000000	1.000000	0.039377	47	53	60.049559
1	0	0.522182	D458	0.000000	1.000000	0.061103	47	36	49.335985
2	0	0.000000	EndOfTrD467	0.000000	0.000000	0.000000	0	17	0.000000
3	1	0.312661	D467	0.000000	1.000000	0.046727	13	27	21.908629
4	1	0.565858	D259	0.039318	1.000000	0.039257	34	9	19.161356
5	3	0.000000	EndOfTrD732	0.000000	0.000000	0.000000	0	14	0.000000
6	3	0.750000	D732	0.000000	1.000000	0.128384	13	13	15.653560
7	4	0.883389	D499	0.000000	1.000000	0.036537	30	2	6.498203
8	4	0.233333	D603	0.000000	1.000000	0.043365	4	7	6.262787
9	6	0.480296	D251	0.000000	1.000000	0.020978	7	13	11.247300
10	6	1.000000	EndOfTrEndOfTrEndOfTrEndOfTrEndOfTrEndOfTrD478	0.000000	0.000000	0.000000	6	0	0.000000
11	7	1.000000	EndOfTrEndOfTrEndOfTrEndOfTrEndOfTrD478	0.000000	0.000000	0.000000	29	0	0.000000
12	7	0.333333	EndOfTrEndOfTrEndOfTrEndOfTrD478	0.000000	0.000000	0.000000	1	2	1.658608
13	8	0.800000	EndOfTrEndOfTrEndOfTrD478	0.000000	0.000000	0.000000	4	1	2.173220
14	8	0.000000	EndOfTrEndOfTrD478	0.000000	0.000000	0.000000	0	6	0.000000
15	9	0.000000	EndOfTrD478	0.000000	0.000000	0.000000	0	9	0.000000
16	9	0.721154	D478	0.000000	1.000000	0.030697	7	4	6.262787
17	16	1.000000	EndOfTrEndOfTrD213	0.000000	0.000000	0.000000	7	0	0.000000
18	16	0.000000	EndOfTrD213	0.000000	0.000000	0.000000	0	4	0.000000
0	-1	0.398136	D213	0.000000	1.000000	0.029531	47	53	60.049559
1	0	0.612221	D361	0.000000	1.000000	0.047085	47	36	49.335985
2	0	0.000000	EndOfTrD238	0.000000	0.000000	0.000000	0	17	0.000000
3	1	0.072277	D238	0.015768	1.000000	0.039229	47	26	41.289325
4	1	0.000000	EndOfTrEndOfTrD510	0.000000	0.000000	0.000000	0	10	0.000000
5	3	0.000000	EndOfTrD510	0.000000	0.000000	0.000000	0	6	0.000000
6	3	0.141561	D510	0.000000	1.000000	0.017657	47	20	35.475625
7	6	1.000000	EndOfTrD290	0.000000	0.000000	0.000000	15	0	0.000000
8	6	0.140175	D290	0.000000	1.000000	0.035178	32	20	30.093549
9	8	0.600812	D509	0.000000	1.000000	0.022789	2	10	4.696230
10	8	0.061464	D486	0.000000	0.823899	0.026228	30	10	19.537524
11	9	0.000000	EndOfTrEndOfTrEndOfTrD463	0.000000	0.000000	0.000000	0	9	0.000000
12	9	0.666667	EndOfTrEndOfTrD463	0.000000	0.000000	0.000000	2	1	1.658608
13	10	0.125000	EndOfTrD463	0.000000	0.000000	0.000000	1	7	2.618067
14	10	0.797710	D463	0.000000	1.000000	0.044285	29	3	8.647787
15	14	1.000000	EndOfTrD503	0.000000	0.000000	0.000000	25	0	0.000000
16	14	0.338355	D503	0.000000	1.000000	0.017604	4	3	4.152165
17	16	0.250000	EndOfTrEndOfTrD126	0.000000	0.000000	0.000000	1	3	1.953752
18	16	1.000000	EndOfTrD126	0.000000	0.000000	0.000000	3	0	0.000000
0	-1	0.415584	D126	0.000000	1.000000	0.035391	47	53	60.049559
1	0	0.260672	D282	0.017378	1.000000	0.034305	47	36	49.335985
2	0	0.000000	EndOfTrEndOfTrD572	0.000000	0.000000	0.000000	0	17	0.000000
3	1	0.000000	EndOfTrD572	0.000000	0.000000	0.000000	0	10	0.000000
4	1	0.065659	D572	0.000000	1.000000	0.010369	47	26	41.289325
5	4	1.000000	EndOfTrD173	0.000000	0.000000	0.000000	15	0	0.000000
6	4	0.219027	D173	0.000000	1.000000	0.028869	32	26	34.649435
7	6	0.302329	D500	0.000000	1.000000	0.018661	32	18	28.377592
8	6	0.000000	EndOfTrD261	0.000000	0.000000	0.000000	0	8	0.000000
9	7	0.923939	D261	0.000000	1.000000	0.025246	14	17	18.537577
10	7	0.947368	EndOfTrD426	0.000000	0.000000	0.000000	18	1	3.402827
11	9	0.214921	D426	0.000000	1.000000	0.042561	8	17	13.612297
12	9	1.000000	EndOfTrD266	0.000000	0.000000	0.000000	6	0	0.000000
13	11	0.483029	D266	0.000000	1.000000	0.032266	8	7	9.001925
14	11	0.000000	EndOfTrD428	0.000000	0.000000	0.000000	0	10	0.000000
15	13	0.172670	D428	0.008786	1.000000	0.042422	3	7	5.305900
16	13	1.000000	EndOfTrEndOfTrEndOfTree	0.000000	0.000000	0.000000	5	0	0.000000
17	15	0.000000	EndOfTrEndOfTree	0.000000	0.000000	0.000000	0	7	0.000000
18	15	1.000000	EndOfTree	0.000000	0.000000	0.000000	3	0	0.000000
Finished fold 4: ncu = 100.

Model data set: active = 46, inactive = 54.
Finished the first tree, MIS = 1.
Current MIS = 2.
Finished all trees: NT = 2, MIS = 2.
Mnode	17	19
Node	Parent	Breakvalue	Variable	Range_low	Range_high	Variance	Num_active	Num_inactive	Deviance
0	-1	0.441181	D432	0.000000	1.000000	0.037626	46	54	59.927753
1	0	0.253683	D282	0.000000	1.000000	0.033791	46	36	48.837971
2	0	0.000000	EndOfTrEndOfTrD572	0.000000	0.000000	0.000000	0	18	0.000000
3	1	0.000000	EndOfTrD572	0.000000	0.000000	0.000000	0	11	0.000000
4	1	0.065659	D572	0.000000	1.000000	0.010848	46	25	40.007965
5	4	1.000000	EndOfTrD247	0.000000	0.000000	0.000000	15	0	0.000000
6	4	0.826733	D247	0.019802	1.000000	0.057791	31	25	33.435634
7	6	0.806202	D467	0.086563	0.956072	0.052189	19	25	26.134198
8	6	1.000000	EndOfTrD278	0.000000	0.000000	0.000000	12	0	0.000000
9	7	0.583067	D278	0.000000	1.000000	0.031985	14	25	22.114454
10	7	1.000000	EndOfTrEndOfTrD496	0.000000	0.000000	0.000000	5	0	0.000000
11	9	0.000000	EndOfTrD496	0.000000	0.000000	0.000000	0	13	0.000000
12	9	0.545692	D496	0.000000	1.000000	0.047110	14	12	15.586679
13	12	0.687500	D499	0.165268	1.000000	0.046347	5	12	8.945213
14	12	1.000000	EndOfTrEndOfTrEndOfTrD213	0.000000	0.000000	0.000000	9	0	0.000000
15	13	0.000000	EndOfTrEndOfTrD213	0.000000	0.000000	0.000000	0	11	0.000000
16	13	0.833333	EndOfTrD213	0.000000	0.000000	0.000000	5	1	2.348115
0	-1	0.413453	D213	0.000000	1.000000	0.028746	46	54	59.927753
1	0	0.748988	D281	0.000000	1.000000	0.026710	46	37	49.546315
2	0	0.000000	EndOfTrD548	0.000000	0.000000	0.000000	0	17	0.000000
3	1	0.579806	D548	0.000000	1.000000	0.006176	45	25	39.627599
4	1	0.076923	EndOfTrEndOfTrD517	0.000000	0.000000	0.000000	1	12	3.062177
5	3	0.000000	EndOfTrD517	0.000000	0.000000	0.000000	0	5	0.000000
6	3	0.096310	D517	0.000000	1.000000	0.017767	45	20	34.848410
7	6	1.000000	EndOfTrD216	0.000000	0.000000	0.000000	14	0	0.000000
8	6	0.138611	D216	0.000000	1.000000	0.043727	31	20	29.666533
9	8	0.000000	EndOfTrD493	0.000000	0.000000	0.000000	0	9	0.000000
10	8	0.302397	D493	0.000000	1.000000	0.018920	31	11	20.977876
11	10	0.751843	D286	0.000000	1.000000	0.047299	31	8	17.189175
12	10	0.000000	EndOfTrD488	0.000000	0.000000	0.000000	0	3	0.000000
13	11	0.728535	D488	0.000000	0.987374	0.053535	14	8	12.525573
14	11	1.000000	EndOfTrD466	0.000000	0.000000	0.000000	17	0	0.000000
15	13	0.356960	D466	0.000000	0.984674	0.058993	14	4	8.281745
16	13	0.000000	EndOfTrEndOfTrEndOfTree	0.000000	0.000000	0.000000	0	4	0.000000
17	15	0.000000	EndOfTrEndOfTree	0.000000	0.000000	0.000000	0	3	0.000000
18	15	0.933333	EndOfTree	0.000000	0.000000	0.000000	14	1	3.191153
Finished fold 5: ncu = 100.

ID	chemid	Y	Prob1	F.Prob	Tree1	Forest	Conf1	F.Conf
1	1	1	1.000000	0.500000	1	1	1.000000	0.000000
2	2	1	1.000000	0.993506	1	1	1.000000	0.987013
3	3	1	0.000000	0.710343	0	1	1.000000	0.420686
4	4	1	0.000000	0.377922	0	0	1.000000	0.244156
5	5	1	0.000000	0.704391	0	1	1.000000	0.408782
6	6	1	1.000000	1.000000	1	1	1.000000	1.000000
7	7	1	1.000000	1.000000	1	1	1.000000	1.000000
8	8	0	1.000000	0.971528	1	1	1.000000	0.943057
9	9	0	1.000000	0.862554	1	1	1.000000	0.725108
10	10	1	1.000000	0.731602	1	1	1.000000	0.463203
11	11	1	0.000000	0.000000	0	0	1.000000	1.000000
12	12	0	0.000000	0.000000	0	0	1.000000	1.000000
13	13	0	0.000000	0.000000	0	0	1.000000	1.000000
14	14	0	0.000000	0.000000	0	0	1.000000	1.000000
15	15	0	0.000000	0.000000	0	0	1.000000	1.000000
16	16	0	0.000000	0.000000	0	0	1.000000	1.000000
17	17	0	0.000000	0.000000	0	0	1.000000	1.000000
18	18	0	0.000000	0.000000	0	0	1.000000	1.000000
19	19	0	0.000000	0.000000	0	0	1.000000	1.000000
20	20	0	0.000000	0.000000	0	0	1.000000	1.000000
21	21	0	0.000000	0.000000	0	0	1.000000	1.000000
22	22	0	0.000000	0.500000	0	1	1.000000	0.000000
23	23	1	0.166667	0.583333	0	1	0.666667	0.166667
24	24	1	0.000000	0.000000	0	0	1.000000	1.000000
25	25	1	1.000000	0.905137	1	1	1.000000	0.810273
26	26	1	0.000000	0.405678	0	0	1.000000	0.188645
27	27	1	1.000000	0.982456	1	1	1.000000	0.964912
28	28	1	0.000000	0.000000	0	0	1.000000	1.000000
29	29	1	0.000000	0.500000	0	1	1.000000	0.000000
30	30	1	1.000000	0.666667	1	1	1.000000	0.333333
31	31	0	0.000000	0.000000	0	0	1.000000	1.000000
32	32	0	0.000000	0.000000	0	0	1.000000	1.000000
33	33	0	1.000000	0.500000	1	1	1.000000	0.000000
34	34	0	0.000000	0.315789	0	0	1.000000	0.368421
35	35	0	1.000000	0.982456	1	1	1.000000	0.964912
36	36	0	0.000000	0.500000	0	1	1.000000	0.000000
37	37	1	1.000000	1.000000	1	1	1.000000	1.000000
38	38	1	0.952381	0.510117	1	1	0.904762	0.020235
39	39	1	1.000000	0.857143	1	1	1.000000	0.714286
40	40	1	1.000000	1.000000	1	1	1.000000	1.000000
41	41	1	1.000000	0.500000	1	1	1.000000	0.000000
42	42	1	0.166667	0.583333	0	1	0.666667	0.166667
43	43	1	1.000000	1.000000	1	1	1.000000	1.000000
44	44	0	0.000000	0.333333	0	0	1.000000	0.333333
45	45	0	0.000000	0.500000	0	1	1.000000	0.000000
46	46	0	0.000000	0.000000	0	0	1.000000	1.000000
47	47	0	0.000000	0.279503	0	0	1.000000	0.440994
48	48	0	0.000000	0.000000	0	0	1.000000	1.000000
49	49	0	0.000000	0.165224	0	0	1.000000	0.669553
50	50	0	0.000000	0.000000	0	0	1.000000	1.000000
51	51	0	0.000000	0.045455	0	0	1.000000	0.909091
52	52	0	1.000000	0.428571	1	0	1.000000	0.142857
53	53	0	0.000000	0.291925	0	0	1.000000	0.416149
54	54	0	0.000000	0.022084	0	0	1.000000	0.955832
55	55	1	1.000000	0.714286	1	1	1.000000	0.428571
56	56	1	1.000000	1.000000	1	1	1.000000	1.000000
57	57	1	1.000000	0.500000	1	1	1.000000	0.000000
58	58	1	1.000000	1.000000	1	1	1.000000	1.000000
59	59	1	1.000000	0.990476	1	1	1.000000	0.980952
60	60	0	0.952381	0.428262	1	0	0.904762	0.143476
61	61	1	0.000000	0.315789	0	0	1.000000	0.368421
62	62	1	0.000000	0.325852	0	0	1.000000	0.348295
63	63	0	0.000000	0.000000	0	0	1.000000	1.000000
64	64	0	0.000000	0.000000	0	0	1.000000	1.000000
65	65	0	0.000000	0.038462	0	0	1.000000	0.923077
66	66	0	0.058824	0.301539	0	0	0.882353	0.396922
67	67	1	1.000000	1.000000	1	1	1.000000	1.000000
68	68	1	0.000000	0.428571	0	0	1.000000	0.142857
69	69	0	0.000000	0.006211	0	0	1.000000	0.987578
70	70	0	0.000000	0.000000	0	0	1.000000	1.000000
71	71	0	0.666667	0.263636	1	0	0.333333	0.472727
72	72	0	0.000000	0.000000	0	0	1.000000	1.000000
73	73	0	0.000000	0.000000	0	0	1.000000	1.000000
74	74	0	0.000000	0.000000	0	0	1.000000	1.000000
75	75	1	1.000000	1.000000	1	1	1.000000	1.000000
76	76	1	1.000000	0.708333	1	1	1.000000	0.416667
77	77	1	1.000000	0.942857	1	1	1.000000	0.885714
78	78	0	0.000000	0.666667	0	1	1.000000	0.333333
79	79	0	0.000000	0.333333	0	0	1.000000	0.333333
80	80	0	0.000000	0.133333	0	0	1.000000	0.733333
81	81	1	1.000000	0.500000	1	1	1.000000	0.000000
82	82	1	0.000000	0.500000	0	1	1.000000	0.000000
83	83	1	0.166667	0.416667	0	0	0.666667	0.166667
84	84	0	0.952381	0.561596	1	1	0.904762	0.123191
85	85	0	0.166667	0.138889	0	0	0.666667	0.722222
86	86	0	1.000000	0.966667	1	1	1.000000	0.933333
87	87	1	0.952381	0.291616	1	0	0.904762	0.416767
88	88	0	0.000000	0.000000	0	0	1.000000	1.000000
89	89	0	1.000000	1.000000	1	1	1.000000	1.000000
90	90	0	0.000000	0.000000	0	0	1.000000	1.000000
91	91	0	0.000000	0.000000	0	0	1.000000	1.000000
92	92	0	1.000000	0.982456	1	1	1.000000	0.964912
93	93	0	0.000000	0.000000	0	0	1.000000	1.000000
94	94	0	1.000000	0.333333	1	0	1.000000	0.333333
95	95	0	0.000000	0.500000	0	1	1.000000	0.000000
96	96	0	0.000000	0.466667	0	0	1.000000	0.066667
97	97	1	0.952381	0.947483	1	1	0.904762	0.894966
98	98	1	0.833333	0.834624	1	1	0.666667	0.669247
99	99	1	0.000000	0.466667	0	0	1.000000	0.066667
100	100	1	0.000000	0.466667	0	0	1.000000	0.066667
101	101	0	0.952381	0.947483	1	1	0.904762	0.894966
102	102	1	0.000000	0.155562	0	0	1.000000	0.688876
103	103	0	0.058824	0.452559	0	0	0.882353	0.094882
104	104	1	1.000000	0.555556	1	1	1.000000	0.111111
105	105	0	1.000000	0.559898	1	1	1.000000	0.119797
106	106	0	0.333333	0.111111	0	0	0.333333	0.777778
107	107	0	0.952381	0.428262	1	0	0.904762	0.143476
108	108	0	0.000000	0.000000	0	0	1.000000	1.000000
109	109	0	0.000000	0.000000	0	0	1.000000	1.000000
110	110	0	0.000000	0.000000	0	0	1.000000	1.000000
111	111	0	0.000000	0.006211	0	0	1.000000	0.987578
112	112	0	0.000000	0.440476	0	0	1.000000	0.119048
113	113	1	0.800000	0.933333	1	1	0.600000	0.866667
114	114	1	0.952381	0.922816	1	1	0.904762	0.845631
115	115	1	0.000000	0.296429	0	0	1.000000	0.407143
116	116	0	1.000000	1.000000	1	1	1.000000	1.000000
117	117	0	0.952381	0.779959	1	1	0.904762	0.559917
118	118	1	0.000000	0.555556	0	1	1.000000	0.111111
119	119	1	1.000000	1.000000	1	1	1.000000	1.000000
120	120	1	1.000000	1.000000	1	1	1.000000	1.000000
121	121	1	1.000000	1.000000	1	1	1.000000	1.000000
122	122	1	1.000000	0.500000	1	1	1.000000	0.000000
123	123	1	1.000000	1.000000	1	1	1.000000	1.000000
124	124	1	0.952381	0.850340	1	1	0.904762	0.700680
125	125	1	1.000000	0.666667	1	1	1.000000	0.333333
Total data set: active = 57, inactive = 68.
First tree: MIS, FP, FN, TP, TN	37	17	20	37	51
First tree: accuracy (concordance), prevalence	70.40%	45.60%
First tree: sensitivity, specificity	64.91%	75.00%
First tree: positive predictivity, negative predictivity	68.52%	71.83%
First tree: false positive rate, false negative rate	25.00%	35.09%
Forest: MIS, FP, FN, TP, TN	31	17	14	43	51
Forest: accuracy (concordance), prevalence	75.20%	45.60%
Forest: sensitivity, specificity	75.44%	75.00%
Forest: positive predictivity, negative predictivity	71.67%	78.46%
Forest: false positive rate, false negative rate	25.00%	24.56%
----------------------------------------------------------------------
Program finished normally.
