----------------------------------------------------------------------
/home/jshen/program/DF/forest ../x_scaled_DF.txt 5 3 2 3 0.005 10 
----------------------------------------------------------------------
Seed = 3, MT = 2, MIN_CUT = 3, MIN_REDUCTION = 0.005, MaxT = 10.
Input file, ../x_scaled_DF.txt, has been opened.
Finished reading in data: MCV = 7, MC = 125, MD = 511.
Finished sorting.
In a descriptor, the number of same values > MC - MIN_CUT.
Sparse descriptor list (removed):
Removed 0 sparse descriptor column(s): MD = 511.

5-fold cross validation.
Finished generate a random sequence.

Model data set: active = 44, inactive = 56.
Finished the first tree, MIS = 1.
Current MIS = 2.
Current MIS = 3.
Current MIS = 4.
Finished all trees: NT = 10, MIS = 4.
Mnode	17	17	19	19	19	21	23	21	21	19
Node	Parent	Breakvalue	Variable	Range_low	Range_high	Variance	Num_active	Num_inactive	Deviance
0	-1	0.463527	D440	0.000000	0.974518	0.031716	44	56	59.579105
1	0	0.253683	D282	0.000000	0.920287	0.040234	44	37	48.503810
2	0	0.000000	EndOfTrEndOfTrD348	0.000000	0.000000	0.000000	0	19	0.000000
3	1	0.000000	EndOfTrD348	0.000000	0.000000	0.000000	0	10	0.000000
4	1	0.097656	D348	0.000000	0.957031	0.048398	44	27	40.961207
5	4	1.000000	EndOfTrD675	0.000000	0.000000	0.000000	13	0	0.000000
6	4	0.100000	D675	0.000000	1.000000	0.055156	31	27	34.799579
7	6	0.000000	EndOfTrD248	0.000000	0.000000	0.000000	0	9	0.000000
8	6	0.672000	D248	0.000000	0.976000	0.050997	31	18	27.984981
9	8	0.663119	D454	0.000000	1.000000	0.022979	17	18	21.059690
10	8	1.000000	EndOfTrD242	0.000000	0.000000	0.000000	14	0	0.000000
11	9	0.223976	D242	0.000000	1.000000	0.031399	10	18	15.851040
12	9	1.000000	EndOfTrD502	0.000000	0.000000	0.000000	7	0	0.000000
13	11	0.120824	D502	0.000000	1.000000	0.046259	10	7	10.003891
14	11	0.000000	EndOfTrEndOfTrEndOfTrD416	0.000000	0.000000	0.000000	0	11	0.000000
15	13	0.000000	EndOfTrEndOfTrD416	0.000000	0.000000	0.000000	0	4	0.000000
16	13	0.769231	EndOfTrD416	0.000000	0.000000	0.000000	10	3	6.099800
0	-1	0.390338	D416	0.000000	0.935952	0.027497	44	56	59.579105
1	0	0.288251	D288	0.090164	1.000000	0.062266	44	38	49.178083
2	0	0.000000	EndOfTrEndOfTrD281	0.000000	0.000000	0.000000	0	18	0.000000
3	1	0.000000	EndOfTrD281	0.000000	0.000000	0.000000	0	8	0.000000
4	1	0.779352	D281	0.176113	1.000000	0.040225	44	30	43.395184
5	4	0.129559	D518	0.000000	0.788868	0.019731	44	22	36.489366
6	4	0.000000	EndOfTrD238	0.000000	0.000000	0.000000	0	8	0.000000
7	5	0.079967	D238	0.000000	1.000000	0.035144	33	6	14.543304
8	5	0.199438	D142	0.000000	1.000000	0.042358	11	16	15.851165
9	7	0.166667	EndOfTrEndOfTrD492	0.000000	0.000000	0.000000	1	5	2.348115
10	7	0.969697	EndOfTrD492	0.000000	0.000000	0.000000	32	1	3.892321
11	8	0.229996	D492	0.000000	1.000000	0.014106	9	2	4.530154
12	8	0.437500	D529	0.000000	0.875000	0.031216	2	14	5.236134
13	11	1.000000	EndOfTrEndOfTrEndOfTrEndOfTrD423	0.000000	0.000000	0.000000	8	0	0.000000
14	11	0.333333	EndOfTrEndOfTrEndOfTrD423	0.000000	0.000000	0.000000	1	2	1.658608
15	12	0.000000	EndOfTrEndOfTrD423	0.000000	0.000000	0.000000	0	13	0.000000
16	12	0.666667	EndOfTrD423	0.000000	0.000000	0.000000	2	1	1.658608
0	-1	0.431647	D423	0.000000	1.000000	0.029158	44	56	59.579105
1	0	0.829073	D278	0.162939	1.000000	0.047951	44	39	49.840088
2	0	0.000000	EndOfTrD572	0.000000	0.000000	0.000000	0	17	0.000000
3	1	0.065659	D572	0.000000	0.309713	0.029685	44	31	44.170929
4	1	0.000000	EndOfTrEndOfTrD173	0.000000	0.000000	0.000000	0	8	0.000000
5	3	1.000000	EndOfTrD173	0.000000	0.000000	0.000000	15	0	0.000000
6	3	0.219027	D173	0.000000	0.866016	0.028932	29	31	36.094641
7	6	0.302329	D500	0.000000	1.000000	0.019315	29	23	31.005783
8	6	0.000000	EndOfTrD232	0.000000	0.000000	0.000000	0	8	0.000000
9	7	0.208452	D232	0.000000	0.950071	0.029948	10	20	16.586075
10	7	0.532353	D491	0.000000	0.980000	0.034095	19	3	7.611234
11	9	1.000000	EndOfTrD261	0.000000	0.000000	0.000000	4	0	0.000000
12	9	0.923939	D261	0.233787	1.000000	0.033378	6	20	12.199599
13	10	1.000000	EndOfTrD490	0.000000	0.000000	0.000000	14	0	0.000000
14	10	0.456204	D490	0.000000	1.000000	0.034942	5	3	4.597012
15	12	0.090909	EndOfTrEndOfTrEndOfTrEndOfTrD432	0.000000	0.000000	0.000000	2	20	5.821278
16	12	1.000000	EndOfTrEndOfTrEndOfTrD432	0.000000	0.000000	0.000000	4	0	0.000000
17	14	0.250000	EndOfTrEndOfTrD432	0.000000	0.000000	0.000000	1	3	1.953752
18	14	1.000000	EndOfTrD432	0.000000	0.000000	0.000000	4	0	0.000000
0	-1	0.420337	D432	0.000000	0.989184	0.033196	44	56	59.579105
1	0	0.820542	D283	0.180587	1.000000	0.039222	44	39	49.840088
2	0	0.000000	EndOfTrD293	0.000000	0.000000	0.000000	0	17	0.000000
3	1	0.225410	D293	0.000000	1.000000	0.059878	44	31	44.170929
4	1	0.000000	EndOfTrEndOfTrD127	0.000000	0.000000	0.000000	0	8	0.000000
5	3	0.000000	EndOfTrD127	0.000000	0.000000	0.000000	0	6	0.000000
6	3	0.208333	D127	0.000000	0.944444	0.027793	44	25	39.240339
7	6	0.941176	EndOfTrD468	0.000000	0.000000	0.000000	16	1	3.303424
8	6	0.653172	D468	0.000000	1.000000	0.021583	28	24	31.173358
9	8	0.627752	D583	0.000000	0.965310	0.030262	28	16	25.051146
10	8	0.000000	EndOfTrD123	0.000000	0.000000	0.000000	0	8	0.000000
11	9	0.341982	D123	0.000000	1.000000	0.035253	17	16	19.854817
12	9	1.000000	EndOfTrD486	0.000000	0.000000	0.000000	11	0	0.000000
13	11	0.061464	D486	0.000000	1.000000	0.031606	17	8	13.612297
14	11	0.000000	EndOfTrD598	0.000000	0.000000	0.000000	0	8	0.000000
15	13	0.500000	D598	0.000000	1.000000	0.088788	2	6	3.907505
16	13	0.882353	EndOfTrEndOfTrEndOfTrD213	0.000000	0.000000	0.000000	15	2	5.348406
17	15	0.000000	EndOfTrEndOfTrD213	0.000000	0.000000	0.000000	0	5	0.000000
18	15	0.666667	EndOfTrD213	0.000000	0.000000	0.000000	2	1	1.658608
0	-1	0.396244	D213	0.000000	0.926521	0.028091	44	56	59.579105
1	0	0.914822	D473	0.000000	1.000000	0.033450	44	39	49.840088
2	0	0.000000	EndOfTrD569	0.000000	0.000000	0.000000	0	17	0.000000
3	1	0.287429	D569	0.000000	0.897478	0.048956	25	35	35.396387
4	1	0.142194	D430	0.000000	0.895674	0.035030	19	4	9.230364
5	3	0.000000	EndOfTrD467	0.000000	0.000000	0.000000	0	10	0.000000
6	3	0.315891	D467	0.000000	1.000000	0.042229	25	25	30.103000
7	4	0.470501	D276	0.123894	1.000000	0.049004	4	4	4.816480
8	4	1.000000	EndOfTrEndOfTrD442	0.000000	0.000000	0.000000	15	0	0.000000
9	6	0.071429	EndOfTrD442	0.000000	0.000000	0.000000	1	13	3.129058
10	6	0.428766	D442	0.000000	1.000000	0.038420	24	12	19.903291
11	7	0.000000	EndOfTrEndOfTrD249	0.000000	0.000000	0.000000	0	4	0.000000
12	7	1.000000	EndOfTrD249	0.000000	0.000000	0.000000	4	0	0.000000
13	10	0.645349	D249	0.000000	1.000000	0.055225	24	7	14.382913
14	10	0.000000	EndOfTrD186	0.000000	0.000000	0.000000	0	5	0.000000
15	13	0.396291	D186	0.021291	1.000000	0.039163	9	7	9.524102
16	13	1.000000	EndOfTrEndOfTrEndOfTrD424	0.000000	0.000000	0.000000	15	0	0.000000
17	15	0.000000	EndOfTrEndOfTrD424	0.000000	0.000000	0.000000	0	5	0.000000
18	15	0.818182	EndOfTrD424	0.000000	0.000000	0.000000	9	2	4.530154
0	-1	0.487978	D424	0.000000	0.993132	0.029788	44	56	59.579105
1	0	0.180239	D277	0.000000	1.000000	0.039861	44	39	49.840088
2	0	0.000000	EndOfTrEndOfTrD229	0.000000	0.000000	0.000000	0	17	0.000000
3	1	0.000000	EndOfTrD229	0.000000	0.000000	0.000000	0	7	0.000000
4	1	0.163858	D229	0.000000	0.962797	0.033757	44	32	44.930232
5	4	1.000000	EndOfTrD753	0.000000	0.000000	0.000000	13	0	0.000000
6	4	0.083333	D753	0.000000	1.000000	0.044588	31	32	37.922886
7	6	0.000000	EndOfTrD590	0.000000	0.000000	0.000000	0	9	0.000000
8	6	0.484698	D590	0.000000	1.000000	0.045836	31	23	31.994621
9	8	1.000000	EndOfTrD541	0.000000	0.000000	0.000000	9	0	0.000000
10	8	0.078793	D541	0.000000	1.000000	0.050884	22	23	27.083048
11	10	0.181356	D259	0.000000	0.972149	0.038030	14	23	21.315862
12	10	1.000000	EndOfTrEndOfTrD018	0.000000	0.000000	0.000000	8	0	0.000000
13	11	0.000000	EndOfTrD018	0.000000	0.000000	0.000000	0	6	0.000000
14	11	0.329268	D018	0.000000	0.926829	0.029399	14	17	18.537577
15	14	1.000000	EndOfTrD497	0.000000	0.000000	0.000000	5	0	0.000000
16	14	0.626347	D497	0.000000	1.000000	0.037732	9	17	14.566986
17	16	0.000000	EndOfTrD528	0.000000	0.000000	0.000000	0	10	0.000000
18	16	0.380000	D528	0.000000	0.840000	0.033885	9	7	9.524102
19	18	0.750000	EndOfTrEndOfTrD290	0.000000	0.000000	0.000000	9	3	5.861257
20	18	0.000000	EndOfTrD290	0.000000	0.000000	0.000000	0	4	0.000000
0	-1	0.385136	D290	0.000000	1.000000	0.028642	44	56	59.579105
1	0	0.063715	D546	0.000000	1.000000	0.034828	44	39	49.840088
2	0	0.000000	EndOfTrEndOfTrD205	0.000000	0.000000	0.000000	0	17	0.000000
3	1	0.000000	EndOfTrD205	0.000000	0.000000	0.000000	0	7	0.000000
4	1	0.179177	D205	0.000000	0.962797	0.033089	44	32	44.930232
5	4	1.000000	EndOfTrD674	0.000000	0.000000	0.000000	13	0	0.000000
6	4	0.050000	D674	0.000000	0.800000	0.035549	31	32	37.922886
7	6	0.000000	EndOfTrD361	0.000000	0.000000	0.000000	0	8	0.000000
8	6	0.614489	D361	0.000000	1.000000	0.047115	31	24	32.725331
9	8	0.850671	D499	0.000000	1.000000	0.039374	30	16	25.814606
10	8	0.111111	EndOfTrD469	0.000000	0.000000	0.000000	1	8	2.726925
11	9	0.246493	D469	0.000000	1.000000	0.010418	30	12	21.825315
12	9	0.000000	EndOfTrD246	0.000000	0.000000	0.000000	0	4	0.000000
13	11	0.202206	D246	0.000000	1.000000	0.026550	30	9	18.299399
14	11	0.000000	EndOfTrD456	0.000000	0.000000	0.000000	0	3	0.000000
15	13	0.593571	D456	0.000000	1.000000	0.048729	29	5	12.331782
16	13	0.200000	EndOfTrEndOfTrD478	0.000000	0.000000	0.000000	1	4	2.173220
17	15	1.000000	EndOfTrD478	0.000000	0.000000	0.000000	15	0	0.000000
18	15	0.660156	D478	0.000000	1.000000	0.036325	14	5	9.511352
19	18	0.923077	EndOfTrD552	0.000000	0.000000	0.000000	12	1	3.062177
20	18	0.399090	D552	0.000000	0.663885	0.135875	2	4	3.317215
21	20	0.000000	EndOfTrEndOfTrD136	0.000000	0.000000	0.000000	0	3	0.000000
22	20	0.666667	EndOfTrD136	0.000000	0.000000	0.000000	2	1	1.658608
0	-1	0.398599	D136	0.000000	0.964484	0.029432	44	56	59.579105
1	0	0.074841	D443	0.000000	1.000000	0.045651	44	39	49.840088
2	0	0.000000	EndOfTrEndOfTrD153	0.000000	0.000000	0.000000	0	17	0.000000
3	1	0.000000	EndOfTrD153	0.000000	0.000000	0.000000	0	7	0.000000
4	1	0.145161	D153	0.000000	0.935484	0.027446	44	32	44.930232
5	4	1.000000	EndOfTrD712	0.000000	0.000000	0.000000	11	0	0.000000
6	4	0.050000	D712	0.000000	0.800000	0.035549	33	32	39.127218
7	6	0.000000	EndOfTrD594	0.000000	0.000000	0.000000	0	8	0.000000
8	6	0.854124	D594	0.000000	1.000000	0.055476	33	24	33.697674
9	8	0.909656	D589	0.000000	0.984704	0.089511	22	24	27.656983
10	8	1.000000	EndOfTrD450	0.000000	0.000000	0.000000	11	0	0.000000
11	9	0.789665	D450	0.000000	0.980961	0.049792	22	15	21.697592
12	9	0.000000	EndOfTrD462	0.000000	0.000000	0.000000	0	9	0.000000
13	11	0.245379	D462	0.000000	1.000000	0.025572	22	8	15.111238
14	11	0.000000	EndOfTrEndOfTrD449	0.000000	0.000000	0.000000	0	7	0.000000
15	13	1.000000	EndOfTrD449	0.000000	0.000000	0.000000	11	0	0.000000
16	13	0.201235	D449	0.000000	0.954321	0.076917	11	8	11.232558
17	16	1.000000	EndOfTrD487	0.000000	0.000000	0.000000	6	0	0.000000
18	16	0.244259	D487	0.000000	1.000000	0.039607	5	8	7.523387
19	18	0.714286	EndOfTrEndOfTrD126	0.000000	0.000000	0.000000	5	2	3.637553
20	18	0.000000	EndOfTrD126	0.000000	0.000000	0.000000	0	6	0.000000
0	-1	0.409091	D126	0.000000	1.000000	0.030898	44	56	59.579105
1	0	0.068244	D427	0.000000	1.000000	0.037643	44	39	49.840088
2	0	0.000000	EndOfTrEndOfTrD403	0.000000	0.000000	0.000000	0	17	0.000000
3	1	0.000000	EndOfTrD403	0.000000	0.000000	0.000000	0	7	0.000000
4	1	0.145161	D403	0.000000	0.935484	0.027446	44	32	44.930232
5	4	1.000000	EndOfTrD747	0.000000	0.000000	0.000000	11	0	0.000000
6	4	0.050000	D747	0.000000	0.800000	0.035549	33	32	39.127218
7	6	0.000000	EndOfTrD284	0.000000	0.000000	0.000000	0	8	0.000000
8	6	0.246482	D284	0.000000	1.000000	0.039185	33	24	33.697674
9	8	0.000000	EndOfTrD731	0.000000	0.000000	0.000000	0	5	0.000000
10	8	0.500000	D731	0.000000	1.000000	0.047980	33	19	29.649791
11	10	0.578021	D475	0.000000	1.000000	0.021183	33	15	25.894501
12	10	0.000000	EndOfTrEndOfTrD230	0.000000	0.000000	0.000000	0	4	0.000000
13	11	1.000000	EndOfTrD230	0.000000	0.000000	0.000000	9	0	0.000000
14	11	0.180698	D230	0.000000	1.000000	0.067172	24	15	22.570162
15	14	0.772244	D472	0.000000	0.983559	0.024877	2	9	4.530154
16	14	0.901245	D451	0.000000	0.964315	0.048395	22	6	12.636437
17	15	0.666667	EndOfTrEndOfTrEndOfTrEndOfTrD415	0.000000	0.000000	0.000000	2	1	1.658608
18	15	0.000000	EndOfTrEndOfTrEndOfTrD415	0.000000	0.000000	0.000000	0	8	0.000000
19	16	0.880000	EndOfTrEndOfTrD415	0.000000	0.000000	0.000000	22	3	7.967675
20	16	0.000000	EndOfTrD415	0.000000	0.000000	0.000000	0	3	0.000000
0	-1	0.368404	D415	0.000000	0.927648	0.025527	44	56	59.579105
1	0	0.537975	D507	0.090068	0.829601	0.045484	44	39	49.840088
2	0	0.000000	EndOfTrD514	0.000000	0.000000	0.000000	0	17	0.000000
3	1	0.088196	D514	0.000000	0.842788	0.034934	43	29	42.158508
4	1	0.090909	EndOfTrEndOfTrD274	0.000000	0.000000	0.000000	1	10	2.910639
5	3	1.000000	EndOfTrD274	0.000000	0.000000	0.000000	11	0	0.000000
6	3	0.674915	D274	0.117288	0.983051	0.035892	32	29	36.661557
7	6	0.383899	D254	0.000000	1.000000	0.033250	12	24	19.903291
8	6	0.409841	D263	0.000000	0.984762	0.034879	20	5	10.866101
9	7	0.259508	D501	0.000000	1.000000	0.029498	12	10	13.166248
10	7	0.000000	EndOfTrEndOfTrD453	0.000000	0.000000	0.000000	0	14	0.000000
11	8	1.000000	EndOfTrD453	0.000000	0.000000	0.000000	15	0	0.000000
12	8	0.634127	D453	0.130882	1.000000	0.031018	5	5	6.020600
13	9	0.241966	D194	0.000000	0.422465	0.036566	3	9	5.861257
14	9	0.900000	EndOfTrEndOfTrEndOfTrEndOfTrEndOfTree	0.000000	0.000000	0.000000	9	1	2.823635
15	12	0.166667	EndOfTrEndOfTrEndOfTrEndOfTree	0.000000	0.000000	0.000000	1	5	2.348115
16	12	1.000000	EndOfTrEndOfTrEndOfTree	0.000000	0.000000	0.000000	4	0	0.000000
17	13	0.000000	EndOfTrEndOfTree	0.000000	0.000000	0.000000	0	9	0.000000
18	13	1.000000	EndOfTree	0.000000	0.000000	0.000000	3	0	0.000000
Finished fold 1: ncu = 100.

Model data set: active = 47, inactive = 53.
Finished the first tree, MIS = 2.
Current MIS = 3.
Current MIS = 4.
Finished all trees: NT = 8, MIS = 4.
Mnode	17	21	17	19	21	21	23	23
Node	Parent	Breakvalue	Variable	Range_low	Range_high	Variance	Num_active	Num_inactive	Deviance
0	-1	0.441181	D432	0.000000	1.000000	0.035472	47	53	60.049559
1	0	0.748988	D281	0.000000	0.981781	0.025998	47	37	50.054794
2	0	0.000000	EndOfTrD572	0.000000	0.000000	0.000000	0	16	0.000000
3	1	0.065659	D572	0.000000	1.000000	0.010688	47	27	42.175453
4	1	0.000000	EndOfTrEndOfTrD247	0.000000	0.000000	0.000000	0	10	0.000000
5	3	1.000000	EndOfTrD247	0.000000	0.000000	0.000000	14	0	0.000000
6	3	0.826733	D247	0.019802	1.000000	0.054528	33	27	35.862587
7	6	0.206312	D232	0.000000	1.000000	0.028451	22	27	29.278975
8	6	1.000000	EndOfTrEndOfTrD675	0.000000	0.000000	0.000000	11	0	0.000000
9	7	1.000000	EndOfTrD675	0.000000	0.000000	0.000000	6	0	0.000000
10	7	0.300000	D675	0.000000	1.000000	0.057741	16	27	24.652804
11	10	0.000000	EndOfTrD531	0.000000	0.000000	0.000000	0	13	0.000000
12	10	0.645681	D531	0.000000	1.000000	0.047327	16	14	18.003851
13	12	0.194980	D213	0.000000	1.000000	0.027239	16	8	13.268860
14	12	0.000000	EndOfTrEndOfTrEndOfTrD419	0.000000	0.000000	0.000000	0	6	0.000000
15	13	0.142857	EndOfTrEndOfTrD419	0.000000	0.000000	0.000000	1	6	2.493558
16	13	0.882353	EndOfTrD419	0.000000	0.000000	0.000000	15	2	5.348406
0	-1	0.451686	D419	0.000000	1.000000	0.035681	47	53	60.049559
1	0	0.560000	D491	0.098824	1.000000	0.038343	47	38	50.760465
2	0	0.000000	EndOfTrD450	0.000000	0.000000	0.000000	0	15	0.000000
3	1	0.774252	D450	0.000000	1.000000	0.051681	37	13	24.887546
4	1	0.260101	D502	0.000000	0.948329	0.044101	10	25	18.187763
5	3	0.676312	D453	0.000000	1.000000	0.023851	36	6	14.961345
6	3	0.125000	EndOfTrD557	0.000000	0.000000	0.000000	1	7	2.618067
7	4	0.811216	D557	0.000000	1.000000	0.057502	10	10	12.041200
8	4	0.000000	EndOfTrD502	0.000000	0.000000	0.000000	0	15	0.000000
9	5	0.324981	D502	0.000000	0.948329	0.044101	16	6	11.196944
10	5	1.000000	EndOfTrD284	0.000000	0.000000	0.000000	20	0	0.000000
11	7	0.644954	D284	0.000000	0.971452	0.041875	9	2	4.530154
12	7	0.111111	EndOfTrD292	0.000000	0.000000	0.000000	1	8	2.726925
13	9	0.157339	D292	0.000000	1.000000	0.057287	5	6	6.583124
14	9	1.000000	EndOfTrEndOfTrEndOfTrEndOfTrD551	0.000000	0.000000	0.000000	11	0	0.000000
15	11	1.000000	EndOfTrEndOfTrEndOfTrD551	0.000000	0.000000	0.000000	8	0	0.000000
16	11	0.333333	EndOfTrEndOfTrD551	0.000000	0.000000	0.000000	1	2	1.658608
17	13	0.000000	EndOfTrD551	0.000000	0.000000	0.000000	0	4	0.000000
18	13	0.320169	D551	0.000000	1.000000	0.074926	5	2	3.637553
19	18	0.333333	EndOfTrEndOfTrD440	0.000000	0.000000	0.000000	1	2	1.658608
20	18	1.000000	EndOfTrD440	0.000000	0.000000	0.000000	4	0	0.000000
0	-1	0.507768	D440	0.000000	1.000000	0.032464	47	53	60.049559
1	0	0.253683	D282	0.017378	1.000000	0.032132	47	38	50.760465
2	0	0.000000	EndOfTrEndOfTrD348	0.000000	0.000000	0.000000	0	15	0.000000
3	1	0.000000	EndOfTrD348	0.000000	0.000000	0.000000	0	9	0.000000
4	1	0.097656	D348	0.000000	1.000000	0.047438	47	29	43.887384
5	4	1.000000	EndOfTrD274	0.000000	0.000000	0.000000	11	0	0.000000
6	4	0.674915	D274	0.000000	1.000000	0.026571	36	29	38.805872
7	6	0.224189	D242	0.000000	0.967150	0.029125	10	23	17.582440
8	6	0.104745	D162	0.000000	1.000000	0.016933	26	6	13.413170
9	7	0.224549	D501	0.000000	0.914714	0.027096	10	8	10.740370
10	7	0.000000	EndOfTrEndOfTrD594	0.000000	0.000000	0.000000	0	15	0.000000
11	8	1.000000	EndOfTrD594	0.000000	0.000000	0.000000	18	0	0.000000
12	8	0.829381	D594	0.000000	1.000000	0.045163	8	6	8.304330
13	9	0.200000	EndOfTrEndOfTrEndOfTrEndOfTrD246	0.000000	0.000000	0.000000	2	8	4.346440
14	9	1.000000	EndOfTrEndOfTrEndOfTrD246	0.000000	0.000000	0.000000	8	0	0.000000
15	12	0.166667	EndOfTrEndOfTrD246	0.000000	0.000000	0.000000	1	5	2.348115
16	12	0.875000	EndOfTrD246	0.000000	0.000000	0.000000	7	1	2.618067
0	-1	0.202206	D246	0.003676	1.000000	0.027983	47	53	60.049559
1	0	0.851293	D521	0.051724	1.000000	0.052478	46	34	47.380111
2	0	0.050000	EndOfTrD361	0.000000	0.000000	0.000000	1	19	3.448563
3	1	0.597763	D361	0.000000	1.000000	0.045752	46	27	41.777774
4	1	0.000000	EndOfTrD469	0.000000	0.000000	0.000000	0	7	0.000000
5	3	0.244570	D469	0.000000	1.000000	0.009865	45	18	32.737973
6	3	0.100000	EndOfTrD496	0.000000	0.000000	0.000000	1	9	2.823635
7	5	0.872063	D496	0.000000	1.000000	0.044706	42	10	22.111407
8	5	0.732550	D460	0.000000	1.000000	0.033029	3	8	5.598472
9	7	0.317497	D503	0.000000	1.000000	0.016885	42	7	17.454903
10	7	0.000000	EndOfTrEndOfTrEndOfTrEndOfTrD457	0.000000	0.000000	0.000000	0	3	0.000000
11	8	0.000000	EndOfTrEndOfTrEndOfTrD457	0.000000	0.000000	0.000000	0	7	0.000000
12	8	0.750000	EndOfTrEndOfTrD457	0.000000	0.000000	0.000000	3	1	1.953752
13	9	1.000000	EndOfTrD457	0.000000	0.000000	0.000000	29	0	0.000000
14	9	0.421053	D457	0.000000	1.000000	0.046803	13	7	11.247300
15	14	0.272942	D494	0.000000	0.768747	0.042140	13	2	5.116091
16	14	0.000000	EndOfTrEndOfTrEndOfTrD019	0.000000	0.000000	0.000000	0	5	0.000000
17	15	1.000000	EndOfTrEndOfTrD019	0.000000	0.000000	0.000000	12	0	0.000000
18	15	0.333333	EndOfTrD019	0.000000	0.000000	0.000000	1	2	1.658608
0	-1	0.428571	D019	0.000000	1.000000	0.034239	47	53	60.049559
1	0	0.805869	D283	0.000000	0.990971	0.025373	47	39	51.453496
2	0	0.000000	EndOfTrD262	0.000000	0.000000	0.000000	0	14	0.000000
3	1	0.401125	D262	0.000000	1.000000	0.035657	47	30	44.715098
4	1	0.000000	EndOfTrEndOfTrD195	0.000000	0.000000	0.000000	0	9	0.000000
5	3	1.000000	EndOfTrD195	0.000000	0.000000	0.000000	13	0	0.000000
6	3	0.489537	D195	0.000000	1.000000	0.034982	34	30	38.423195
7	6	0.000000	EndOfTrD467	0.000000	0.000000	0.000000	0	7	0.000000
8	6	0.330749	D467	0.080103	0.956072	0.050257	34	23	33.389687
9	8	0.497002	D458	0.080336	1.000000	0.072618	5	12	8.945213
10	8	0.181085	D434	0.007451	1.000000	0.042071	29	11	20.435076
11	9	0.076923	EndOfTrEndOfTrEndOfTrD241	0.000000	0.000000	0.000000	1	12	3.062177
12	9	1.000000	EndOfTrEndOfTrD241	0.000000	0.000000	0.000000	4	0	0.000000
13	10	0.944444	EndOfTrD241	0.000000	0.000000	0.000000	17	1	3.354547
14	10	0.247317	D241	0.000000	1.000000	0.028304	12	10	13.166248
15	14	0.000000	EndOfTrD582	0.000000	0.000000	0.000000	0	5	0.000000
16	14	0.492467	D582	0.000000	1.000000	0.037374	12	5	8.945213
17	16	1.000000	EndOfTrD283	0.000000	0.000000	0.000000	8	0	0.000000
18	16	0.663657	D283	0.000000	0.990971	0.025373	4	5	5.370185
19	18	0.000000	EndOfTrEndOfTrD431	0.000000	0.000000	0.000000	0	4	0.000000
20	18	0.800000	EndOfTrD431	0.000000	0.000000	0.000000	4	1	2.173220
0	-1	0.433909	D431	0.000000	1.000000	0.034058	47	53	60.049559
1	0	0.395038	D463	0.000000	1.000000	0.043941	47	39	51.453496
2	0	0.000000	EndOfTrEndOfTrD775	0.000000	0.000000	0.000000	0	14	0.000000
3	1	0.090909	EndOfTrD775	0.000000	0.000000	0.000000	1	10	2.910639
4	1	0.076609	D775	0.000000	1.000000	0.023981	46	29	43.466385
5	4	0.456869	D278	0.000000	1.000000	0.030898	4	12	7.815010
6	4	0.628096	D454	0.000000	1.000000	0.022439	42	17	30.772334
7	5	0.000000	EndOfTrD510	0.000000	0.000000	0.000000	0	8	0.000000
8	5	0.183695	D510	0.000000	1.000000	0.021106	4	4	4.816480
9	6	0.560302	D575	0.000000	1.000000	0.021383	22	17	23.201178
10	6	1.000000	EndOfTrEndOfTrEndOfTrD298	0.000000	0.000000	0.000000	20	0	0.000000
11	8	1.000000	EndOfTrEndOfTrD298	0.000000	0.000000	0.000000	4	0	0.000000
12	8	0.000000	EndOfTrD298	0.000000	0.000000	0.000000	0	4	0.000000
13	9	0.777448	D298	0.000000	1.000000	0.064849	5	13	9.237583
14	9	0.666952	D584	0.000000	1.000000	0.026615	17	4	8.881467
15	13	0.000000	EndOfTrD279	0.000000	0.000000	0.000000	0	9	0.000000
16	13	0.695892	D279	0.000000	1.000000	0.029038	5	4	5.370185
17	14	1.000000	EndOfTrEndOfTrEndOfTrEndOfTrD295	0.000000	0.000000	0.000000	15	0	0.000000
18	14	0.333333	EndOfTrEndOfTrEndOfTrD295	0.000000	0.000000	0.000000	2	4	3.317215
19	16	1.000000	EndOfTrEndOfTrD295	0.000000	0.000000	0.000000	5	0	0.000000
20	16	0.000000	EndOfTrD295	0.000000	0.000000	0.000000	0	4	0.000000
0	-1	0.407266	D295	0.000000	1.000000	0.031740	47	53	60.049559
1	0	0.296703	D186	0.000000	1.000000	0.032765	47	39	51.453496
2	0	0.000000	EndOfTrEndOfTrD524	0.000000	0.000000	0.000000	0	14	0.000000
3	1	1.000000	EndOfTrD524	0.000000	0.000000	0.000000	8	0	0.000000
4	1	0.117347	D524	0.000000	1.000000	0.050797	39	39	46.960679
5	4	1.000000	EndOfTrD507	0.000000	0.000000	0.000000	7	0	0.000000
6	4	0.537975	D507	0.000000	1.000000	0.026776	32	39	42.446048
7	6	0.383899	D254	0.000000	0.935926	0.035206	32	31	37.922886
8	6	0.000000	EndOfTrD456	0.000000	0.000000	0.000000	0	8	0.000000
9	7	0.625000	D456	0.000000	1.000000	0.045115	27	13	21.908629
10	7	0.696192	D464	0.000000	1.000000	0.032573	5	18	10.459970
11	9	0.394861	D277	0.000000	1.000000	0.036905	23	4	9.837683
12	9	0.206068	D317	0.000000	1.000000	0.025540	4	9	6.969682
13	10	0.000000	EndOfTrD318	0.000000	0.000000	0.000000	0	15	0.000000
14	10	0.122940	D318	0.000000	1.000000	0.020858	5	3	4.597012
15	11	1.000000	EndOfTrD530	0.000000	0.000000	0.000000	19	0	0.000000
16	11	0.111111	D530	0.000000	1.000000	0.031788	4	4	4.816480
17	12	0.100000	EndOfTrEndOfTrEndOfTrEndOfTrEndOfTrEndOfTrD415	0.000000	0.000000	0.000000	1	9	2.823635
18	12	1.000000	EndOfTrEndOfTrEndOfTrEndOfTrEndOfTrD415	0.000000	0.000000	0.000000	3	0	0.000000
19	14	0.000000	EndOfTrEndOfTrEndOfTrEndOfTrD415	0.000000	0.000000	0.000000	0	3	0.000000
20	14	1.000000	EndOfTrEndOfTrEndOfTrD415	0.000000	0.000000	0.000000	5	0	0.000000
21	16	0.000000	EndOfTrEndOfTrD415	0.000000	0.000000	0.000000	0	4	0.000000
22	16	1.000000	EndOfTrD415	0.000000	0.000000	0.000000	4	0	0.000000
0	-1	0.378642	D415	0.000000	1.000000	0.025327	47	53	60.049559
1	0	0.500000	D731	0.000000	1.000000	0.056970	47	39	51.453496
2	0	0.000000	EndOfTrD468	0.000000	0.000000	0.000000	0	14	0.000000
3	1	0.417780	D468	0.000000	1.000000	0.020096	47	33	47.095279
4	1	0.000000	EndOfTrEndOfTrD777	0.000000	0.000000	0.000000	0	6	0.000000
5	3	0.111111	EndOfTrD777	0.000000	0.000000	0.000000	1	8	2.726925
6	3	0.783114	D777	0.000000	1.000000	0.035070	46	25	40.007965
7	6	0.607873	D478	0.000000	0.879207	0.041672	45	18	32.737973
8	6	0.125000	EndOfTrD352	0.000000	0.000000	0.000000	1	7	2.618067
9	7	0.439977	D352	0.000000	1.000000	0.044497	25	3	8.281122
10	7	0.158805	D429	0.001191	1.000000	0.043485	20	15	20.760826
11	9	1.000000	EndOfTrD354	0.000000	0.000000	0.000000	20	0	0.000000
12	9	0.520318	D354	0.000000	1.000000	0.052682	5	3	4.597012
13	10	0.000000	EndOfTrD499	0.000000	0.000000	0.000000	0	6	0.000000
14	10	0.815436	D499	0.207215	1.000000	0.057830	20	9	15.601519
15	12	0.000000	EndOfTrEndOfTrD518	0.000000	0.000000	0.000000	0	3	0.000000
16	12	1.000000	EndOfTrD518	0.000000	0.000000	0.000000	5	0	0.000000
17	14	0.130038	D518	0.000000	1.000000	0.015168	20	6	12.199599
18	14	0.000000	EndOfTrEndOfTrD461	0.000000	0.000000	0.000000	0	3	0.000000
19	17	1.000000	EndOfTrD461	0.000000	0.000000	0.000000	12	0	0.000000
20	17	0.113293	D461	0.000000	1.000000	0.011577	8	6	8.304330
21	20	0.000000	EndOfTrEndOfTree	0.000000	0.000000	0.000000	0	4	0.000000
22	20	0.800000	EndOfTree	0.000000	0.000000	0.000000	8	2	4.346440
Finished fold 2: ncu = 100.

Model data set: active = 47, inactive = 53.
Finished the first tree, MIS = 1.
Current MIS = 2.
Current MIS = 3.
Current MIS = 4.
Finished all trees: NT = 5, MIS = 4.
Mnode	17	17	19	19	21
Node	Parent	Breakvalue	Variable	Range_low	Range_high	Variance	Num_active	Num_inactive	Deviance
0	-1	0.441181	D432	0.000775	1.000000	0.031778	47	53	60.049559
1	0	0.516787	D458	0.000000	1.000000	0.062654	47	38	50.760465
2	0	0.000000	EndOfTrD496	0.000000	0.000000	0.000000	0	15	0.000000
3	1	0.481723	D496	0.000000	0.959530	0.045712	14	29	23.567618
4	1	0.705519	D475	0.000000	0.928639	0.023814	33	9	18.954655
5	3	0.629237	D144	0.000000	1.000000	0.043930	2	21	5.902150
6	3	0.253683	D282	0.000000	1.000000	0.032969	12	8	11.691410
7	4	0.242961	D490	0.000000	0.940563	0.034831	12	9	12.456495
8	4	1.000000	EndOfTrEndOfTrEndOfTrEndOfTrD361	0.000000	0.000000	0.000000	21	0	0.000000
9	5	0.000000	EndOfTrEndOfTrEndOfTrD361	0.000000	0.000000	0.000000	0	20	0.000000
10	5	0.666667	EndOfTrEndOfTrD361	0.000000	0.000000	0.000000	2	1	1.658608
11	6	0.000000	EndOfTrD361	0.000000	0.000000	0.000000	0	5	0.000000
12	6	0.617913	D361	0.000000	1.000000	0.046611	12	3	6.519660
13	7	0.000000	EndOfTrEndOfTrEndOfTrEndOfTrD419	0.000000	0.000000	0.000000	0	6	0.000000
14	7	0.800000	EndOfTrEndOfTrEndOfTrD419	0.000000	0.000000	0.000000	12	3	6.519660
15	12	1.000000	EndOfTrEndOfTrD419	0.000000	0.000000	0.000000	12	0	0.000000
16	12	0.000000	EndOfTrD419	0.000000	0.000000	0.000000	0	3	0.000000
0	-1	0.469936	D419	0.012140	1.000000	0.038413	47	53	60.049559
1	0	0.315891	D467	0.000000	1.000000	0.044941	47	39	51.453496
2	0	0.000000	EndOfTrD461	0.000000	0.000000	0.000000	0	14	0.000000
3	1	0.153101	D461	0.000000	1.000000	0.009865	3	17	7.343209
4	1	0.774705	D450	0.000000	1.000000	0.051355	44	22	36.489366
5	3	0.000000	EndOfTrEndOfTrD199	0.000000	0.000000	0.000000	0	15	0.000000
6	3	0.600000	EndOfTrD199	0.000000	0.000000	0.000000	3	2	2.922853
7	4	0.575135	D199	0.000000	1.000000	0.057996	42	11	23.509663
8	4	0.775840	D467	0.000000	1.000000	0.044941	2	11	4.847768
9	7	1.000000	EndOfTrD451	0.000000	0.000000	0.000000	29	0	0.000000
10	7	0.549378	D451	0.000000	1.000000	0.042144	13	11	14.376973
11	8	0.000000	EndOfTrEndOfTrD507	0.000000	0.000000	0.000000	0	10	0.000000
12	8	0.666667	EndOfTrD507	0.000000	0.000000	0.000000	2	1	1.658608
13	10	0.537975	D507	0.000000	1.000000	0.028759	13	5	9.237583
14	10	0.000000	EndOfTrEndOfTrEndOfTrD431	0.000000	0.000000	0.000000	0	6	0.000000
15	13	0.928571	EndOfTrEndOfTrD431	0.000000	0.000000	0.000000	13	1	3.129058
16	13	0.000000	EndOfTrD431	0.000000	0.000000	0.000000	0	4	0.000000
0	-1	0.430982	D431	0.001732	0.975244	0.032510	47	53	60.049559
1	0	0.932628	D473	0.000000	0.992300	0.030626	47	39	51.453496
2	0	0.000000	EndOfTrD242	0.000000	0.000000	0.000000	0	14	0.000000
3	1	0.259599	D242	0.000000	1.000000	0.030787	30	37	40.019821
4	1	0.083333	D739	0.000000	1.000000	0.061886	17	2	5.553254
5	3	0.146370	D515	0.000000	1.000000	0.031905	30	26	33.591170
6	3	0.000000	EndOfTrEndOfTrEndOfTrEndOfTrD590	0.000000	0.000000	0.000000	0	11	0.000000
7	4	0.333333	EndOfTrEndOfTrEndOfTrD590	0.000000	0.000000	0.000000	1	2	1.658608
8	4	1.000000	EndOfTrEndOfTrD590	0.000000	0.000000	0.000000	16	0	0.000000
9	5	0.000000	EndOfTrD590	0.000000	0.000000	0.000000	0	10	0.000000
10	5	0.484698	D590	0.000000	1.000000	0.044068	30	16	25.814606
11	10	1.000000	EndOfTrD460	0.000000	0.000000	0.000000	10	0	0.000000
12	10	0.512108	D460	0.138889	1.000000	0.038242	20	16	21.480741
13	12	0.515370	D574	0.000000	1.000000	0.040508	19	6	11.966549
14	12	0.090909	EndOfTrD197	0.000000	0.000000	0.000000	1	10	2.910639
15	13	0.103943	D197	0.000000	1.000000	0.024931	8	6	8.304330
16	13	1.000000	EndOfTrEndOfTrEndOfTrD415	0.000000	0.000000	0.000000	11	0	0.000000
17	15	0.000000	EndOfTrEndOfTrD415	0.000000	0.000000	0.000000	0	4	0.000000
18	15	0.800000	EndOfTrD415	0.000000	0.000000	0.000000	8	2	4.346440
0	-1	0.378642	D415	0.000000	1.000000	0.027104	47	53	60.049559
1	0	0.855603	D521	0.000000	1.000000	0.047116	47	39	51.453496
2	0	0.000000	EndOfTrD219	0.000000	0.000000	0.000000	0	14	0.000000
3	1	0.194444	D219	0.000000	1.000000	0.067606	47	32	46.318283
4	1	0.000000	EndOfTrD210	0.000000	0.000000	0.000000	0	7	0.000000
5	3	0.268519	D210	0.000000	1.000000	0.056610	10	20	16.586075
6	3	0.280284	D446	0.000000	1.000000	0.032252	37	12	23.691938
7	5	1.000000	EndOfTrD474	0.000000	0.000000	0.000000	6	0	0.000000
8	5	0.889808	D474	0.000000	1.000000	0.024001	4	20	9.392460
9	6	0.655349	D478	0.000000	1.000000	0.029878	34	5	12.972773
10	6	0.487288	D582	0.012241	1.000000	0.039870	3	7	5.305900
11	8	0.000000	EndOfTrEndOfTrEndOfTrD525	0.000000	0.000000	0.000000	0	17	0.000000
12	8	0.571429	EndOfTrEndOfTrD525	0.000000	0.000000	0.000000	4	3	4.152165
13	9	1.000000	EndOfTrD525	0.000000	0.000000	0.000000	27	0	0.000000
14	9	0.433333	D525	0.000000	0.955556	0.045372	7	5	7.079277
15	10	1.000000	EndOfTrEndOfTrEndOfTrEndOfTrD131	0.000000	0.000000	0.000000	3	0	0.000000
16	10	0.000000	EndOfTrEndOfTrEndOfTrD131	0.000000	0.000000	0.000000	0	7	0.000000
17	14	0.000000	EndOfTrEndOfTrD131	0.000000	0.000000	0.000000	0	5	0.000000
18	14	1.000000	EndOfTrD131	0.000000	0.000000	0.000000	7	0	0.000000
0	-1	0.381926	D131	0.000000	0.925505	0.030421	47	53	60.049559
1	0	0.358175	D588	0.000000	1.000000	0.013103	47	39	51.453496
2	0	0.000000	EndOfTrD506	0.000000	0.000000	0.000000	0	14	0.000000
3	1	0.202695	D506	0.000000	1.000000	0.045796	24	6	13.039321
4	1	0.700000	D248	0.000000	1.000000	0.049483	23	33	32.935659
5	3	0.000000	EndOfTrD464	0.000000	0.000000	0.000000	0	3	0.000000
6	3	0.501656	D464	0.000000	1.000000	0.033769	24	3	8.180776
7	4	0.271664	D510	0.000000	0.887801	0.018676	15	32	25.564862
8	4	0.888889	EndOfTrEndOfTrEndOfTrD462	0.000000	0.000000	0.000000	8	1	2.726925
9	6	0.250000	EndOfTrEndOfTrD462	0.000000	0.000000	0.000000	1	3	1.953752
10	6	1.000000	EndOfTrD462	0.000000	0.000000	0.000000	23	0	0.000000
11	7	0.176386	D462	0.000000	1.000000	0.024179	15	19	20.265192
12	7	0.000000	EndOfTrEndOfTrD273	0.000000	0.000000	0.000000	0	13	0.000000
13	11	0.000000	EndOfTrD273	0.000000	0.000000	0.000000	0	7	0.000000
14	11	0.593548	D273	0.000000	1.000000	0.045412	15	12	16.110556
15	14	0.145222	D216	0.011153	1.000000	0.036642	7	12	10.860914
16	14	1.000000	EndOfTrEndOfTrD492	0.000000	0.000000	0.000000	8	0	0.000000
17	15	0.000000	EndOfTrD492	0.000000	0.000000	0.000000	0	7	0.000000
18	15	0.221685	D492	0.000000	1.000000	0.013818	7	5	7.079277
19	18	0.875000	EndOfTrEndOfTree	0.000000	0.000000	0.000000	7	1	2.618067
20	18	0.000000	EndOfTree	0.000000	0.000000	0.000000	0	4	0.000000
Finished fold 3: ncu = 100.

Model data set: active = 44, inactive = 56.
Finished the first tree, MIS = 5.
Finished all trees: NT = 3, MIS = 5.
Mnode	21	19	17
Node	Parent	Breakvalue	Variable	Range_low	Range_high	Variance	Num_active	Num_inactive	Deviance
0	-1	0.442521	D432	0.000000	1.000000	0.041956	44	56	59.579105
1	0	0.253683	D282	0.000000	1.000000	0.034824	44	35	47.116482
2	0	0.000000	EndOfTrEndOfTrD595	0.000000	0.000000	0.000000	0	21	0.000000
3	1	0.000000	EndOfTrD595	0.000000	0.000000	0.000000	0	10	0.000000
4	1	0.757209	D595	0.119535	1.000000	0.054153	44	25	39.240339
5	4	0.225410	D293	0.000000	1.000000	0.057684	42	15	28.534055
6	4	0.423387	D148	0.016129	1.000000	0.067306	2	10	4.696230
7	5	0.000000	EndOfTrD274	0.000000	0.000000	0.000000	0	4	0.000000
8	5	0.735254	D274	0.000000	1.000000	0.029124	42	11	23.509663
9	6	0.000000	EndOfTrEndOfTrD475	0.000000	0.000000	0.000000	0	8	0.000000
10	6	0.500000	EndOfTrD475	0.000000	0.000000	0.000000	2	2	2.408240
11	8	0.704091	D475	0.180780	1.000000	0.027551	27	11	19.859271
12	8	1.000000	EndOfTrD478	0.000000	0.000000	0.000000	15	0	0.000000
13	11	0.641226	D478	0.000000	1.000000	0.029307	7	9	9.524102
14	11	0.036337	D015	0.000000	1.000000	0.051581	20	2	5.821278
15	13	0.802481	D463	0.000000	1.000000	0.040707	7	3	5.305900
16	13	0.000000	EndOfTrEndOfTrEndOfTrEndOfTrEndOfTrD213	0.000000	0.000000	0.000000	0	6	0.000000
17	14	0.333333	EndOfTrEndOfTrEndOfTrEndOfTrD213	0.000000	0.000000	0.000000	1	2	1.658608
18	14	1.000000	EndOfTrEndOfTrEndOfTrD213	0.000000	0.000000	0.000000	19	0	0.000000
19	15	1.000000	EndOfTrEndOfTrD213	0.000000	0.000000	0.000000	5	0	0.000000
20	15	0.400000	EndOfTrD213	0.000000	0.000000	0.000000	2	3	2.922853
0	-1	0.413453	D213	0.000000	1.000000	0.031200	44	56	59.579105
1	0	0.748988	D281	0.000000	1.000000	0.027956	44	36	47.816782
2	0	0.000000	EndOfTrD450	0.000000	0.000000	0.000000	0	20	0.000000
3	1	0.789665	D450	0.000000	1.000000	0.053570	43	25	38.845925
4	1	0.083333	EndOfTrD775	0.000000	0.000000	0.000000	1	11	2.989711
5	3	0.037284	D775	0.000000	1.000000	0.027213	43	18	32.142143
6	3	0.000000	EndOfTrD575	0.000000	0.000000	0.000000	0	7	0.000000
7	5	0.543467	D575	0.000000	1.000000	0.020482	3	8	5.598472
8	5	0.908727	D261	0.000000	1.000000	0.027011	40	10	21.732201
9	7	1.000000	EndOfTrEndOfTrD527	0.000000	0.000000	0.000000	3	0	0.000000
10	7	0.000000	EndOfTrD527	0.000000	0.000000	0.000000	0	8	0.000000
11	8	0.484375	D527	0.000000	1.000000	0.034774	24	10	17.890427
12	8	1.000000	EndOfTrD219	0.000000	0.000000	0.000000	16	0	0.000000
13	11	0.194444	D219	0.000000	0.962963	0.069119	24	6	13.039321
14	11	0.000000	EndOfTrD583	0.000000	0.000000	0.000000	0	4	0.000000
15	13	0.628419	D583	0.154770	1.000000	0.039486	8	6	8.304330
16	13	1.000000	EndOfTrEndOfTrEndOfTrD431	0.000000	0.000000	0.000000	16	0	0.000000
17	15	0.000000	EndOfTrEndOfTrD431	0.000000	0.000000	0.000000	0	6	0.000000
18	15	1.000000	EndOfTrD431	0.000000	0.000000	0.000000	8	0	0.000000
0	-1	0.430982	D431	0.000000	1.000000	0.040356	44	56	59.579105
1	0	0.516787	D458	0.000000	1.000000	0.057158	44	37	48.503810
2	0	0.000000	EndOfTrD210	0.000000	0.000000	0.000000	0	19	0.000000
3	1	0.268519	D210	0.000000	0.981481	0.055844	14	26	22.494600
4	1	0.360406	D522	0.020305	1.000000	0.054662	30	11	20.710362
5	3	1.000000	EndOfTrD190	0.000000	0.000000	0.000000	5	0	0.000000
6	3	0.574882	D190	0.000000	1.000000	0.034521	9	26	17.329784
7	4	1.000000	EndOfTrD503	0.000000	0.000000	0.000000	16	0	0.000000
8	4	0.147451	D503	0.000000	1.000000	0.017599	14	11	14.894776
9	6	0.000000	EndOfTrD568	0.000000	0.000000	0.000000	0	15	0.000000
10	6	0.111481	D568	0.027460	1.000000	0.010402	9	11	11.954196
11	8	0.909091	EndOfTrD186	0.000000	0.000000	0.000000	10	1	2.910639
12	8	0.293613	D186	0.000000	1.000000	0.038011	4	10	7.275105
13	10	0.166667	EndOfTrEndOfTrEndOfTrEndOfTree	0.000000	0.000000	0.000000	2	10	4.696230
14	10	0.875000	EndOfTrEndOfTrEndOfTree	0.000000	0.000000	0.000000	7	1	2.618067
15	12	1.000000	EndOfTrEndOfTree	0.000000	0.000000	0.000000	3	0	0.000000
16	12	0.090909	EndOfTree	0.000000	0.000000	0.000000	1	10	2.910639
Finished fold 4: ncu = 100.

Model data set: active = 46, inactive = 54.
Finished the first tree, MIS = 4.
Finished all trees: NT = 4, MIS = 4.
Mnode	15	17	17	21
Node	Parent	Breakvalue	Variable	Range_low	Range_high	Variance	Num_active	Num_inactive	Deviance
0	-1	0.441181	D432	0.000000	1.000000	0.039649	46	54	59.927753
1	0	0.260672	D282	0.000000	1.000000	0.036088	46	35	48.116089
2	0	0.000000	EndOfTrEndOfTrD588	0.000000	0.000000	0.000000	0	19	0.000000
3	1	0.000000	EndOfTrD588	0.000000	0.000000	0.000000	0	11	0.000000
4	1	0.355917	D588	0.000000	1.000000	0.013989	46	24	39.089865
5	4	0.083333	D739	0.000000	0.833333	0.081531	24	2	6.124355
6	4	0.080963	D775	0.000000	1.000000	0.024783	22	22	26.490640
7	5	0.333333	EndOfTrEndOfTrEndOfTrD486	0.000000	0.000000	0.000000	1	2	1.658608
8	5	1.000000	EndOfTrEndOfTrD486	0.000000	0.000000	0.000000	23	0	0.000000
9	6	0.000000	EndOfTrD486	0.000000	0.000000	0.000000	0	8	0.000000
10	6	0.096913	D486	0.000000	1.000000	0.020954	22	14	20.895597
11	10	0.923077	EndOfTrD481	0.000000	0.000000	0.000000	12	1	3.062177
12	10	0.180272	D481	0.000000	0.978620	0.035870	10	13	13.676953
13	12	0.076923	EndOfTrEndOfTrD213	0.000000	0.000000	0.000000	1	12	3.062177
14	12	0.900000	EndOfTrD213	0.000000	0.000000	0.000000	9	1	2.823635
0	-1	0.413453	D213	0.000000	1.000000	0.028947	46	54	59.927753
1	0	0.507794	D458	0.000000	1.000000	0.060261	46	36	48.837971
2	0	0.000000	EndOfTrD467	0.000000	0.000000	0.000000	0	18	0.000000
3	1	0.317183	D467	0.000000	1.000000	0.045231	10	25	18.187763
4	1	0.475191	D463	0.169847	1.000000	0.060114	36	11	22.212780
5	3	0.000000	EndOfTrD534	0.000000	0.000000	0.000000	0	13	0.000000
6	3	0.167561	D534	0.000185	1.000000	0.021586	10	12	13.166248
7	4	0.000000	EndOfTrD259	0.000000	0.000000	0.000000	0	5	0.000000
8	4	0.554391	D259	0.000000	1.000000	0.037124	36	6	14.961345
9	6	0.100000	EndOfTrD495	0.000000	0.000000	0.000000	1	9	2.823635
10	6	0.897287	D495	0.000000	0.975452	0.061712	9	3	5.861257
11	8	1.000000	EndOfTrD294	0.000000	0.000000	0.000000	29	0	0.000000
12	8	0.678063	D294	0.000000	1.000000	0.045086	7	6	7.793340
13	10	1.000000	EndOfTrEndOfTrEndOfTrEndOfTrD019	0.000000	0.000000	0.000000	9	0	0.000000
14	10	0.000000	EndOfTrEndOfTrEndOfTrD019	0.000000	0.000000	0.000000	0	3	0.000000
15	12	0.000000	EndOfTrEndOfTrD019	0.000000	0.000000	0.000000	0	5	0.000000
16	12	0.875000	EndOfTrD019	0.000000	0.000000	0.000000	7	1	2.618067
0	-1	0.428571	D019	0.000000	1.000000	0.036684	46	54	59.927753
1	0	0.733806	D281	0.000000	1.000000	0.028703	46	37	49.546315
2	0	0.000000	EndOfTrD572	0.000000	0.000000	0.000000	0	17	0.000000
3	1	0.065659	D572	0.000000	1.000000	0.010709	45	23	37.792605
4	1	0.066667	EndOfTrEndOfTrD674	0.000000	0.000000	0.000000	1	14	3.191153
5	3	1.000000	EndOfTrD674	0.000000	0.000000	0.000000	15	0	0.000000
6	3	0.050000	D674	0.000000	1.000000	0.026085	30	23	31.506486
7	6	0.000000	EndOfTrD261	0.000000	0.000000	0.000000	0	8	0.000000
8	6	0.874700	D261	0.000000	1.000000	0.025331	30	15	24.879113
9	8	0.558723	D186	0.000000	0.953984	0.036523	11	13	14.376973
10	8	0.904762	EndOfTrD277	0.000000	0.000000	0.000000	19	2	5.736454
11	9	0.279768	D277	0.015201	1.000000	0.040763	5	13	9.237583
12	9	1.000000	EndOfTrEndOfTrD474	0.000000	0.000000	0.000000	6	0	0.000000
13	11	1.000000	EndOfTrD474	0.000000	0.000000	0.000000	3	0	0.000000
14	11	0.899390	D474	0.191638	0.994774	0.026953	2	13	5.116091
15	14	0.000000	EndOfTrEndOfTrD124	0.000000	0.000000	0.000000	0	12	0.000000
16	14	0.666667	EndOfTrD124	0.000000	0.000000	0.000000	2	1	1.658608
0	-1	0.426667	D124	0.000000	1.000000	0.035104	46	54	59.927753
1	0	0.612221	D361	0.000000	0.790344	0.071513	46	37	49.546315
2	0	0.000000	EndOfTrD503	0.000000	0.000000	0.000000	0	17	0.000000
3	1	0.393685	D503	0.000000	1.000000	0.016065	46	27	41.777774
4	1	0.000000	EndOfTrD675	0.000000	0.000000	0.000000	0	10	0.000000
5	3	0.100000	D675	0.000000	0.800000	0.069059	46	19	34.112379
6	3	0.000000	EndOfTrD454	0.000000	0.000000	0.000000	0	8	0.000000
7	5	0.720588	D454	0.000000	0.900542	0.026086	3	8	5.598472
8	5	0.632353	D454	0.000000	0.900542	0.026086	43	11	23.709600
9	7	0.000000	EndOfTrEndOfTrD516	0.000000	0.000000	0.000000	0	6	0.000000
10	7	0.600000	EndOfTrD516	0.000000	0.000000	0.000000	3	2	2.922853
11	8	0.118214	D516	0.000000	1.000000	0.027702	22	11	18.244683
12	8	1.000000	EndOfTrEndOfTrD018	0.000000	0.000000	0.000000	21	0	0.000000
13	11	0.142857	EndOfTrD018	0.000000	0.000000	0.000000	1	6	2.493558
14	11	0.353659	D018	0.000000	1.000000	0.027393	21	5	11.055704
15	14	1.000000	EndOfTrD451	0.000000	0.000000	0.000000	11	0	0.000000
16	14	0.544398	D451	0.000000	1.000000	0.039424	10	5	8.293038
17	16	1.000000	EndOfTrD355	0.000000	0.000000	0.000000	7	0	0.000000
18	16	0.339410	D355	0.000000	1.000000	0.043657	3	5	4.597012
19	18	0.750000	EndOfTrEndOfTree	0.000000	0.000000	0.000000	3	1	1.953752
20	18	0.000000	EndOfTree	0.000000	0.000000	0.000000	0	4	0.000000
Finished fold 5: ncu = 100.

ID	chemid	Y	Prob1	F.Prob	Tree1	Forest	Conf1	F.Conf
1	1	1	1.000000	0.763889	1	1	1.000000	0.527778
2	2	1	1.000000	0.965513	1	1	1.000000	0.931025
3	3	1	1.000000	0.968543	1	1	1.000000	0.937086
4	4	1	1.000000	1.000000	1	1	1.000000	1.000000
5	5	1	0.769231	0.745466	1	1	0.538462	0.490932
6	6	1	1.000000	0.969697	1	1	1.000000	0.939394
7	7	1	1.000000	0.976190	1	1	1.000000	0.952381
8	8	0	1.000000	0.866667	1	1	1.000000	0.733333
9	9	0	0.000000	0.515625	0	1	1.000000	0.031250
10	10	1	0.000000	0.476235	0	0	1.000000	0.047529
11	11	1	0.000000	0.000000	0	0	1.000000	1.000000
12	12	0	0.000000	0.266667	0	0	1.000000	0.466667
13	13	0	0.000000	0.000000	0	0	1.000000	1.000000
14	14	0	0.000000	0.000000	0	0	1.000000	1.000000
15	15	0	0.000000	0.115625	0	0	1.000000	0.768750
16	16	0	0.000000	0.200000	0	0	1.000000	0.600000
17	17	0	0.000000	0.100000	0	0	1.000000	0.800000
18	18	0	0.000000	0.115625	0	0	1.000000	0.768750
19	19	0	0.000000	0.000000	0	0	1.000000	1.000000
20	20	0	0.000000	0.000000	0	0	1.000000	1.000000
21	21	0	0.000000	0.466667	0	0	1.000000	0.066667
22	22	0	0.000000	0.600000	0	1	1.000000	0.200000
23	23	1	0.900000	0.241667	1	0	0.800000	0.516667
24	24	1	0.000000	0.545714	0	1	1.000000	0.091429
25	25	1	0.142857	0.757788	0	1	0.714286	0.515575
26	26	1	0.900000	0.225000	1	0	0.800000	0.550000
27	27	1	1.000000	1.000000	1	1	1.000000	1.000000
28	28	1	0.000000	0.292424	0	0	1.000000	0.415152
29	29	1	0.142857	0.423413	0	0	0.714286	0.153175
30	30	1	0.000000	0.516667	0	1	1.000000	0.033333
31	31	0	0.000000	0.000000	0	0	1.000000	1.000000
32	32	0	1.000000	0.388889	1	0	1.000000	0.222222
33	33	0	0.923077	0.480769	1	0	0.846154	0.038462
34	34	0	1.000000	0.625000	1	1	1.000000	0.250000
35	35	0	1.000000	0.909091	1	1	1.000000	0.818182
36	36	0	1.000000	0.958333	1	1	1.000000	0.916667
37	37	1	0.000000	0.216667	0	0	1.000000	0.566667
38	38	1	0.800000	0.434286	1	0	0.600000	0.131429
39	39	1	1.000000	0.756944	1	1	1.000000	0.513889
40	40	1	1.000000	1.000000	1	1	1.000000	1.000000
41	41	1	0.000000	0.363636	0	0	1.000000	0.272727
42	42	1	1.000000	0.696970	1	1	1.000000	0.393939
43	43	1	1.000000	0.965513	1	1	1.000000	0.931025
44	44	0	0.000000	0.058081	0	0	1.000000	0.883838
45	45	0	1.000000	0.696970	1	1	1.000000	0.393939
46	46	0	0.000000	0.006250	0	0	1.000000	0.987500
47	47	0	0.900000	0.475000	1	0	0.800000	0.050000
48	48	0	1.000000	0.625000	1	1	1.000000	0.250000
49	49	0	0.000000	0.127345	0	0	1.000000	0.745310
50	50	0	0.000000	0.006250	0	0	1.000000	0.987500
51	51	0	0.000000	0.114286	0	0	1.000000	0.771429
52	52	0	0.000000	0.130556	0	0	1.000000	0.738889
53	53	0	0.000000	0.044012	0	0	1.000000	0.911977
54	54	0	0.000000	0.044012	0	0	1.000000	0.911977
55	55	1	0.000000	0.577634	0	1	1.000000	0.155268
56	56	1	1.000000	0.875000	1	1	1.000000	0.750000
57	57	1	0.900000	0.975000	1	1	0.800000	0.950000
58	58	1	1.000000	0.800000	1	1	1.000000	0.600000
59	59	1	0.000000	0.720000	0	1	1.000000	0.440000
60	60	0	0.142857	0.523413	0	1	0.714286	0.046825
61	61	1	0.900000	0.475000	1	0	0.800000	0.050000
62	62	1	0.000000	0.126989	0	0	1.000000	0.746023
63	63	0	0.000000	0.027778	0	0	1.000000	0.944444
64	64	0	0.000000	0.000000	0	0	1.000000	1.000000
65	65	0	0.000000	0.319444	0	0	1.000000	0.361111
66	66	0	0.000000	0.016667	0	0	1.000000	0.966667
67	67	1	0.000000	0.025000	0	0	1.000000	0.950000
68	68	1	0.000000	0.025000	0	0	1.000000	0.950000
69	69	0	0.000000	0.006250	0	0	1.000000	0.987500
70	70	0	0.000000	0.107143	0	0	1.000000	0.785714
71	71	0	1.000000	0.333333	1	0	1.000000	0.333333
72	72	0	0.000000	0.131250	0	0	1.000000	0.737500
73	73	0	0.000000	0.063782	0	0	1.000000	0.872436
74	74	0	0.000000	0.000000	0	0	1.000000	1.000000
75	75	1	1.000000	1.000000	1	1	1.000000	1.000000
76	76	1	1.000000	0.750000	1	1	1.000000	0.500000
77	77	1	1.000000	0.888178	1	1	1.000000	0.776357
78	78	0	0.800000	0.410000	1	0	0.600000	0.180000
79	79	0	0.000000	0.077381	0	0	1.000000	0.845238
80	80	0	0.000000	0.166667	0	0	1.000000	0.666667
81	81	1	1.000000	0.625000	1	1	1.000000	0.250000
82	82	1	0.000000	0.400000	0	0	1.000000	0.200000
83	83	1	0.923077	0.755769	1	1	0.846154	0.511538
84	84	0	0.769231	0.818348	1	1	0.538462	0.636696
85	85	0	0.142857	0.440079	0	0	0.714286	0.119841
86	86	0	0.882353	0.618975	1	1	0.764706	0.237949
87	87	1	0.000000	0.473217	0	0	1.000000	0.053566
88	88	0	0.000000	0.000000	0	0	1.000000	1.000000
89	89	0	0.666667	0.708333	1	1	0.333333	0.416667
90	90	0	0.000000	0.000000	0	0	1.000000	1.000000
91	91	0	0.000000	0.030303	0	0	1.000000	0.939394
92	92	0	0.076923	0.769231	0	1	0.846154	0.538462
93	93	0	0.000000	0.017614	0	0	1.000000	0.964773
94	94	0	0.000000	0.400000	0	0	1.000000	0.200000
95	95	0	0.000000	0.250000	0	0	1.000000	0.500000
96	96	0	0.500000	0.500000	1	1	0.000000	0.000000
97	97	1	1.000000	0.960000	1	1	1.000000	0.920000
98	98	1	0.769231	0.940128	1	1	0.538462	0.880256
99	99	1	0.000000	0.363636	0	0	1.000000	0.272727
100	100	1	0.000000	0.640625	0	1	1.000000	0.281250
101	101	0	1.000000	0.726190	1	1	1.000000	0.452381
102	102	1	0.000000	0.303030	0	0	1.000000	0.393939
103	103	0	0.900000	0.701190	1	1	0.800000	0.402381
104	104	1	0.882353	0.625919	1	1	0.764706	0.251838
105	105	0	0.800000	0.735000	1	1	0.600000	0.470000
106	106	0	0.800000	0.560000	1	1	0.600000	0.120000
107	107	0	1.000000	0.275000	1	0	1.000000	0.450000
108	108	0	0.000000	0.000000	0	0	1.000000	1.000000
109	109	0	0.000000	0.000000	0	0	1.000000	1.000000
110	110	0	0.000000	0.000000	0	0	1.000000	1.000000
111	111	0	0.000000	0.000000	0	0	1.000000	1.000000
112	112	0	0.000000	0.109091	0	0	1.000000	0.781818
113	113	1	0.800000	0.935000	1	1	0.600000	0.870000
114	114	1	0.769231	0.898713	1	1	0.538462	0.797426
115	115	1	0.800000	0.178182	1	0	0.600000	0.643636
116	116	0	1.000000	1.000000	1	1	1.000000	1.000000
117	117	0	0.923077	0.480769	1	0	0.846154	0.038462
118	118	1	0.500000	0.791667	1	1	0.000000	0.583333
119	119	1	1.000000	0.600000	1	1	1.000000	0.200000
120	120	1	1.000000	1.000000	1	1	1.000000	1.000000
121	121	1	1.000000	1.000000	1	1	1.000000	1.000000
122	122	1	1.000000	1.000000	1	1	1.000000	1.000000
123	123	1	1.000000	1.000000	1	1	1.000000	1.000000
124	124	1	1.000000	0.969697	1	1	1.000000	0.939394
125	125	1	1.000000	0.762500	1	1	1.000000	0.525000
Total data set: active = 57, inactive = 68.
First tree: MIS, FP, FN, TP, TN	41	22	19	38	46
First tree: accuracy (concordance), prevalence	67.20%	45.60%
First tree: sensitivity, specificity	66.67%	67.65%
First tree: positive predictivity, negative predictivity	63.33%	70.77%
First tree: false positive rate, false negative rate	32.35%	33.33%
Forest: MIS, FP, FN, TP, TN	37	19	18	39	49
Forest: accuracy (concordance), prevalence	70.40%	45.60%
Forest: sensitivity, specificity	68.42%	72.06%
Forest: positive predictivity, negative predictivity	67.24%	73.13%
Forest: false positive rate, false negative rate	27.94%	31.58%
----------------------------------------------------------------------
Program finished normally.
