----------------------------------------------------------------------
/home/jshen/program/DF/forest ../x_scaled_DF.txt 5 4 2 3 0.005 10 
----------------------------------------------------------------------
Seed = 4, MT = 2, MIN_CUT = 3, MIN_REDUCTION = 0.005, MaxT = 10.
Input file, ../x_scaled_DF.txt, has been opened.
Finished reading in data: MCV = 7, MC = 125, MD = 511.
Finished sorting.
In a descriptor, the number of same values > MC - MIN_CUT.
Sparse descriptor list (removed):
Removed 0 sparse descriptor column(s): MD = 511.

5-fold cross validation.
Finished generate a random sequence.

Model data set: active = 45, inactive = 55.
Finished the first tree, MIS = 2.
Finished all trees: NT = 4, MIS = 2.
Mnode	19	19	17	17
Node	Parent	Breakvalue	Variable	Range_low	Range_high	Variance	Num_active	Num_inactive	Deviance
0	-1	0.442521	D432	0.000000	1.000000	0.041237	45	55	59.770978
1	0	0.830078	D471	0.000000	1.000000	0.034062	45	35	47.620509
2	0	0.000000	EndOfTrD488	0.000000	0.000000	0.000000	0	20	0.000000
3	1	0.614899	D488	0.000000	1.000000	0.057519	11	26	19.557674
4	1	0.457434	D458	0.000000	1.000000	0.056537	34	9	19.161356
5	3	0.569736	D289	0.055856	1.000000	0.042904	11	9	11.954196
6	3	0.000000	EndOfTrD579	0.000000	0.000000	0.000000	0	17	0.000000
7	4	0.513348	D579	0.000000	1.000000	0.042100	2	5	3.637553
8	4	0.665264	D478	0.000000	1.000000	0.035360	32	4	10.907702
9	5	0.767742	D273	0.000000	1.000000	0.052707	3	9	5.861257
10	5	1.000000	EndOfTrEndOfTrEndOfTrEndOfTrD250	0.000000	0.000000	0.000000	8	0	0.000000
11	7	0.666667	EndOfTrEndOfTrEndOfTrD250	0.000000	0.000000	0.000000	2	1	1.658608
12	7	0.000000	EndOfTrEndOfTrD250	0.000000	0.000000	0.000000	0	4	0.000000
13	8	1.000000	EndOfTrD250	0.000000	0.000000	0.000000	26	0	0.000000
14	8	0.536364	D250	0.000000	1.000000	0.043276	6	4	5.845705
15	9	0.000000	EndOfTrEndOfTrEndOfTrEndOfTrD213	0.000000	0.000000	0.000000	0	8	0.000000
16	9	0.750000	EndOfTrEndOfTrEndOfTrD213	0.000000	0.000000	0.000000	3	1	1.953752
17	14	0.000000	EndOfTrEndOfTrD213	0.000000	0.000000	0.000000	0	4	0.000000
18	14	1.000000	EndOfTrD213	0.000000	0.000000	0.000000	6	0	0.000000
0	-1	0.413453	D213	0.000000	1.000000	0.031531	45	55	59.770978
1	0	0.748988	D281	0.000000	1.000000	0.030086	45	36	48.331667
2	0	0.000000	EndOfTrD588	0.000000	0.000000	0.000000	0	19	0.000000
3	1	0.358175	D588	0.000000	1.000000	0.013476	45	25	39.627599
4	1	0.000000	EndOfTrD457	0.000000	0.000000	0.000000	0	11	0.000000
5	3	0.813725	D457	0.000000	0.897833	0.058905	25	2	6.192523
6	3	0.315891	D467	0.000000	0.956072	0.043494	20	23	25.797607
7	5	1.000000	EndOfTrEndOfTrEndOfTrD197	0.000000	0.000000	0.000000	24	0	0.000000
8	5	0.333333	EndOfTrEndOfTrD197	0.000000	0.000000	0.000000	1	2	1.658608
9	6	0.000000	EndOfTrD197	0.000000	0.000000	0.000000	0	9	0.000000
10	6	0.103362	D197	0.000000	1.000000	0.027592	20	14	20.007782
11	10	0.328851	D501	0.000000	1.000000	0.029436	3	10	6.099800
12	10	0.327315	D501	0.000000	1.000000	0.029436	17	4	8.881467
13	11	0.000000	EndOfTrEndOfTrEndOfTrD360	0.000000	0.000000	0.000000	0	10	0.000000
14	11	1.000000	EndOfTrEndOfTrD360	0.000000	0.000000	0.000000	3	0	0.000000
15	12	1.000000	EndOfTrD360	0.000000	0.000000	0.000000	11	0	0.000000
16	12	0.060848	D360	0.000000	1.000000	0.019753	6	4	5.845705
17	16	1.000000	EndOfTrEndOfTrD431	0.000000	0.000000	0.000000	5	0	0.000000
18	16	0.200000	EndOfTrD431	0.000000	0.000000	0.000000	1	4	2.173220
0	-1	0.430982	D431	0.000000	1.000000	0.040510	45	55	59.770978
1	0	0.253683	D282	0.000000	1.000000	0.038173	45	37	49.029418
2	0	0.000000	EndOfTrEndOfTrD228	0.000000	0.000000	0.000000	0	18	0.000000
3	1	0.000000	EndOfTrD228	0.000000	0.000000	0.000000	0	10	0.000000
4	1	0.170134	D228	0.000000	1.000000	0.034335	45	27	41.373110
5	4	1.000000	EndOfTrD290	0.000000	0.000000	0.000000	16	0	0.000000
6	4	0.132346	D290	0.000000	1.000000	0.036537	29	27	33.684332
7	6	0.000000	EndOfTrD739	0.000000	0.000000	0.000000	0	11	0.000000
8	6	0.083333	D739	0.000000	1.000000	0.058519	29	16	25.438203
9	8	0.000000	EndOfTrD361	0.000000	0.000000	0.000000	0	6	0.000000
10	8	0.607292	D361	0.000000	1.000000	0.046277	29	10	19.283955
11	10	0.596556	D454	0.000000	0.901316	0.025536	29	6	13.927864
12	10	0.000000	EndOfTrD215	0.000000	0.000000	0.000000	0	4	0.000000
13	11	0.206413	D215	0.000000	1.000000	0.039427	10	6	9.194024
14	11	1.000000	EndOfTrEndOfTrEndOfTrD124	0.000000	0.000000	0.000000	19	0	0.000000
15	13	0.909091	EndOfTrEndOfTrD124	0.000000	0.000000	0.000000	10	1	2.910639
16	13	0.000000	EndOfTrD124	0.000000	0.000000	0.000000	0	5	0.000000
0	-1	0.420000	D124	0.000000	1.000000	0.037108	45	55	59.770978
1	0	0.805869	D283	0.000000	1.000000	0.029267	45	37	49.029418
2	0	0.000000	EndOfTrD343	0.000000	0.000000	0.000000	0	18	0.000000
3	1	0.140244	D343	0.000000	1.000000	0.037017	45	28	42.215162
4	1	0.000000	EndOfTrEndOfTrD217	0.000000	0.000000	0.000000	0	9	0.000000
5	3	1.000000	EndOfTrD217	0.000000	0.000000	0.000000	15	0	0.000000
6	3	0.136838	D217	0.000000	1.000000	0.046091	30	28	34.889522
7	6	0.310205	D509	0.000000	0.844633	0.026468	3	15	7.044345
8	6	0.365294	D491	0.129412	0.980000	0.034639	27	13	21.908629
9	7	0.000000	EndOfTrEndOfTrEndOfTrD493	0.000000	0.000000	0.000000	0	14	0.000000
10	7	0.750000	EndOfTrEndOfTrD493	0.000000	0.000000	0.000000	3	1	1.953752
11	8	0.000000	EndOfTrD493	0.000000	0.000000	0.000000	0	6	0.000000
12	8	0.190555	D493	0.000000	1.000000	0.025810	27	7	15.015551
13	12	1.000000	EndOfTrD468	0.000000	0.000000	0.000000	19	0	0.000000
14	12	0.552170	D468	0.000000	1.000000	0.021068	8	7	9.001925
15	14	0.000000	EndOfTrEndOfTree	0.000000	0.000000	0.000000	0	6	0.000000
16	14	0.888889	EndOfTree	0.000000	0.000000	0.000000	8	1	2.726925
Finished fold 1: ncu = 100.

Model data set: active = 47, inactive = 53.
Finished the first tree, MIS = 1.
Current MIS = 2.
Current MIS = 3.
Current MIS = 4.
Finished all trees: NT = 3, MIS = 4.
Mnode	17	23	17
Node	Parent	Breakvalue	Variable	Range_low	Range_high	Variance	Num_active	Num_inactive	Deviance
0	-1	0.441181	D432	0.000000	1.000000	0.037983	47	53	60.049559
1	0	0.253683	D282	0.000000	1.000000	0.037457	47	37	50.054794
2	0	0.000000	EndOfTrEndOfTrD572	0.000000	0.000000	0.000000	0	16	0.000000
3	1	0.000000	EndOfTrD572	0.000000	0.000000	0.000000	0	11	0.000000
4	1	0.065659	D572	0.000000	1.000000	0.010913	47	26	41.289325
5	4	1.000000	EndOfTrD226	0.000000	0.000000	0.000000	15	0	0.000000
6	4	0.295429	D226	0.000000	1.000000	0.024783	32	26	34.649435
7	6	0.063413	D430	0.000000	1.000000	0.030843	11	22	18.244683
8	6	0.871898	D261	0.000000	1.000000	0.025278	21	4	9.547310
9	7	1.000000	EndOfTrD467	0.000000	0.000000	0.000000	5	0	0.000000
10	7	0.806202	D467	0.000000	1.000000	0.042507	6	22	12.636437
11	8	0.548525	D475	0.000000	1.000000	0.021478	5	4	5.370185
12	8	1.000000	EndOfTrEndOfTrEndOfTrEndOfTrEndOfTrD213	0.000000	0.000000	0.000000	16	0	0.000000
13	10	0.120000	EndOfTrEndOfTrEndOfTrEndOfTrD213	0.000000	0.000000	0.000000	3	22	7.967675
14	10	1.000000	EndOfTrEndOfTrEndOfTrD213	0.000000	0.000000	0.000000	3	0	0.000000
15	11	1.000000	EndOfTrEndOfTrD213	0.000000	0.000000	0.000000	4	0	0.000000
16	11	0.200000	EndOfTrD213	0.000000	0.000000	0.000000	1	4	2.173220
0	-1	0.413453	D213	0.000000	1.000000	0.028227	47	53	60.049559
1	0	0.522182	D458	0.000000	1.000000	0.059984	47	37	50.054794
2	0	0.000000	EndOfTrD588	0.000000	0.000000	0.000000	0	16	0.000000
3	1	0.466576	D588	0.000000	1.000000	0.013707	14	28	23.220506
4	1	0.196101	D259	0.039318	1.000000	0.036366	33	9	18.954655
5	3	0.249067	D461	0.000000	1.000000	0.011747	5	26	11.896111
6	3	0.654447	D478	0.000000	1.000000	0.034727	9	2	4.530154
7	4	0.000000	EndOfTrD199	0.000000	0.000000	0.000000	0	4	0.000000
8	4	0.168464	D199	0.000000	1.000000	0.055668	33	5	12.851933
9	5	0.587467	D496	0.000000	1.000000	0.044683	2	26	6.258116
10	5	1.000000	EndOfTrEndOfTrEndOfTrEndOfTrD254	0.000000	0.000000	0.000000	3	0	0.000000
11	6	1.000000	EndOfTrEndOfTrEndOfTrD254	0.000000	0.000000	0.000000	8	0	0.000000
12	6	0.333333	EndOfTrEndOfTrD254	0.000000	0.000000	0.000000	1	2	1.658608
13	8	0.250000	EndOfTrD254	0.000000	0.000000	0.000000	1	3	1.953752
14	8	0.457831	D254	0.000000	0.935926	0.035246	32	2	6.606848
15	9	0.000000	EndOfTrD251	0.000000	0.000000	0.000000	0	22	0.000000
16	9	0.480296	D251	0.000000	0.781281	0.026714	2	4	3.317215
17	14	1.000000	EndOfTrD001	0.000000	0.000000	0.000000	27	0	0.000000
18	14	0.500000	D001	0.000000	1.000000	0.051627	5	2	3.637553
19	16	0.000000	EndOfTrEndOfTrEndOfTrEndOfTrD431	0.000000	0.000000	0.000000	0	3	0.000000
20	16	0.666667	EndOfTrEndOfTrEndOfTrD431	0.000000	0.000000	0.000000	2	1	1.658608
21	18	1.000000	EndOfTrEndOfTrD431	0.000000	0.000000	0.000000	4	0	0.000000
22	18	0.333333	EndOfTrD431	0.000000	0.000000	0.000000	1	2	1.658608
0	-1	0.430982	D431	0.000000	1.000000	0.035382	47	53	60.049559
1	0	0.612221	D361	0.000000	0.790344	0.074035	47	38	50.760465
2	0	0.000000	EndOfTrD278	0.000000	0.000000	0.000000	0	15	0.000000
3	1	0.845048	D278	0.000000	1.000000	0.033919	46	26	40.903545
4	1	0.076923	EndOfTrD283	0.000000	0.000000	0.000000	1	12	3.062177
5	3	0.703160	D283	0.000000	1.000000	0.028094	46	19	34.112379
6	3	0.000000	EndOfTrD510	0.000000	0.000000	0.000000	0	7	0.000000
7	5	0.167462	D510	0.000000	1.000000	0.022117	25	19	26.134198
8	5	1.000000	EndOfTrD465	0.000000	0.000000	0.000000	21	0	0.000000
9	7	0.441281	D465	0.000000	1.000000	0.034959	16	2	5.453851
10	7	0.093958	D775	0.000000	1.000000	0.022210	9	17	14.566986
11	9	0.333333	EndOfTrEndOfTrEndOfTrD575	0.000000	0.000000	0.000000	1	2	1.658608
12	9	1.000000	EndOfTrEndOfTrD575	0.000000	0.000000	0.000000	15	0	0.000000
13	10	0.000000	EndOfTrD575	0.000000	0.000000	0.000000	0	10	0.000000
14	10	0.538442	D575	0.000000	0.954774	0.020657	9	7	9.524102
15	14	0.000000	EndOfTrEndOfTree	0.000000	0.000000	0.000000	0	5	0.000000
16	14	0.818182	EndOfTree	0.000000	0.000000	0.000000	9	2	4.530154
Finished fold 2: ncu = 100.

Model data set: active = 46, inactive = 54.
Finished the first tree, MIS = 3.
Finished all trees: NT = 2, MIS = 3.
Mnode	19	19
Node	Parent	Breakvalue	Variable	Range_low	Range_high	Variance	Num_active	Num_inactive	Deviance
0	-1	0.441181	D432	0.000000	0.989184	0.031007	46	54	59.927753
1	0	0.516787	D458	0.000000	1.000000	0.060661	46	38	50.241646
2	0	0.000000	EndOfTrD276	0.000000	0.000000	0.000000	0	16	0.000000
3	1	0.582596	D276	0.000000	1.000000	0.034996	13	29	22.571329
4	1	0.475191	D463	0.169847	1.000000	0.054533	33	9	18.954655
5	3	0.000000	EndOfTrD282	0.000000	0.000000	0.000000	0	14	0.000000
6	3	0.253683	D282	0.017378	1.000000	0.033452	13	15	16.795585
7	4	0.000000	EndOfTrD418	0.000000	0.000000	0.000000	0	4	0.000000
8	4	0.270209	D418	0.000000	0.945203	0.026913	33	5	12.851933
9	6	0.000000	EndOfTrD496	0.000000	0.000000	0.000000	0	8	0.000000
10	6	0.505875	D496	0.000000	1.000000	0.046899	13	7	11.247300
11	8	1.000000	EndOfTrD157	0.000000	0.000000	0.000000	19	0	0.000000
12	8	0.192791	D157	0.000000	0.856664	0.024780	14	5	9.511352
13	10	0.840464	D594	0.000000	1.000000	0.043967	4	7	6.262787
14	10	1.000000	EndOfTrEndOfTrEndOfTrEndOfTrEndOfTrD419	0.000000	0.000000	0.000000	9	0	0.000000
15	12	0.000000	EndOfTrEndOfTrEndOfTrEndOfTrD419	0.000000	0.000000	0.000000	0	3	0.000000
16	12	0.875000	EndOfTrEndOfTrEndOfTrD419	0.000000	0.000000	0.000000	14	2	5.236134
17	13	0.000000	EndOfTrEndOfTrD419	0.000000	0.000000	0.000000	0	6	0.000000
18	13	0.800000	EndOfTrD419	0.000000	0.000000	0.000000	4	1	2.173220
0	-1	0.451686	D419	0.000000	0.929430	0.035291	46	54	59.927753
1	0	0.083333	D739	0.000000	1.000000	0.058316	46	39	50.924458
2	0	0.000000	EndOfTrEndOfTrD454	0.000000	0.000000	0.000000	0	15	0.000000
3	1	0.083333	EndOfTrD454	0.000000	0.000000	0.000000	1	11	2.989711
4	1	0.632353	D454	0.000000	1.000000	0.019926	45	28	42.215162
5	4	0.558543	D575	0.000000	1.000000	0.015705	23	27	29.963877
6	4	0.956522	EndOfTrD210	0.000000	0.000000	0.000000	22	1	3.572883
7	5	0.268519	D210	0.000000	1.000000	0.055503	6	21	12.422618
8	5	0.174632	D246	0.003676	1.000000	0.023606	17	6	11.466402
9	7	1.000000	EndOfTrD253	0.000000	0.000000	0.000000	3	0	0.000000
10	7	0.336268	D253	0.000000	1.000000	0.032369	3	21	7.854202
11	8	0.229996	D492	0.000000	0.446463	0.034492	17	2	5.553254
12	8	0.000000	EndOfTrEndOfTrD457	0.000000	0.000000	0.000000	0	4	0.000000
13	10	0.000000	EndOfTrD457	0.000000	0.000000	0.000000	0	18	0.000000
14	10	0.304438	D457	0.000000	1.000000	0.046430	3	3	3.612360
15	11	1.000000	EndOfTrEndOfTrEndOfTrEndOfTree	0.000000	0.000000	0.000000	16	0	0.000000
16	11	0.333333	EndOfTrEndOfTrEndOfTree	0.000000	0.000000	0.000000	1	2	1.658608
17	14	0.000000	EndOfTrEndOfTree	0.000000	0.000000	0.000000	0	3	0.000000
18	14	1.000000	EndOfTree	0.000000	0.000000	0.000000	3	0	0.000000
Finished fold 3: ncu = 100.

Model data set: active = 46, inactive = 54.
Finished the first tree, MIS = 3.
Current MIS = 4.
Finished all trees: NT = 10, MIS = 4.
Mnode	21	17	17	19	21	19	19	19	19	21
Node	Parent	Breakvalue	Variable	Range_low	Range_high	Variance	Num_active	Num_inactive	Deviance
0	-1	0.403846	D024	0.038462	0.923077	0.036340	46	54	59.927753
1	0	0.253683	D282	0.000000	0.920287	0.034559	46	33	46.629440
2	0	0.000000	EndOfTrEndOfTrD572	0.000000	0.000000	0.000000	0	21	0.000000
3	1	0.000000	EndOfTrD572	0.000000	0.000000	0.000000	0	9	0.000000
4	1	0.065659	D572	0.020813	1.000000	0.011452	46	24	39.089865
5	4	1.000000	EndOfTrD249	0.000000	0.000000	0.000000	15	0	0.000000
6	4	0.465116	D249	0.000000	1.000000	0.048993	31	24	32.725331
7	6	0.000000	EndOfTrD775	0.000000	0.000000	0.000000	0	7	0.000000
8	6	0.032930	D775	0.007212	1.000000	0.029541	31	17	27.099470
9	8	0.000000	EndOfTrD467	0.000000	0.000000	0.000000	0	5	0.000000
10	8	0.315891	D467	0.080103	1.000000	0.048471	31	12	22.113512
11	10	0.166667	EndOfTrD491	0.000000	0.000000	0.000000	1	5	2.348115
12	10	0.365294	D491	0.000000	1.000000	0.033657	30	7	15.588280
13	12	0.332322	D552	0.000000	1.000000	0.069477	2	4	3.317215
14	12	0.552000	D248	0.000000	0.968000	0.047593	28	3	8.560848
15	13	0.666667	EndOfTrEndOfTrD262	0.000000	0.000000	0.000000	2	1	1.658608
16	13	0.000000	EndOfTrD262	0.000000	0.000000	0.000000	0	3	0.000000
17	14	0.539597	D262	0.000000	1.000000	0.036799	5	3	4.597012
18	14	1.000000	EndOfTrEndOfTrEndOfTrD443	0.000000	0.000000	0.000000	23	0	0.000000
19	17	1.000000	EndOfTrEndOfTrD443	0.000000	0.000000	0.000000	4	0	0.000000
20	17	0.250000	EndOfTrD443	0.000000	0.000000	0.000000	1	3	1.953752
0	-1	0.501987	D443	0.004683	0.989621	0.046431	46	54	59.927753
1	0	0.748988	D281	0.176113	1.000000	0.035863	46	35	48.116089
2	0	0.000000	EndOfTrD286	0.000000	0.000000	0.000000	0	19	0.000000
3	1	0.230958	D286	0.039312	0.995086	0.053256	45	24	38.721909
4	1	0.083333	EndOfTrEndOfTrD229	0.000000	0.000000	0.000000	1	11	2.989711
5	3	0.000000	EndOfTrD229	0.000000	0.000000	0.000000	0	6	0.000000
6	3	0.179177	D229	0.000109	1.000000	0.033039	45	18	32.737973
7	6	1.000000	EndOfTrD427	0.000000	0.000000	0.000000	14	0	0.000000
8	6	0.159043	D427	0.000000	0.968912	0.038096	31	18	27.984981
9	8	0.111111	EndOfTrD486	0.000000	0.000000	0.000000	1	8	2.726925
10	8	0.054889	D486	0.000000	1.000000	0.026087	30	10	19.537524
11	10	0.000000	EndOfTrD236	0.000000	0.000000	0.000000	0	5	0.000000
12	10	0.169498	D236	0.000000	1.000000	0.035883	30	5	12.467788
13	12	1.000000	EndOfTrD250	0.000000	0.000000	0.000000	17	0	0.000000
14	12	0.590909	D250	0.000000	1.000000	0.044333	13	5	9.237583
15	14	0.866667	EndOfTrEndOfTrD440	0.000000	0.000000	0.000000	13	2	5.116091
16	14	0.000000	EndOfTrD440	0.000000	0.000000	0.000000	0	3	0.000000
0	-1	0.459866	D440	0.028187	1.000000	0.032728	46	54	59.927753
1	0	0.820542	D283	0.180587	1.000000	0.036272	46	35	48.116089
2	0	0.000000	EndOfTrD348	0.000000	0.000000	0.000000	0	19	0.000000
3	1	0.097656	D348	0.007812	1.000000	0.047039	46	28	42.631724
4	1	0.000000	EndOfTrEndOfTrD274	0.000000	0.000000	0.000000	0	7	0.000000
5	3	1.000000	EndOfTrD274	0.000000	0.000000	0.000000	13	0	0.000000
6	3	0.559322	D274	0.117288	1.000000	0.033696	33	28	36.547470
7	6	0.000000	EndOfTrD361	0.000000	0.000000	0.000000	0	11	0.000000
8	6	0.612810	D361	0.004100	1.000000	0.046436	33	17	27.839817
9	8	0.897095	D451	0.000000	0.964315	0.040991	32	11	21.238049
10	8	0.142857	EndOfTrD506	0.000000	0.000000	0.000000	1	6	2.493558
11	9	0.535373	D506	0.144862	1.000000	0.053341	32	7	15.942068
12	9	0.000000	EndOfTrEndOfTrD496	0.000000	0.000000	0.000000	0	4	0.000000
13	11	1.000000	EndOfTrD496	0.000000	0.000000	0.000000	21	0	0.000000
14	11	0.475849	D496	0.000000	1.000000	0.042170	11	7	10.447799
15	14	0.250000	EndOfTrEndOfTrD151	0.000000	0.000000	0.000000	2	6	3.907505
16	14	0.900000	EndOfTrD151	0.000000	0.000000	0.000000	9	1	2.823635
0	-1	0.413974	D151	0.020255	0.992892	0.033325	46	54	59.927753
1	0	0.789665	D450	0.000000	0.931097	0.052331	46	36	48.837971
2	0	0.000000	EndOfTrD123	0.000000	0.000000	0.000000	0	18	0.000000
3	1	0.339698	D123	0.000000	1.000000	0.032677	46	28	42.631724
4	1	0.000000	EndOfTrD324	0.000000	0.000000	0.000000	0	8	0.000000
5	3	0.085637	D324	0.000000	1.000000	0.026299	33	7	16.111507
6	3	0.230932	D509	0.000000	1.000000	0.021496	13	21	19.644829
7	5	0.133475	D144	0.025424	1.000000	0.044116	11	7	10.447799
8	5	1.000000	EndOfTrEndOfTrD483	0.000000	0.000000	0.000000	22	0	0.000000
9	6	0.000000	EndOfTrD483	0.000000	0.000000	0.000000	0	12	0.000000
10	6	0.093030	D483	0.014767	1.000000	0.041985	13	9	12.927706
11	7	1.000000	EndOfTrD261	0.000000	0.000000	0.000000	7	0	0.000000
12	7	0.896717	D261	0.233787	0.990392	0.033063	4	7	6.262787
13	10	0.000000	EndOfTrD507	0.000000	0.000000	0.000000	0	7	0.000000
14	10	0.538218	D507	0.090068	1.000000	0.029260	13	2	5.116091
15	12	0.000000	EndOfTrEndOfTrEndOfTrEndOfTrD136	0.000000	0.000000	0.000000	0	4	0.000000
16	12	0.571429	EndOfTrEndOfTrEndOfTrD136	0.000000	0.000000	0.000000	4	3	4.152165
17	14	1.000000	EndOfTrEndOfTrD136	0.000000	0.000000	0.000000	12	0	0.000000
18	14	0.333333	EndOfTrD136	0.000000	0.000000	0.000000	1	2	1.658608
0	-1	0.396015	D136	0.000000	1.000000	0.030697	46	54	59.927753
1	0	0.223382	D487	0.000000	1.000000	0.039293	46	37	49.546315
2	0	0.000000	EndOfTrD588	0.000000	0.000000	0.000000	0	17	0.000000
3	1	0.405149	D588	0.011743	1.000000	0.011318	18	3	7.480673
4	1	0.102249	D553	0.000000	1.000000	0.072963	28	34	37.075153
5	3	1.000000	EndOfTrD455	0.000000	0.000000	0.000000	14	0	0.000000
6	3	0.646799	D455	0.000000	1.000000	0.051175	4	3	4.152165
7	4	0.791391	D464	0.000000	1.000000	0.035649	2	14	5.236134
8	4	0.268519	D210	0.037037	1.000000	0.057420	26	20	27.353907
9	6	1.000000	EndOfTrEndOfTrEndOfTrEndOfTrEndOfTrD259	0.000000	0.000000	0.000000	3	0	0.000000
10	6	0.250000	EndOfTrEndOfTrEndOfTrEndOfTrD259	0.000000	0.000000	0.000000	1	3	1.953752
11	7	0.000000	EndOfTrEndOfTrEndOfTrD259	0.000000	0.000000	0.000000	0	13	0.000000
12	7	0.666667	EndOfTrEndOfTrD259	0.000000	0.000000	0.000000	2	1	1.658608
13	8	1.000000	EndOfTrD259	0.000000	0.000000	0.000000	12	0	0.000000
14	8	0.499672	D259	0.000000	1.000000	0.037828	14	20	20.007782
15	14	0.116181	D484	0.011003	1.000000	0.047233	14	10	14.158555
16	14	0.000000	EndOfTrD487	0.000000	0.000000	0.000000	0	10	0.000000
17	15	0.258873	D487	0.000000	1.000000	0.039293	13	3	6.706585
18	15	0.125000	EndOfTrEndOfTrEndOfTrD415	0.000000	0.000000	0.000000	1	7	2.618067
19	17	0.000000	EndOfTrEndOfTrD415	0.000000	0.000000	0.000000	0	3	0.000000
20	17	1.000000	EndOfTrD415	0.000000	0.000000	0.000000	13	0	0.000000
0	-1	0.368404	D415	0.000000	1.000000	0.028437	46	54	59.927753
1	0	0.720553	D478	0.000000	1.000000	0.031937	46	37	49.546315
2	0	0.000000	EndOfTrD524	0.000000	0.000000	0.000000	0	17	0.000000
3	1	0.158163	D524	0.000000	1.000000	0.050490	46	30	44.282670
4	1	0.000000	EndOfTrEndOfTrD278	0.000000	0.000000	0.000000	0	7	0.000000
5	3	1.000000	EndOfTrD278	0.000000	0.000000	0.000000	10	0	0.000000
6	3	0.456869	D278	0.162939	0.968051	0.043543	36	30	39.498744
7	6	0.000000	EndOfTrD345	0.000000	0.000000	0.000000	0	9	0.000000
8	6	0.442568	D345	0.000000	1.000000	0.037881	36	21	32.582743
9	8	0.676620	D279	0.091910	1.000000	0.035453	25	21	27.543510
10	8	1.000000	EndOfTrD590	0.000000	0.000000	0.000000	11	0	0.000000
11	9	0.622418	D590	0.000000	1.000000	0.043921	20	6	12.199599
12	9	0.126797	D485	0.000000	1.000000	0.021818	5	15	9.768762
13	11	1.000000	EndOfTrD216	0.000000	0.000000	0.000000	15	0	0.000000
14	11	0.144245	D216	0.011153	1.000000	0.034170	5	6	6.583124
15	12	0.117647	EndOfTrEndOfTrEndOfTrEndOfTrD416	0.000000	0.000000	0.000000	2	15	5.348406
16	12	1.000000	EndOfTrEndOfTrEndOfTrD416	0.000000	0.000000	0.000000	3	0	0.000000
17	14	0.000000	EndOfTrEndOfTrD416	0.000000	0.000000	0.000000	0	6	0.000000
18	14	1.000000	EndOfTrD416	0.000000	0.000000	0.000000	5	0	0.000000
0	-1	0.390338	D416	0.000000	1.000000	0.030883	46	54	59.927753
1	0	0.516787	D458	0.080336	0.998801	0.069765	46	37	49.546315
2	0	0.000000	EndOfTrD523	0.000000	0.000000	0.000000	0	17	0.000000
3	1	0.457447	D523	0.000000	1.000000	0.041997	15	25	22.985061
4	1	0.605916	D463	0.000000	1.000000	0.043415	31	12	22.113512
5	3	0.062500	EndOfTrD453	0.000000	0.000000	0.000000	1	15	3.249102
6	3	0.498648	D453	0.000000	1.000000	0.023102	14	10	14.158555
7	4	0.000000	EndOfTrD208	0.000000	0.000000	0.000000	0	6	0.000000
8	4	0.061728	D208	0.037037	1.000000	0.055438	31	6	14.244688
9	6	0.909091	EndOfTrD465	0.000000	0.000000	0.000000	10	1	2.910639
10	6	0.465599	D465	0.110320	1.000000	0.040249	4	9	6.969682
11	8	0.000000	EndOfTrD554	0.000000	0.000000	0.000000	0	3	0.000000
12	8	0.274977	D554	0.000000	1.000000	0.046051	31	3	8.813414
13	10	1.000000	EndOfTrEndOfTrEndOfTrD457	0.000000	0.000000	0.000000	3	0	0.000000
14	10	0.100000	EndOfTrEndOfTrD457	0.000000	0.000000	0.000000	1	9	2.823635
15	12	1.000000	EndOfTrD457	0.000000	0.000000	0.000000	26	0	0.000000
16	12	0.361713	D457	0.000000	1.000000	0.048497	5	3	4.597012
17	16	1.000000	EndOfTrEndOfTrD246	0.000000	0.000000	0.000000	4	0	0.000000
18	16	0.250000	EndOfTrD246	0.000000	0.000000	0.000000	1	3	1.953752
0	-1	0.187500	D246	0.000000	0.922794	0.033564	46	54	59.927753
1	0	0.844828	D521	0.000000	1.000000	0.045195	45	33	46.155712
2	0	0.045455	EndOfTrD471	0.000000	0.000000	0.000000	1	21	3.533388
3	1	0.848633	D471	0.000000	0.967773	0.039812	45	26	40.510945
4	1	0.000000	EndOfTrD474	0.000000	0.000000	0.000000	0	7	0.000000
5	3	0.899390	D474	0.000000	1.000000	0.026044	23	23	27.694760
6	3	0.138158	D206	0.000000	0.973684	0.049771	22	3	7.967675
7	5	0.582596	D276	0.123894	0.961652	0.044702	16	23	22.931719
8	5	1.000000	EndOfTrEndOfTrEndOfTrEndOfTrD565	0.000000	0.000000	0.000000	7	0	0.000000
9	6	0.250000	EndOfTrEndOfTrEndOfTrD565	0.000000	0.000000	0.000000	1	3	1.953752
10	6	1.000000	EndOfTrEndOfTrD565	0.000000	0.000000	0.000000	21	0	0.000000
11	7	0.000000	EndOfTrD565	0.000000	0.000000	0.000000	0	8	0.000000
12	7	0.094162	D565	0.000000	1.000000	0.047907	16	15	18.649848
13	12	0.124247	D436	0.000000	0.963461	0.037209	8	15	12.907303
14	12	1.000000	EndOfTrEndOfTrD212	0.000000	0.000000	0.000000	8	0	0.000000
15	13	0.000000	EndOfTrD212	0.000000	0.000000	0.000000	0	9	0.000000
16	13	0.242678	D212	0.004056	1.000000	0.031621	8	6	8.304330
17	16	1.000000	EndOfTrEndOfTrD243	0.000000	0.000000	0.000000	7	0	0.000000
18	16	0.142857	EndOfTrD243	0.000000	0.000000	0.000000	1	6	2.493558
0	-1	0.192400	D243	0.000000	1.000000	0.036015	46	54	59.927753
1	0	0.175165	D166	0.000000	1.000000	0.026343	44	31	44.170929
2	0	0.757550	D499	0.000000	1.000000	0.039106	2	23	6.053400
3	1	0.655141	D586	0.000000	1.000000	0.016708	9	17	14.566986
4	1	0.125240	D518	0.000000	1.000000	0.019493	35	14	25.462868
5	2	0.000000	EndOfTrEndOfTrD177	0.000000	0.000000	0.000000	0	22	0.000000
6	2	0.666667	EndOfTrD177	0.000000	0.000000	0.000000	2	1	1.658608
7	3	0.069899	D177	0.000000	1.000000	0.037585	9	8	10.209458
8	3	0.000000	EndOfTrEndOfTrD433	0.000000	0.000000	0.000000	0	9	0.000000
9	4	1.000000	EndOfTrD433	0.000000	0.000000	0.000000	20	0	0.000000
10	4	0.154772	D433	0.020847	1.000000	0.033387	15	14	17.444761
11	7	0.250000	D754	0.000000	1.000000	0.096566	2	8	4.346440
12	7	1.000000	EndOfTrEndOfTrD462	0.000000	0.000000	0.000000	7	0	0.000000
13	10	0.000000	EndOfTrD462	0.000000	0.000000	0.000000	0	10	0.000000
14	10	0.272945	D462	0.000000	1.000000	0.025219	15	4	8.493419
15	11	0.666667	EndOfTrEndOfTrEndOfTrEndOfTrD432	0.000000	0.000000	0.000000	2	1	1.658608
16	11	0.000000	EndOfTrEndOfTrEndOfTrD432	0.000000	0.000000	0.000000	0	7	0.000000
17	14	0.933333	EndOfTrEndOfTrD432	0.000000	0.000000	0.000000	14	1	3.191153
18	14	0.250000	EndOfTrD432	0.000000	0.000000	0.000000	1	3	1.953752
0	-1	0.420337	D432	0.000775	1.000000	0.032977	46	54	59.927753
1	0	0.130849	D152	0.020797	1.000000	0.034287	46	38	50.241646
2	0	0.000000	EndOfTrEndOfTrD527	0.000000	0.000000	0.000000	0	16	0.000000
3	1	1.000000	EndOfTrD527	0.000000	0.000000	0.000000	10	0	0.000000
4	1	0.484375	D527	0.000000	1.000000	0.035485	36	38	44.528961
5	4	0.191513	D517	0.000000	1.000000	0.022406	35	29	38.287190
6	4	0.100000	EndOfTrD589	0.000000	0.000000	0.000000	1	9	2.823635
7	5	0.917304	D589	0.007648	1.000000	0.078927	24	28	31.173358
8	5	0.916667	EndOfTrD297	0.000000	0.000000	0.000000	11	1	2.989711
9	7	0.779907	D297	0.000000	1.000000	0.069661	24	21	27.005776
10	7	0.000000	EndOfTrD277	0.000000	0.000000	0.000000	0	7	0.000000
11	9	0.180239	D277	0.025335	0.904090	0.043516	24	15	22.570162
12	9	0.000000	EndOfTrEndOfTrD579	0.000000	0.000000	0.000000	0	6	0.000000
13	11	0.000000	EndOfTrD579	0.000000	0.000000	0.000000	0	5	0.000000
14	11	0.673029	D579	0.167415	1.000000	0.050562	24	10	17.890427
15	14	1.000000	EndOfTrD418	0.000000	0.000000	0.000000	16	0	0.000000
16	14	0.253690	D418	0.021887	1.000000	0.033061	8	10	10.740370
17	16	0.000000	EndOfTrD675	0.000000	0.000000	0.000000	0	6	0.000000
18	16	0.100000	D675	0.000000	1.000000	0.058586	8	4	6.634430
19	18	0.000000	EndOfTrEndOfTree	0.000000	0.000000	0.000000	0	4	0.000000
20	18	1.000000	EndOfTree	0.000000	0.000000	0.000000	8	0	0.000000
Finished fold 4: ncu = 100.

Model data set: active = 44, inactive = 56.
Finished the first tree, MIS = 3.
Current MIS = 4.
Finished all trees: NT = 2, MIS = 4.
Mnode	17	19
Node	Parent	Breakvalue	Variable	Range_low	Range_high	Variance	Num_active	Num_inactive	Deviance
0	-1	0.441181	D432	0.000000	1.000000	0.039091	44	56	59.579105
1	0	0.260672	D282	0.000000	1.000000	0.031988	44	36	47.816782
2	0	0.000000	EndOfTrEndOfTrD572	0.000000	0.000000	0.000000	0	20	0.000000
3	1	0.000000	EndOfTrD572	0.000000	0.000000	0.000000	0	9	0.000000
4	1	0.065659	D572	0.000000	1.000000	0.010516	44	27	40.961207
5	4	1.000000	EndOfTrD173	0.000000	0.000000	0.000000	13	0	0.000000
6	4	0.219027	D173	0.002130	1.000000	0.025440	31	27	34.799579
7	6	0.874700	D261	0.000000	1.000000	0.025600	31	19	28.839939
8	6	0.000000	EndOfTrD192	0.000000	0.000000	0.000000	0	8	0.000000
9	7	0.688462	D192	0.000000	1.000000	0.031000	12	17	17.083471
10	7	0.904762	EndOfTrD164	0.000000	0.000000	0.000000	19	2	5.736454
11	9	0.000039	D164	0.000000	1.000000	0.010996	8	17	13.612297
12	9	1.000000	EndOfTrEndOfTrD490	0.000000	0.000000	0.000000	4	0	0.000000
13	11	0.000000	EndOfTrD490	0.000000	0.000000	0.000000	0	12	0.000000
14	11	0.340980	D490	0.000000	0.799791	0.039818	8	5	7.523387
15	14	0.800000	EndOfTrEndOfTrD213	0.000000	0.000000	0.000000	8	2	4.346440
16	14	0.000000	EndOfTrD213	0.000000	0.000000	0.000000	0	3	0.000000
0	-1	0.413453	D213	0.000000	1.000000	0.029337	44	56	59.579105
1	0	0.110465	D467	0.000000	1.000000	0.044764	44	37	48.503810
2	0	0.000000	EndOfTrEndOfTrD361	0.000000	0.000000	0.000000	0	19	0.000000
3	1	0.000000	EndOfTrD361	0.000000	0.000000	0.000000	0	7	0.000000
4	1	0.612810	D361	0.000000	1.000000	0.046701	44	30	43.395184
5	4	0.056231	D177	0.000000	1.000000	0.039839	43	22	36.133851
6	4	0.111111	EndOfTrEndOfTrD454	0.000000	0.000000	0.000000	1	8	2.726925
7	5	0.000000	EndOfTrD454	0.000000	0.000000	0.000000	0	5	0.000000
8	5	0.628870	D454	0.000000	1.000000	0.022789	43	17	31.064600
9	8	0.717846	D452	0.212755	1.000000	0.026723	20	16	21.480741
10	8	0.958333	EndOfTrEndOfTrD461	0.000000	0.000000	0.000000	23	1	3.610659
11	9	0.923077	EndOfTrD461	0.000000	0.000000	0.000000	12	1	3.062177
12	9	0.125911	D461	0.000000	1.000000	0.011445	8	15	12.907303
13	12	0.094410	D196	0.000000	1.000000	0.023555	8	5	7.523387
14	12	0.000000	EndOfTrEndOfTrD452	0.000000	0.000000	0.000000	0	10	0.000000
15	13	0.000000	EndOfTrD452	0.000000	0.000000	0.000000	0	3	0.000000
16	13	0.742497	D452	0.212755	1.000000	0.026723	8	2	4.346440
17	16	0.333333	EndOfTrEndOfTree	0.000000	0.000000	0.000000	1	2	1.658608
18	16	1.000000	EndOfTree	0.000000	0.000000	0.000000	7	0	0.000000
Finished fold 5: ncu = 100.

ID	chemid	Y	Prob1	F.Prob	Tree1	Forest	Conf1	F.Conf
1	1	1	1.000000	1.000000	1	1	1.000000	1.000000
2	2	1	0.875000	0.915761	1	1	0.750000	0.831522
3	3	1	0.904762	0.931548	1	1	0.809524	0.863095
4	4	1	0.904762	0.452381	1	0	0.809524	0.095238
5	5	1	1.000000	0.903333	1	1	1.000000	0.806667
6	6	1	1.000000	1.000000	1	1	1.000000	1.000000
7	7	1	0.875000	0.937500	1	1	0.750000	0.875000
8	8	0	1.000000	0.750000	1	1	1.000000	0.500000
9	9	0	0.000000	0.041667	0	0	1.000000	0.916667
10	10	1	0.000000	0.303333	0	0	1.000000	0.393333
11	11	1	0.000000	0.004545	0	0	1.000000	0.990909
12	12	0	0.000000	0.004545	0	0	1.000000	0.990909
13	13	0	0.000000	0.004545	0	0	1.000000	0.990909
14	14	0	0.000000	0.000000	0	0	1.000000	1.000000
15	15	0	0.000000	0.000000	0	0	1.000000	1.000000
16	16	0	0.000000	0.041667	0	0	1.000000	0.916667
17	17	0	0.000000	0.333333	0	0	1.000000	0.333333
18	18	0	0.000000	0.066667	0	0	1.000000	0.866667
19	19	0	0.000000	0.160000	0	0	1.000000	0.680000
20	20	0	0.000000	0.000000	0	0	1.000000	1.000000
21	21	0	0.000000	0.293333	0	0	1.000000	0.413333
22	22	0	1.000000	0.979167	1	1	1.000000	0.958333
23	23	1	0.800000	0.900000	1	1	0.600000	0.800000
24	24	1	1.000000	0.807576	1	1	1.000000	0.615152
25	25	1	0.000000	0.664773	0	1	1.000000	0.329545
26	26	1	0.800000	0.861538	1	1	0.600000	0.723077
27	27	1	1.000000	0.977273	1	1	1.000000	0.954545
28	28	1	0.200000	0.339394	0	0	0.600000	0.321212
29	29	1	0.000000	0.461538	0	0	1.000000	0.076923
30	30	1	0.000000	0.461538	0	0	1.000000	0.076923
31	31	0	0.000000	0.000000	0	0	1.000000	1.000000
32	32	0	0.166667	0.134028	0	0	0.666667	0.731944
33	33	0	0.000000	0.461538	0	0	1.000000	0.076923
34	34	0	0.000000	0.000000	0	0	1.000000	1.000000
35	35	0	1.000000	0.527273	1	1	1.000000	0.054545
36	36	0	0.120000	0.312727	0	0	0.760000	0.374545
37	37	1	1.000000	0.525000	1	1	1.000000	0.050000
38	38	1	0.000000	0.727273	0	1	1.000000	0.454545
39	39	1	1.000000	0.979167	1	1	1.000000	0.958333
40	40	1	1.000000	0.900000	1	1	1.000000	0.800000
41	41	1	1.000000	0.978261	1	1	1.000000	0.956522
42	42	1	0.904762	0.913919	1	1	0.809524	0.827839
43	43	1	1.000000	1.000000	1	1	1.000000	1.000000
44	44	0	0.000000	0.666667	0	1	1.000000	0.333333
45	45	0	1.000000	1.000000	1	1	1.000000	1.000000
46	46	0	0.000000	0.000000	0	0	1.000000	1.000000
47	47	0	0.166667	0.265217	0	0	0.666667	0.469566
48	48	0	0.000000	0.055556	0	0	1.000000	0.888889
49	49	0	1.000000	0.500000	1	1	1.000000	0.000000
50	50	0	0.000000	0.000000	0	0	1.000000	1.000000
51	51	0	0.000000	0.034643	0	0	1.000000	0.930713
52	52	0	0.000000	0.055556	0	0	1.000000	0.888889
53	53	0	0.000000	0.250000	0	0	1.000000	0.500000
54	54	0	0.000000	0.000000	0	0	1.000000	1.000000
55	55	1	1.000000	0.500000	1	1	1.000000	0.000000
56	56	1	1.000000	0.541667	1	1	1.000000	0.083333
57	57	1	0.000000	0.500000	0	1	1.000000	0.000000
58	58	1	1.000000	1.000000	1	1	1.000000	1.000000
59	59	1	1.000000	0.979167	1	1	1.000000	0.958333
60	60	0	1.000000	0.978261	1	1	1.000000	0.956522
61	61	1	0.000000	0.250000	0	0	1.000000	0.500000
62	62	1	0.000000	0.000000	0	0	1.000000	1.000000
63	63	0	0.000000	0.000000	0	0	1.000000	1.000000
64	64	0	0.000000	0.000000	0	0	1.000000	1.000000
65	65	0	0.000000	0.000000	0	0	1.000000	1.000000
66	66	0	0.000000	0.123507	0	0	1.000000	0.752986
67	67	1	0.120000	0.151111	0	0	0.760000	0.697778
68	68	1	1.000000	0.541667	1	1	1.000000	0.083333
69	69	0	0.000000	0.010795	0	0	1.000000	0.978409
70	70	0	0.200000	0.177778	0	0	0.600000	0.644444
71	71	0	0.000000	0.000000	0	0	1.000000	1.000000
72	72	0	0.000000	0.041667	0	0	1.000000	0.916667
73	73	0	0.000000	0.365060	0	0	1.000000	0.269881
74	74	0	0.000000	0.000000	0	0	1.000000	1.000000
75	75	1	1.000000	0.979167	1	1	1.000000	0.958333
76	76	1	1.000000	1.000000	1	1	1.000000	1.000000
77	77	1	1.000000	0.978261	1	1	1.000000	0.956522
78	78	0	0.000000	0.265476	0	0	1.000000	0.469048
79	79	0	0.000000	0.000000	0	0	1.000000	1.000000
80	80	0	0.000000	0.000000	0	0	1.000000	1.000000
81	81	1	0.120000	0.040000	0	0	0.760000	0.920000
82	82	1	0.000000	0.478261	0	0	1.000000	0.043478
83	83	1	0.000000	0.000000	0	0	1.000000	1.000000
84	84	0	0.666667	0.701667	1	1	0.333333	0.403333
85	85	0	0.000000	0.437500	0	0	1.000000	0.125000
86	86	0	0.000000	0.250000	0	0	1.000000	0.500000
87	87	1	0.750000	0.625000	1	1	0.500000	0.250000
88	88	0	0.000000	0.000000	0	0	1.000000	1.000000
89	89	0	1.000000	1.000000	1	1	1.000000	1.000000
90	90	0	0.000000	0.000000	0	0	1.000000	1.000000
91	91	0	0.000000	0.000000	0	0	1.000000	1.000000
92	92	0	1.000000	1.000000	1	1	1.000000	1.000000
93	93	0	0.904762	0.452381	1	0	0.809524	0.095238
94	94	0	0.000000	0.000000	0	0	1.000000	1.000000
95	95	0	0.800000	0.879167	1	1	0.600000	0.758333
96	96	0	0.200000	0.450505	0	0	0.600000	0.098990
97	97	1	1.000000	0.939394	1	1	1.000000	0.878788
98	98	1	0.800000	0.900000	1	1	0.600000	0.800000
99	99	1	0.000000	0.214545	0	0	1.000000	0.570909
100	100	1	0.000000	0.416667	0	0	1.000000	0.166667
101	101	0	0.000000	0.500000	0	1	1.000000	0.000000
102	102	1	1.000000	0.303333	1	0	1.000000	0.393333
103	103	0	1.000000	0.333333	1	0	1.000000	0.333333
104	104	1	1.000000	0.939394	1	1	1.000000	0.878788
105	105	0	0.120000	0.151111	0	0	0.760000	0.697778
106	106	0	0.000000	0.000000	0	0	1.000000	1.000000
107	107	0	0.666667	0.750000	1	1	0.333333	0.500000
108	108	0	0.000000	0.000000	0	0	1.000000	1.000000
109	109	0	0.000000	0.000000	0	0	1.000000	1.000000
110	110	0	0.000000	0.000000	0	0	1.000000	1.000000
111	111	0	0.000000	0.000000	0	0	1.000000	1.000000
112	112	0	0.000000	0.256250	0	0	1.000000	0.487500
113	113	1	1.000000	0.939394	1	1	1.000000	0.878788
114	114	1	0.904762	0.952381	1	1	0.809524	0.904762
115	115	1	0.000000	0.272222	0	0	1.000000	0.455556
116	116	0	1.000000	1.000000	1	1	1.000000	1.000000
117	117	0	1.000000	0.972222	1	1	1.000000	0.944444
118	118	1	1.000000	1.000000	1	1	1.000000	1.000000
119	119	1	0.000000	0.485417	0	0	1.000000	0.029167
120	120	1	1.000000	0.979167	1	1	1.000000	0.958333
121	121	1	1.000000	1.000000	1	1	1.000000	1.000000
122	122	1	0.000000	0.722222	0	1	1.000000	0.444444
123	123	1	1.000000	1.000000	1	1	1.000000	1.000000
124	124	1	1.000000	0.500000	1	1	1.000000	0.000000
125	125	1	1.000000	0.978261	1	1	1.000000	0.956522
Total data set: active = 57, inactive = 68.
First tree: MIS, FP, FN, TP, TN	34	15	19	38	53
First tree: accuracy (concordance), prevalence	72.80%	45.60%
First tree: sensitivity, specificity	66.67%	77.94%
First tree: positive predictivity, negative predictivity	71.70%	73.61%
First tree: false positive rate, false negative rate	22.06%	33.33%
Forest: MIS, FP, FN, TP, TN	32	15	17	40	53
Forest: accuracy (concordance), prevalence	74.40%	45.60%
Forest: sensitivity, specificity	70.18%	77.94%
Forest: positive predictivity, negative predictivity	72.73%	75.71%
Forest: false positive rate, false negative rate	22.06%	29.82%
----------------------------------------------------------------------
Program finished normally.
